<?xml version='1.0' encoding='UTF-8' ?>
<testsuite name="com.nononsenseapps.notepad.test.uiautomator_faulty_tests.uiautomator_FaultyTests" tests="18" failures="0" errors="0" skipped="7" time="303.276" timestamp="2016-10-04T00:45:41" hostname="localhost">
  <properties>
    <property name="device" value="Nexus 5X - 6.0" />
    <property name="flavor" value="FREE" />
    <property name="project" value="app" />
  </properties>
  <testcase name="testSearchForElementWithFaultyID" classname="com.nononsenseapps.notepad.test.uiautomator_faulty_tests.uiautomator_FaultyTests" time="0.0">
    <skipped />
  </testcase>
  <testcase name="testAddNewNoteSearchForFaultyNoteName" classname="com.nononsenseapps.notepad.test.uiautomator_faulty_tests.uiautomator_FaultyTests" time="0.0">
    <skipped />
  </testcase>
  <testcase name="testSearchForElementWithIDShouldFailOnView" classname="com.nononsenseapps.notepad.test.uiautomator_faulty_tests.uiautomator_FaultyTests" time="0.0">
    <skipped />
  </testcase>
  <testcase name="testSearchForElementWithTextShouldFailOnView" classname="com.nononsenseapps.notepad.test.uiautomator_faulty_tests.uiautomator_FaultyTests" time="0.0">
    <skipped />
  </testcase>
  <testcase name="testSearchForElementWithAmbiguousIdentifier" classname="com.nononsenseapps.notepad.test.uiautomator_faulty_tests.uiautomator_FaultyTests" time="0.0">
    <skipped />
  </testcase>
  <testcase name="testAddBigNumberOfNotesScrollDownAndDeleteOne" classname="com.nononsenseapps.notepad.test.uiautomator_tests.uiautomator_TestAddBigNumberOfNotesScrollDownAndDeleteOne" time="0.0">
    <skipped />
  </testcase>
  <testcase name="testAddNewNoteShouldShowNameInNotesScreen" classname="com.nononsenseapps.notepad.test.uiautomator_tests.uiautomator_TestAddNewNoteShouldShowNameInNotesScreen" time="15.076" />
  <testcase name="testAddNewNoteWithDueDateCheckDateIsVisible" classname="com.nononsenseapps.notepad.test.uiautomator_tests.uiautomator_TestAddNewNoteWithDueDateCheckDateIsVisible" time="29.662" />
  <testcase name="testAddNewNoteWithReminderDateAndTime" classname="com.nononsenseapps.notepad.test.uiautomator_tests.uiautomator_TestAddNewNoteWithReminderDateAndTime" time="31.102" />
  <testcase name="testAddNoteToTaskList" classname="com.nononsenseapps.notepad.test.uiautomator_tests.uiautomator_TestAddNoteToTaskList" time="20.219" />
  <testcase name="testAddNotesAndRotateScreen" classname="com.nononsenseapps.notepad.test.uiautomator_tests.uiautomator_TestAddNotesAndRotateScreen" time="48.732" />
  <testcase name="testAddNotesOrderByDueDate" classname="com.nononsenseapps.notepad.test.uiautomator_tests.uiautomator_TestAddNotesOrderByDueDate" time="0.0">
    <skipped />
  </testcase>
  <testcase name="testAddTaskListAndRotateScreen" classname="com.nononsenseapps.notepad.test.uiautomator_tests.uiautomator_TestAddTaskListAndRotateScreen" time="6.921" />
  <testcase name="testAddTaskListCheckItIsAddedToDrawer" classname="com.nononsenseapps.notepad.test.uiautomator_tests.uiautomator_TestAddTaskListCheckItIsAddedToDrawer" time="7.21" />
  <testcase name="testAddTaskListsScrollNavigationDrawer" classname="com.nononsenseapps.notepad.test.uiautomator_tests.uiautomator_TestAddTaskListsScrollNavigationDrawer" time="62.974" />
  <testcase name="testCompletedTasksAreCleared" classname="com.nononsenseapps.notepad.test.uiautomator_tests.uiautomator_TestCompletedTasksAreCleared" time="55.095" />
  <testcase name="testCreateNoteAndDeleteIt" classname="com.nononsenseapps.notepad.test.uiautomator_tests.uiautomator_TestCreateNoteAndDeleteIt" time="17.651" />
  <testcase name="testCreateTaskListAndDeleteIt" classname="com.nononsenseapps.notepad.test.uiautomator_tests.uiautomator_TestCreateTaskListAndDeleteIt" time="8.014" />
</testsuite>