<?xml version="1.0" encoding="UTF-8"?>
<testsuite name="org.wikipedia.appium.ArticleTests" tests="4" skipped="0" failures="0" errors="0" timestamp="2016-10-06T17:03:18" hostname="TOL025031" time="144.922">
  <properties/>
  <testcase name="testClickLink_partialText_assertPreviewShown" classname="org.wikipedia.appium.ArticleTests" time="31.963"/>
  <testcase name="testOpeningAndClosingReferences" classname="org.wikipedia.appium.ArticleTests" time="42.675"/>
  <testcase name="testClickLink_fullText_assertPreviewShown" classname="org.wikipedia.appium.ArticleTests" time="32.487"/>
  <testcase name="testTableOfContents_checkSubTitles" classname="org.wikipedia.appium.ArticleTests" time="37.795"/>
  <system-out><![CDATA[]]></system-out>
  <system-err><![CDATA[]]></system-err>
</testsuite>
