<?xml version="1.0" encoding="UTF-8"?>
<testsuite name="com.amaze.filemanager.test.TestClasses.NavigationTests" tests="2" skipped="0" failures="0" errors="0" timestamp="2016-10-09T01:30:56" hostname="TOL025031" time="60.816">
  <properties/>
  <testcase name="testSwipingBetweenTwoFolders" classname="com.amaze.filemanager.test.TestClasses.NavigationTests" time="28.708"/>
  <testcase name="testGridView" classname="com.amaze.filemanager.test.TestClasses.NavigationTests" time="32.108"/>
  <system-out><![CDATA[]]></system-out>
  <system-err><![CDATA[]]></system-err>
</testsuite>
