<?xml version="1.0" encoding="UTF-8"?>
<testsuite name="org.wikipedia.appium.HistoryTests" tests="1" skipped="0" failures="0" errors="0" timestamp="2016-09-21T16:40:56" hostname="TOL025031" time="122.143">
  <properties/>
  <testcase name="testHistory" classname="org.wikipedia.appium.HistoryTests" time="122.143"/>
  <system-out><![CDATA[]]></system-out>
  <system-err><![CDATA[]]></system-err>
</testsuite>
