<?xml version="1.0" encoding="UTF-8"?>
<testsuite name="com.amaze.filemanager.test.TestClasses.FileAndFolderManipulationTests" tests="3" skipped="0" failures="0" errors="0" timestamp="2016-10-09T01:12:44" hostname="TOL025031" time="150.597">
  <properties/>
  <testcase name="testCopyFileToAnotherFolder" classname="com.amaze.filemanager.test.TestClasses.FileAndFolderManipulationTests" time="65.146"/>
  <testcase name="testCreateNewFileAndDeleteIt" classname="com.amaze.filemanager.test.TestClasses.FileAndFolderManipulationTests" time="42.682"/>
  <testcase name="testCreateNewFolderAndDeleteIt" classname="com.amaze.filemanager.test.TestClasses.FileAndFolderManipulationTests" time="42.768"/>
  <system-out><![CDATA[]]></system-out>
  <system-err><![CDATA[]]></system-err>
</testsuite>
