<?xml version="1.0" encoding="UTF-8"?>
<testsuite name="org.wikipedia.appium.ArticleSearchTests" tests="2" skipped="0" failures="0" errors="0" timestamp="2016-10-18T12:04:23" hostname="TOL025031" time="138.981">
  <properties/>
  <testcase name="testSearchArticle_checkRecentsShown" classname="org.wikipedia.appium.ArticleSearchTests" time="107.127"/>
  <testcase name="testSearchArticle_checkTitleShown" classname="org.wikipedia.appium.ArticleSearchTests" time="31.853"/>
  <system-out><![CDATA[]]></system-out>
  <system-err><![CDATA[]]></system-err>
</testsuite>
