<?xml version='1.0' encoding='UTF-8' ?>
<testsuite name="com.nononsenseapps.notepad.test.uiautomator_faulty_tests.uiautomator_FaultyTests" tests="18" failures="0" errors="0" skipped="7" time="173.052" timestamp="2016-09-02T05:49:16" hostname="localhost">
  <properties>
    <property name="device" value="Nexus 5X - 6.0" />
    <property name="flavor" value="FREE" />
    <property name="project" value="app" />
  </properties>
  <testcase name="testSearchForElementWithFaultyID" classname="com.nononsenseapps.notepad.test.uiautomator_faulty_tests.uiautomator_FaultyTests" time="0.001">
    <skipped />
  </testcase>
  <testcase name="testAddNewNoteSearchForFaultyNoteName" classname="com.nononsenseapps.notepad.test.uiautomator_faulty_tests.uiautomator_FaultyTests" time="0.0">
    <skipped />
  </testcase>
  <testcase name="testSearchForElementWithIDShouldFailOnView" classname="com.nononsenseapps.notepad.test.uiautomator_faulty_tests.uiautomator_FaultyTests" time="0.001">
    <skipped />
  </testcase>
  <testcase name="testSearchForElementWithTextShouldFailOnView" classname="com.nononsenseapps.notepad.test.uiautomator_faulty_tests.uiautomator_FaultyTests" time="0.0">
    <skipped />
  </testcase>
  <testcase name="testSearchForElementWithAmbiguousIdentifier" classname="com.nononsenseapps.notepad.test.uiautomator_faulty_tests.uiautomator_FaultyTests" time="0.0">
    <skipped />
  </testcase>
  <testcase name="testAddBigNumberOfNotesScrollDownAndDeleteOne" classname="com.nononsenseapps.notepad.test.uiautomator_tests.uiautomator_TestAddBigNumberOfNotesScrollDownAndDeleteOne" time="0.001">
    <skipped />
  </testcase>
  <testcase name="testAddNewNoteShouldShowNameInNotesScreen" classname="com.nononsenseapps.notepad.test.uiautomator_tests.uiautomator_TestAddNewNoteShouldShowNameInNotesScreen" time="7.012" />
  <testcase name="testAddNewNoteWithDueDateCheckDateIsVisible" classname="com.nononsenseapps.notepad.test.uiautomator_tests.uiautomator_TestAddNewNoteWithDueDateCheckDateIsVisible" time="9.984" />
  <testcase name="testAddNewNoteWithReminderDateAndTime" classname="com.nononsenseapps.notepad.test.uiautomator_tests.uiautomator_TestAddNewNoteWithReminderDateAndTime" time="11.728" />
  <testcase name="testAddNoteToTaskList" classname="com.nononsenseapps.notepad.test.uiautomator_tests.uiautomator_TestAddNoteToTaskList" time="11.248" />
  <testcase name="testAddNotesAndRotateScreen" classname="com.nononsenseapps.notepad.test.uiautomator_tests.uiautomator_TestAddNotesAndRotateScreen" time="16.281" />
  <testcase name="testAddNotesOrderByDueDate" classname="com.nononsenseapps.notepad.test.uiautomator_tests.uiautomator_TestAddNotesOrderByDueDate" time="0.0">
    <skipped />
  </testcase>
  <testcase name="testAddTaskListAndRotateScreen" classname="com.nononsenseapps.notepad.test.uiautomator_tests.uiautomator_TestAddTaskListAndRotateScreen" time="6.681" />
  <testcase name="testAddTaskListCheckItIsAddedToDrawer" classname="com.nononsenseapps.notepad.test.uiautomator_tests.uiautomator_TestAddTaskListCheckItIsAddedToDrawer" time="5.877" />
  <testcase name="testAddTaskListsScrollNavigationDrawer" classname="com.nononsenseapps.notepad.test.uiautomator_tests.uiautomator_TestAddTaskListsScrollNavigationDrawer" time="63.152" />
  <testcase name="testCompletedTasksAreCleared" classname="com.nononsenseapps.notepad.test.uiautomator_tests.uiautomator_TestCompletedTasksAreCleared" time="23.305" />
  <testcase name="testCreateNoteAndDeleteIt" classname="com.nononsenseapps.notepad.test.uiautomator_tests.uiautomator_TestCreateNoteAndDeleteIt" time="9.977" />
  <testcase name="testCreateTaskListAndDeleteIt" classname="com.nononsenseapps.notepad.test.uiautomator_tests.uiautomator_TestCreateTaskListAndDeleteIt" time="7.793" />
</testsuite>