<?xml version="1.0" encoding="UTF-8"?>
<testsuite name="org.wikipedia.appium.TabTests" tests="1" skipped="0" failures="0" errors="0" timestamp="2016-09-18T09:47:47" hostname="TOL025031" time="55.583">
  <properties/>
  <testcase name="testOpenArticleInNewTab" classname="org.wikipedia.appium.TabTests" time="55.583"/>
  <system-out><![CDATA[]]></system-out>
  <system-err><![CDATA[]]></system-err>
</testsuite>
