<?xml version="1.0" encoding="UTF-8"?>
<testsuite name="org.wikipedia.appium.ArticleSearchTests" tests="2" skipped="0" failures="0" errors="0" timestamp="2016-09-17T15:39:36" hostname="TOL025031" time="135.434">
  <properties/>
  <testcase name="testSearchArticle_checkRecentsShown" classname="org.wikipedia.appium.ArticleSearchTests" time="94.904"/>
  <testcase name="testSearchArticle_checkTitleShown" classname="org.wikipedia.appium.ArticleSearchTests" time="40.529"/>
  <system-out><![CDATA[]]></system-out>
  <system-err><![CDATA[]]></system-err>
</testsuite>
