<?xml version='1.0' encoding='UTF-8' ?>
<testsuite name="com.amaze.filemanager.test.TestClasses.BookMarkTests" tests="11" failures="0" errors="0" skipped="1" time="237.186" timestamp="2016-09-28T21:19:02" hostname="localhost">
  <properties>
    <property name="device" value="Nexus 5X - 6.0" />
    <property name="flavor" value="PLAY" />
    <property name="project" value="AmazeFileManager" />
  </properties>
  <testcase name="testBookmarking" classname="com.amaze.filemanager.test.TestClasses.BookMarkTests" time="16.194" />
  <testcase name="testDrawerOpenRotateScreen" classname="com.amaze.filemanager.test.TestClasses.DrawerRotationTests" time="7.222" />
  <testcase name="testEditBookmark" classname="com.amaze.filemanager.test.TestClasses.EditBookmarkTests" time="21.224" />
  <testcase name="testCopyFileToAnotherFolder" classname="com.amaze.filemanager.test.TestClasses.FileAndFolderManipulationTests" time="41.299" />
  <testcase name="testCreateNewFileAndDeleteIt" classname="com.amaze.filemanager.test.TestClasses.FileAndFolderManipulationTests" time="25.905" />
  <testcase name="testCreateNewFolderAndDeleteIt" classname="com.amaze.filemanager.test.TestClasses.FileAndFolderManipulationTests" time="26.078" />
  <testcase name="testRotateMainFragment" classname="com.amaze.filemanager.test.TestClasses.MainFragmentRotationTests" time="29.037" />
  <testcase name="testSwipingBetweenFolders" classname="com.amaze.filemanager.test.TestClasses.NavigationTests" time="21.628" />
  <testcase name="testGridView" classname="com.amaze.filemanager.test.TestClasses.NavigationTests" time="24.957" />
  <testcase name="testOpenFileCheckRecents" classname="com.amaze.filemanager.test.TestClasses.QuickAccessFileTests" time="0.0">
    <skipped />
  </testcase>
  <testcase name="testSetHome" classname="com.amaze.filemanager.test.TestClasses.SetHomeTest" time="23.325" />
</testsuite>