<?xml version="1.0" encoding="UTF-8"?>
<testsuite name="org.wikipedia.appium.ReadingListTests" tests="1" skipped="0" failures="0" errors="0" timestamp="2016-10-13T19:20:07" hostname="TOL025031" time="51.395">
  <properties/>
  <testcase name="testAddArticleToReadingList" classname="org.wikipedia.appium.ReadingListTests" time="51.395"/>
  <system-out><![CDATA[]]></system-out>
  <system-err><![CDATA[]]></system-err>
</testsuite>
