<?xml version="1.0" encoding="UTF-8"?>
<testsuite name="org.wikipedia.appium.TabTests" tests="1" skipped="0" failures="0" errors="0" timestamp="2016-09-20T07:35:19" hostname="TOL025031" time="51.574">
  <properties/>
  <testcase name="testOpenArticleInNewTab" classname="org.wikipedia.appium.TabTests" time="51.574"/>
  <system-out><![CDATA[]]></system-out>
  <system-err><![CDATA[]]></system-err>
</testsuite>
