<?xml version="1.0" encoding="UTF-8"?>
<testsuite name="org.wikipedia.appium.ArticleTests" tests="4" skipped="0" failures="0" errors="0" timestamp="2016-09-19T08:42:55" hostname="TOL025031" time="188.485">
  <properties/>
  <testcase name="testClickLink_partialText_assertPreviewShown" classname="org.wikipedia.appium.ArticleTests" time="41.053"/>
  <testcase name="testOpeningAndClosingReferences" classname="org.wikipedia.appium.ArticleTests" time="52.701"/>
  <testcase name="testClickLink_fullText_assertPreviewShown" classname="org.wikipedia.appium.ArticleTests" time="42.606"/>
  <testcase name="testTableOfContents_checkSubTitles" classname="org.wikipedia.appium.ArticleTests" time="52.125"/>
  <system-out><![CDATA[]]></system-out>
  <system-err><![CDATA[]]></system-err>
</testsuite>
