<?xml version="1.0" encoding="UTF-8"?>
<testsuite name="com.nononsenseapps.appium.NotesFaultyTests" tests="5" skipped="5" failures="0" errors="0" timestamp="2016-09-05T20:51:48" hostname="TOL025031" time="0.001">
  <properties/>
  <testcase name="testSearchForElementWithFaultyID" classname="com.nononsenseapps.appium.NotesFaultyTests" time="0.001">
    <skipped/>
  </testcase>
  <testcase name="testAddNewNoteSearchForFaultyNoteName" classname="com.nononsenseapps.appium.NotesFaultyTests" time="0.0">
    <skipped/>
  </testcase>
  <testcase name="testSearchForElementWithIDShouldFailOnView" classname="com.nononsenseapps.appium.NotesFaultyTests" time="0.0">
    <skipped/>
  </testcase>
  <testcase name="testSearchForElementWithTextShouldFailOnView" classname="com.nononsenseapps.appium.NotesFaultyTests" time="0.0">
    <skipped/>
  </testcase>
  <testcase name="testSearchForElementWithAmbiguousIdentifier" classname="com.nononsenseapps.appium.NotesFaultyTests" time="0.0">
    <skipped/>
  </testcase>
  <system-out><![CDATA[]]></system-out>
  <system-err><![CDATA[]]></system-err>
</testsuite>
