<?xml version="1.0" encoding="UTF-8"?>
<testsuite name="org.wikipedia.appium.LanguageTests" tests="2" skipped="0" failures="0" errors="0" timestamp="2016-10-21T15:02:41" hostname="TOL025031" time="137.898">
  <properties/>
  <testcase name="testChangeLanguageInSearch" classname="org.wikipedia.appium.LanguageTests" time="76.851"/>
  <testcase name="testChangeLanguageInArticle" classname="org.wikipedia.appium.LanguageTests" time="61.047"/>
  <system-out><![CDATA[]]></system-out>
  <system-err><![CDATA[]]></system-err>
</testsuite>
