<?xml version='1.0' encoding='UTF-8' ?>
<testsuite name="com.android.builder.testing.ConnectedDevice" tests="1" failures="1" errors="0" skipped="0" time="6.839" timestamp="2016-09-27T13:00:10" hostname="localhost">
  <properties>
    <property name="device" value="Nexus 5X - 6.0" />
    <property name="flavor" value="ALPHA" />
    <property name="project" value="app" />
  </properties>
  <testcase name="runTests" classname="com.android.builder.testing.ConnectedDevice" time="0.001">
    <failure>com.android.builder.testing.api.DeviceException: com.android.ddmlib.InstallException: device '013d23706c6b9dcd' not found
	at com.android.builder.testing.ConnectedDevice.installPackages(ConnectedDevice.java:129)
	at com.android.builder.internal.testing.SimpleTestCallable.call(SimpleTestCallable.java:131)
	at com.android.builder.internal.testing.SimpleTestCallable.call(SimpleTestCallable.java:48)
	at java.util.concurrent.FutureTask.run(FutureTask.java:266)
	at java.util.concurrent.Executors$RunnableAdapter.call(Executors.java:511)
	at java.util.concurrent.FutureTask.run(FutureTask.java:266)
	at java.util.concurrent.ThreadPoolExecutor.runWorker(ThreadPoolExecutor.java:1142)
	at java.util.concurrent.ThreadPoolExecutor$Worker.run(ThreadPoolExecutor.java:617)
	at java.lang.Thread.run(Thread.java:745)
Caused by: com.android.ddmlib.InstallException: device '013d23706c6b9dcd' not found
	at com.android.ddmlib.SplitApkInstaller.install(SplitApkInstaller.java:96)
	at com.android.ddmlib.Device.installPackages(Device.java:901)
	at com.android.builder.testing.ConnectedDevice.installPackages(ConnectedDevice.java:119)
	... 8 more
Caused by: com.android.ddmlib.AdbCommandRejectedException: device '013d23706c6b9dcd' not found
	at com.android.ddmlib.AdbHelper.setDevice(AdbHelper.java:862)
	at com.android.ddmlib.AdbHelper.executeRemoteCommand(AdbHelper.java:451)
	at com.android.ddmlib.AdbHelper.executeRemoteCommand(AdbHelper.java:382)
	at com.android.ddmlib.Device.executeShellCommand(Device.java:615)
	at com.android.ddmlib.SplitApkInstaller.createMultiInstallSession(SplitApkInstaller.java:113)
	at com.android.ddmlib.SplitApkInstaller.install(SplitApkInstaller.java:63)
	... 10 more
</failure>
  </testcase>
</testsuite>