<?xml version='1.0' encoding='UTF-8' ?>
<testsuite name="com.amaze.filemanager.test.PermissionGranter" tests="12" failures="2" errors="0" skipped="0" time="118.195" timestamp="2016-08-17T07:29:19" hostname="localhost">
  <properties>
    <property name="device" value="Nexus 5X - 6.0" />
    <property name="flavor" value="PLAY" />
    <property name="project" value="AmazeFileManager" />
  </properties>
  <testcase name="grantPermissions" classname="com.amaze.filemanager.test.PermissionGranter" time="5.726" />
  <testcase name="testBookmarking" classname="com.amaze.filemanager.test.TestClasses.BookMarkTests" time="6.031">
    <failure>android.support.test.espresso.PerformException: Error performing 'performing ViewAction: Click on overflow button on item matching: holder with view: has descendant: with text: is "Testing"' on view '(with id: com.amaze.filemanager:id/listView and is displayed on the screen to the user)'.
at android.support.test.espresso.PerformException$Builder.build(PerformException.java:83)
at android.support.test.espresso.base.DefaultFailureHandler.getUserFriendlyError(DefaultFailureHandler.java:80)
at android.support.test.espresso.base.DefaultFailureHandler.handle(DefaultFailureHandler.java:56)
at android.support.test.espresso.ViewInteraction.runSynchronouslyOnUiThread(ViewInteraction.java:184)
at android.support.test.espresso.ViewInteraction.doPerform(ViewInteraction.java:115)
at android.support.test.espresso.ViewInteraction.perform(ViewInteraction.java:87)
at com.amaze.filemanager.test.Utilities.Utils.addFileToBookMarks(Utils.java:139)
at com.amaze.filemanager.test.TestClasses.BookMarkTests.testBookmarking(BookMarkTests.java:51)
at java.lang.reflect.Method.invoke(Native Method)
at org.junit.runners.model.FrameworkMethod$1.runReflectiveCall(FrameworkMethod.java:50)
at org.junit.internal.runners.model.ReflectiveCallable.run(ReflectiveCallable.java:12)
at org.junit.runners.model.FrameworkMethod.invokeExplosively(FrameworkMethod.java:47)
at org.junit.internal.runners.statements.InvokeMethod.evaluate(InvokeMethod.java:17)
at org.junit.internal.runners.statements.RunBefores.evaluate(RunBefores.java:26)
at android.support.test.internal.statement.UiThreadStatement.evaluate(UiThreadStatement.java:55)
at android.support.test.rule.ActivityTestRule$ActivityStatement.evaluate(ActivityTestRule.java:270)
at org.junit.rules.RunRules.evaluate(RunRules.java:20)
at org.junit.runners.ParentRunner.runLeaf(ParentRunner.java:325)
at org.junit.runners.BlockJUnit4ClassRunner.runChild(BlockJUnit4ClassRunner.java:78)
at org.junit.runners.BlockJUnit4ClassRunner.runChild(BlockJUnit4ClassRunner.java:57)
at org.junit.runners.ParentRunner$3.run(ParentRunner.java:290)
at org.junit.runners.ParentRunner$1.schedule(ParentRunner.java:71)
at org.junit.runners.ParentRunner.runChildren(ParentRunner.java:288)
at org.junit.runners.ParentRunner.access$000(ParentRunner.java:58)
at org.junit.runners.ParentRunner$2.evaluate(ParentRunner.java:268)
at org.junit.runners.ParentRunner.run(ParentRunner.java:363)
at org.junit.runners.Suite.runChild(Suite.java:128)
at org.junit.runners.Suite.runChild(Suite.java:27)
at org.junit.runners.ParentRunner$3.run(ParentRunner.java:290)
at org.junit.runners.ParentRunner$1.schedule(ParentRunner.java:71)
at org.junit.runners.ParentRunner.runChildren(ParentRunner.java:288)
at org.junit.runners.ParentRunner.access$000(ParentRunner.java:58)
at org.junit.runners.ParentRunner$2.evaluate(ParentRunner.java:268)
at org.junit.runners.ParentRunner.run(ParentRunner.java:363)
at org.junit.runner.JUnitCore.run(JUnitCore.java:137)
at org.junit.runner.JUnitCore.run(JUnitCore.java:115)
at android.support.test.internal.runner.TestExecutor.execute(TestExecutor.java:59)
at android.support.test.runner.AndroidJUnitRunner.onStart(AndroidJUnitRunner.java:262)
at android.app.Instrumentation$InstrumentationThread.run(Instrumentation.java:1879)
Caused by: android.support.test.espresso.PerformException: Error performing 'scroll RecyclerView to: holder with view: has descendant: with text: is "Testing"' on view 'RecyclerView{id=2131689594, res-name=listView, visibility=VISIBLE, width=1080, height=1542, has-focus=false, has-focusable=true, has-window-focus=true, is-clickable=false, is-enabled=true, is-focused=false, is-focusable=true, is-layout-requested=false, is-selected=false, root-is-layout-requested=false, has-input-connection=false, x=0.0, y=0.0, child-count=7}'.
at android.support.test.espresso.PerformException$Builder.build(PerformException.java:83)
at android.support.test.espresso.contrib.RecyclerViewActions$ScrollToViewAction.perform(RecyclerViewActions.java:373)
at android.support.test.espresso.contrib.RecyclerViewActions$ActionOnItemViewAction.perform(RecyclerViewActions.java:226)
at android.support.test.espresso.ViewInteraction$1.run(ViewInteraction.java:144)
at java.util.concurrent.Executors$RunnableAdapter.call(Executors.java:423)
at java.util.concurrent.FutureTask.run(FutureTask.java:237)
at android.os.Handler.handleCallback(Handler.java:739)
at android.os.Handler.dispatchMessage(Handler.java:95)
at android.os.Looper.loop(Looper.java:148)
at android.app.ActivityThread.main(ActivityThread.java:5417)
at java.lang.reflect.Method.invoke(Native Method)
at com.android.internal.os.ZygoteInit$MethodAndArgsCaller.run(ZygoteInit.java:726)
at com.android.internal.os.ZygoteInit.main(ZygoteInit.java:616)
Caused by: java.lang.RuntimeException: Found 0 items matching holder with view: has descendant: with text: is "Testing", but position -1 was requested.
at android.support.test.espresso.contrib.RecyclerViewActions$ScrollToViewAction.perform(RecyclerViewActions.java:357)
... 11 more
</failure>
  </testcase>
  <testcase name="testDrawerOpenRotateScreen" classname="com.amaze.filemanager.test.TestClasses.DrawerRotationTests" time="3.963" />
  <testcase name="testEditBookmark" classname="com.amaze.filemanager.test.TestClasses.EditBookmarkTests" time="2.069">
    <failure>android.support.test.espresso.NoMatchingViewException: No views in hierarchy found matching: with text: is "SuperTest"
If the target view is not part of the view hierarchy, you may need to use Espresso.onData to load it from one of the following AdapterViews:android.widget.ListView{d67849a VFED..C.. ......ID 0,0-798,1392 #7f0f00db app:id/menu_drawer}

View Hierarchy:
+&gt;DecorView{id=-1, visibility=VISIBLE, width=1080, height=1920, has-focus=true, has-focusable=true, has-window-focus=true, is-clickable=false, is-enabled=true, is-focused=false, is-focusable=false, is-layout-requested=false, is-selected=false, root-is-layout-requested=false, has-input-connection=false, x=0.0, y=0.0, child-count=2}
|
+-&gt;LinearLayout{id=-1, visibility=VISIBLE, width=1080, height=1794, has-focus=true, has-focusable=true, has-window-focus=true, is-clickable=false, is-enabled=true, is-focused=false, is-focusable=false, is-layout-requested=false, is-selected=false, root-is-layout-requested=false, has-input-connection=false, x=0.0, y=0.0, child-count=2}
|
+--&gt;ViewStub{id=16909225, res-name=action_mode_bar_stub, visibility=GONE, width=0, height=0, has-focus=false, has-focusable=false, has-window-focus=true, is-clickable=false, is-enabled=true, is-focused=false, is-focusable=false, is-layout-requested=true, is-selected=false, root-is-layout-requested=false, has-input-connection=false, x=0.0, y=0.0}
|
+--&gt;FrameLayout{id=-1, visibility=VISIBLE, width=1080, height=1794, has-focus=true, has-focusable=true, has-window-focus=true, is-clickable=false, is-enabled=true, is-focused=false, is-focusable=false, is-layout-requested=false, is-selected=false, root-is-layout-requested=false, has-input-connection=false, x=0.0, y=0.0, child-count=1}
|
+---&gt;FitWindowsFrameLayout{id=2131689565, res-name=action_bar_root, visibility=VISIBLE, width=1080, height=1794, has-focus=true, has-focusable=true, has-window-focus=true, is-clickable=false, is-enabled=true, is-focused=false, is-focusable=false, is-layout-requested=false, is-selected=false, root-is-layout-requested=false, has-input-connection=false, x=0.0, y=0.0, child-count=2}
|
+----&gt;ContentFrameLayout{id=16908290, res-name=content, visibility=VISIBLE, width=1080, height=1794, has-focus=true, has-focusable=true, has-window-focus=true, is-clickable=false, is-enabled=true, is-focused=false, is-focusable=false, is-layout-requested=false, is-selected=false, root-is-layout-requested=false, has-input-connection=false, x=0.0, y=0.0, child-count=1}
|
+-----&gt;DrawerLayout{id=2131689669, res-name=drawer_layout, visibility=VISIBLE, width=1080, height=1794, has-focus=true, has-focusable=true, has-window-focus=true, is-clickable=false, is-enabled=true, is-focused=false, is-focusable=true, is-layout-requested=false, is-selected=false, root-is-layout-requested=false, has-input-connection=false, x=0.0, y=0.0, child-count=2}
|
+------&gt;CoordinatorLayout{id=2131689670, res-name=main_frame, visibility=VISIBLE, width=1080, height=1731, has-focus=true, has-focusable=true, has-window-focus=true, is-clickable=false, is-enabled=true, is-focused=false, is-focusable=false, is-layout-requested=false, is-selected=false, root-is-layout-requested=false, has-input-connection=false, x=0.0, y=63.0, child-count=6}
|
+-------&gt;FrameLayout{id=2131689593, res-name=content_frame, visibility=VISIBLE, width=1080, height=1542, has-focus=true, has-focusable=true, has-window-focus=true, is-clickable=false, is-enabled=true, is-focused=false, is-focusable=false, is-layout-requested=false, is-selected=false, root-is-layout-requested=false, has-input-connection=false, x=0.0, y=336.0, child-count=1}
|
+--------&gt;CustomViewPager{id=2131689787, res-name=pager, visibility=VISIBLE, width=1080, height=1542, has-focus=true, has-focusable=true, has-window-focus=true, is-clickable=false, is-enabled=true, is-focused=false, is-focusable=true, is-layout-requested=false, is-selected=false, root-is-layout-requested=false, has-input-connection=false, x=0.0, y=0.0, child-count=2}
|
+---------&gt;FrameLayout{id=2131689664, res-name=main_frag, visibility=VISIBLE, width=1080, height=1542, has-focus=false, has-focusable=true, has-window-focus=true, is-clickable=false, is-enabled=true, is-focused=false, is-focusable=false, is-layout-requested=false, is-selected=false, root-is-layout-requested=false, has-input-connection=false, x=-1080.0, y=0.0, child-count=3}
|
+----------&gt;SwipeRefreshLayout{id=2131689665, res-name=activity_main_swipe_refresh_layout, visibility=VISIBLE, width=1080, height=1542, has-focus=false, has-focusable=true, has-window-focus=true, is-clickable=false, is-enabled=true, is-focused=false, is-focusable=false, is-layout-requested=false, is-selected=false, root-is-layout-requested=false, has-input-connection=false, x=0.0, y=0.0, child-count=2}
|
+-----------&gt;RecyclerView{id=2131689594, res-name=listView, visibility=VISIBLE, width=1080, height=1542, has-focus=false, has-focusable=true, has-window-focus=true, is-clickable=false, is-enabled=true, is-focused=false, is-focusable=true, is-layout-requested=false, is-selected=false, root-is-layout-requested=false, has-input-connection=false, x=0.0, y=0.0, child-count=2}
|
+------------&gt;RelativeLayout{id=2131689640, res-name=second, visibility=VISIBLE, width=1080, height=189, has-focus=false, has-focusable=true, has-window-focus=true, is-clickable=true, is-enabled=true, is-focused=false, is-focusable=false, is-layout-requested=false, is-selected=false, root-is-layout-requested=false, has-input-connection=false, x=0.0, y=126.0, child-count=3}
|
+-------------&gt;RelativeLayout{id=2131689765, res-name=icon_frame_parent, visibility=VISIBLE, width=147, height=189, has-focus=false, has-focusable=false, has-window-focus=true, is-clickable=false, is-enabled=true, is-focused=false, is-focusable=false, is-layout-requested=false, is-selected=false, root-is-layout-requested=false, has-input-connection=false, x=42.0, y=0.0, child-count=2}
|
+--------------&gt;FrameLayout{id=2131689766, res-name=iconframe, visibility=VISIBLE, width=105, height=105, has-focus=false, has-focusable=false, has-window-focus=true, is-clickable=false, is-enabled=true, is-focused=false, is-focusable=false, is-layout-requested=false, is-selected=false, root-is-layout-requested=false, has-input-connection=false, x=0.0, y=42.0, child-count=4}
|
+---------------&gt;AppCompatImageView{id=2131689767, res-name=apk_icon, visibility=GONE, width=0, height=0, has-focus=false, has-focusable=false, has-window-focus=true, is-clickable=true, is-enabled=true, is-focused=false, is-focusable=false, is-layout-requested=true, is-selected=false, root-is-layout-requested=false, has-input-connection=false, x=0.0, y=0.0}
|
+---------------&gt;RoundedImageView{id=2131689768, res-name=picture_icon, desc=icon, visibility=GONE, width=0, height=0, has-focus=false, has-focusable=false, has-window-focus=true, is-clickable=true, is-enabled=true, is-focused=false, is-focusable=false, is-layout-requested=true, is-selected=false, root-is-layout-requested=false, has-input-connection=false, x=0.0, y=0.0}
|
+---------------&gt;AppCompatImageView{id=2131689653, res-name=generic_icon, visibility=VISIBLE, width=105, height=105, has-focus=false, has-focusable=false, has-window-focus=true, is-clickable=true, is-enabled=true, is-focused=false, is-focusable=false, is-layout-requested=false, is-selected=false, root-is-layout-requested=false, has-input-connection=false, x=0.0, y=0.0}
|
+---------------&gt;AppCompatTextView{id=2131689769, res-name=generictext, visibility=VISIBLE, width=105, height=105, has-focus=false, has-focusable=false, has-window-focus=true, is-clickable=false, is-enabled=true, is-focused=false, is-focusable=false, is-layout-requested=false, is-selected=false, root-is-layout-requested=false, has-input-connection=false, x=0.0, y=0.0, text=, input-type=0, ime-target=false, has-links=false}
|
+--------------&gt;AppCompatImageView{id=2131689770, res-name=check_icon, visibility=INVISIBLE, width=53, height=53, has-focus=false, has-focusable=false, has-window-focus=true, is-clickable=false, is-enabled=true, is-focused=false, is-focusable=false, is-layout-requested=false, is-selected=false, root-is-layout-requested=false, has-input-connection=false, x=68.0, y=110.0}
|
+-------------&gt;AppCompatImageButton{id=2131689657, res-name=properties, visibility=VISIBLE, width=105, height=105, has-focus=false, has-focusable=true, has-window-focus=true, is-clickable=true, is-enabled=true, is-focused=false, is-focusable=true, is-layout-requested=false, is-selected=false, root-is-layout-requested=false, has-input-connection=false, x=933.0, y=42.0}
|
+-------------&gt;RelativeLayout{id=-1, visibility=VISIBLE, width=702, height=120, has-focus=false, has-focusable=false, has-window-focus=true, is-clickable=false, is-enabled=true, is-focused=false, is-focusable=false, is-layout-requested=false, is-selected=false, root-is-layout-requested=false, has-input-connection=false, x=189.0, y=34.0, child-count=2}
|
+--------------&gt;AppCompatTextView{id=2131689641, res-name=firstline, visibility=VISIBLE, width=209, height=61, has-focus=false, has-focusable=false, has-window-focus=true, is-clickable=false, is-enabled=true, is-focused=false, is-focusable=false, is-layout-requested=false, is-selected=false, root-is-layout-requested=false, has-input-connection=false, x=0.0, y=0.0, text=fdgffsd.txt, input-type=0, ime-target=false, has-links=false}
|
+--------------&gt;RelativeLayout{id=-1, visibility=VISIBLE, width=702, height=46, has-focus=false, has-focusable=false, has-window-focus=true, is-clickable=false, is-enabled=true, is-focused=false, is-focusable=false, is-layout-requested=false, is-selected=false, root-is-layout-requested=false, has-input-connection=false, x=0.0, y=74.0, child-count=3}
|
+---------------&gt;AppCompatTextView{id=2131689661, res-name=date, visibility=VISIBLE, width=92, height=46, has-focus=false, has-focusable=false, has-window-focus=true, is-clickable=false, is-enabled=true, is-focused=false, is-focusable=false, is-layout-requested=false, is-selected=false, root-is-layout-requested=false, has-input-connection=false, x=0.0, y=0.0, text=Jul 05, input-type=0, ime-target=false, has-links=false}
|
+---------------&gt;AppCompatTextView{id=2131689660, res-name=secondLine, visibility=VISIBLE, width=0, height=46, has-focus=false, has-focusable=false, has-window-focus=true, is-clickable=false, is-enabled=true, is-focused=false, is-focusable=false, is-layout-requested=false, is-selected=false, root-is-layout-requested=false, has-input-connection=false, x=118.0, y=0.0, text=, input-type=0, ime-target=false, has-links=false}
|
+---------------&gt;AppCompatTextView{id=2131689656, res-name=permis, visibility=VISIBLE, width=0, height=46, has-focus=false, has-focusable=false, has-window-focus=true, is-clickable=false, is-enabled=true, is-focused=false, is-focusable=false, is-layout-requested=false, is-selected=false, root-is-layout-requested=false, has-input-connection=false, x=702.0, y=0.0, text=, input-type=0, ime-target=false, has-links=false}
|
+------------&gt;RelativeLayout{id=2131689640, res-name=second, visibility=VISIBLE, width=1080, height=264, has-focus=false, has-focusable=false, has-window-focus=true, is-clickable=true, is-enabled=true, is-focused=false, is-focusable=false, is-layout-requested=false, is-selected=false, root-is-layout-requested=false, has-input-connection=false, x=0.0, y=318.0, child-count=1}
|
+-------------&gt;AppCompatTextView{id=2131689641, res-name=firstline, visibility=VISIBLE, width=0, height=130, has-focus=false, has-focusable=false, has-window-focus=true, is-clickable=false, is-enabled=true, is-focused=false, is-focusable=false, is-layout-requested=false, is-selected=false, root-is-layout-requested=false, has-input-connection=false, x=540.0, y=0.0, text=, input-type=0, ime-target=false, has-links=false}
|
+-----------&gt;CircleImageView{id=-1, visibility=GONE, width=104, height=105, has-focus=false, has-focusable=false, has-window-focus=true, is-clickable=false, is-enabled=true, is-focused=false, is-focusable=false, is-layout-requested=false, is-selected=false, root-is-layout-requested=false, has-input-connection=false, x=488.0, y=-105.0}
|
+----------&gt;FastScroller{id=2131689666, res-name=fastscroll, visibility=INVISIBLE, width=26, height=1542, has-focus=false, has-focusable=false, has-window-focus=true, is-clickable=false, is-enabled=true, is-focused=false, is-focusable=false, is-layout-requested=false, is-selected=false, root-is-layout-requested=false, has-input-connection=false, x=1054.0, y=0.0, child-count=1}
|
+-----------&gt;FrameLayout{id=-1, visibility=VISIBLE, width=26, height=1542, has-focus=false, has-focusable=false, has-window-focus=true, is-clickable=false, is-enabled=true, is-focused=false, is-focusable=false, is-layout-requested=false, is-selected=false, root-is-layout-requested=false, has-input-connection=false, x=0.0, y=0.0, child-count=2}
|
+------------&gt;View{id=2131689642, res-name=scroll_bar, visibility=INVISIBLE, width=26, height=1542, has-focus=false, has-focusable=false, has-window-focus=true, is-clickable=false, is-enabled=true, is-focused=false, is-focusable=false, is-layout-requested=false, is-selected=false, root-is-layout-requested=false, has-input-connection=false, x=0.0, y=0.0}
|
+------------&gt;AppCompatImageView{id=2131689643, res-name=scroll_handle, visibility=VISIBLE, width=26, height=184, has-focus=false, has-focusable=false, has-window-focus=true, is-clickable=false, is-enabled=true, is-focused=false, is-focusable=false, is-layout-requested=false, is-selected=false, root-is-layout-requested=false, has-input-connection=false, x=0.0, y=152.39742}
|
+----------&gt;RelativeLayout{id=2131689667, res-name=nofilelayout, visibility=GONE, width=0, height=0, has-focus=false, has-focusable=false, has-window-focus=true, is-clickable=false, is-enabled=true, is-focused=false, is-focusable=false, is-layout-requested=true, is-selected=false, root-is-layout-requested=false, has-input-connection=false, x=0.0, y=0.0, child-count=2}
|
+-----------&gt;AppCompatImageView{id=2131689543, res-name=image, visibility=VISIBLE, width=0, height=0, has-focus=false, has-focusable=false, has-window-focus=true, is-clickable=false, is-enabled=true, is-focused=false, is-focusable=false, is-layout-requested=true, is-selected=false, root-is-layout-requested=false, has-input-connection=false, x=0.0, y=0.0}
|
+-----------&gt;AppCompatTextView{id=2131689668, res-name=nofiletext, visibility=VISIBLE, width=0, height=0, has-focus=false, has-focusable=false, has-window-focus=true, is-clickable=false, is-enabled=true, is-focused=false, is-focusable=false, is-layout-requested=true, is-selected=false, root-is-layout-requested=false, has-input-connection=false, x=0.0, y=0.0, text=No Files, input-type=0, ime-target=false, has-links=false}
|
+---------&gt;FrameLayout{id=2131689664, res-name=main_frag, visibility=VISIBLE, width=1080, height=1542, has-focus=true, has-focusable=true, has-window-focus=true, is-clickable=false, is-enabled=true, is-focused=false, is-focusable=false, is-layout-requested=false, is-selected=false, root-is-layout-requested=false, has-input-connection=false, x=0.0, y=0.0, child-count=3}
|
+----------&gt;SwipeRefreshLayout{id=2131689665, res-name=activity_main_swipe_refresh_layout, visibility=VISIBLE, width=1080, height=1542, has-focus=true, has-focusable=true, has-window-focus=true, is-clickable=false, is-enabled=true, is-focused=false, is-focusable=false, is-layout-requested=false, is-selected=false, root-is-layout-requested=false, has-input-connection=false, x=0.0, y=0.0, child-count=2}
|
+-----------&gt;RecyclerView{id=2131689594, res-name=listView, visibility=VISIBLE, width=1080, height=1542, has-focus=true, has-focusable=true, has-window-focus=true, is-clickable=false, is-enabled=true, is-focused=true, is-focusable=true, is-layout-requested=false, is-selected=false, root-is-layout-requested=false, has-input-connection=false, x=0.0, y=0.0, child-count=7}
|
+------------&gt;RelativeLayout{id=2131689640, res-name=second, visibility=VISIBLE, width=1080, height=189, has-focus=false, has-focusable=true, has-window-focus=true, is-clickable=true, is-enabled=true, is-focused=false, is-focusable=false, is-layout-requested=false, is-selected=false, root-is-layout-requested=false, has-input-connection=false, x=0.0, y=126.0, child-count=3}
|
+-------------&gt;RelativeLayout{id=2131689765, res-name=icon_frame_parent, visibility=VISIBLE, width=147, height=189, has-focus=false, has-focusable=false, has-window-focus=true, is-clickable=false, is-enabled=true, is-focused=false, is-focusable=false, is-layout-requested=false, is-selected=false, root-is-layout-requested=false, has-input-connection=false, x=42.0, y=0.0, child-count=2}
|
+--------------&gt;FrameLayout{id=2131689766, res-name=iconframe, visibility=VISIBLE, width=105, height=105, has-focus=false, has-focusable=false, has-window-focus=true, is-clickable=false, is-enabled=true, is-focused=false, is-focusable=false, is-layout-requested=false, is-selected=false, root-is-layout-requested=false, has-input-connection=false, x=0.0, y=42.0, child-count=4}
|
+---------------&gt;AppCompatImageView{id=2131689767, res-name=apk_icon, visibility=GONE, width=0, height=0, has-focus=false, has-focusable=false, has-window-focus=true, is-clickable=true, is-enabled=true, is-focused=false, is-focusable=false, is-layout-requested=true, is-selected=false, root-is-layout-requested=false, has-input-connection=false, x=0.0, y=0.0}
|
+---------------&gt;RoundedImageView{id=2131689768, res-name=picture_icon, desc=icon, visibility=GONE, width=0, height=0, has-focus=false, has-focusable=false, has-window-focus=true, is-clickable=true, is-enabled=true, is-focused=false, is-focusable=false, is-layout-requested=true, is-selected=false, root-is-layout-requested=false, has-input-connection=false, x=0.0, y=0.0}
|
+---------------&gt;AppCompatImageView{id=2131689653, res-name=generic_icon, visibility=VISIBLE, width=105, height=105, has-focus=false, has-focusable=false, has-window-focus=true, is-clickable=true, is-enabled=true, is-focused=false, is-focusable=false, is-layout-requested=false, is-selected=false, root-is-layout-requested=false, has-input-connection=false, x=0.0, y=0.0}
|
+---------------&gt;AppCompatTextView{id=2131689769, res-name=generictext, visibility=VISIBLE, width=105, height=105, has-focus=false, has-focusable=false, has-window-focus=true, is-clickable=false, is-enabled=true, is-focused=false, is-focusable=false, is-layout-requested=false, is-selected=false, root-is-layout-requested=false, has-input-connection=false, x=0.0, y=0.0, text=, input-type=0, ime-target=false, has-links=false}
|
+--------------&gt;AppCompatImageView{id=2131689770, res-name=check_icon, visibility=INVISIBLE, width=53, height=53, has-focus=false, has-focusable=false, has-window-focus=true, is-clickable=false, is-enabled=true, is-focused=false, is-focusable=false, is-layout-requested=false, is-selected=false, root-is-layout-requested=false, has-input-connection=false, x=68.0, y=110.0}
|
+-------------&gt;AppCompatImageButton{id=2131689657, res-name=properties, visibility=VISIBLE, width=105, height=105, has-focus=false, has-focusable=true, has-window-focus=true, is-clickable=true, is-enabled=true, is-focused=false, is-focusable=true, is-layout-requested=false, is-selected=false, root-is-layout-requested=false, has-input-connection=false, x=933.0, y=42.0}
|
+-------------&gt;RelativeLayout{id=-1, visibility=VISIBLE, width=702, height=120, has-focus=false, has-focusable=false, has-window-focus=true, is-clickable=false, is-enabled=true, is-focused=false, is-focusable=false, is-layout-requested=false, is-selected=false, root-is-layout-requested=false, has-input-connection=false, x=189.0, y=34.0, child-count=2}
|
+--------------&gt;AppCompatTextView{id=2131689641, res-name=firstline, visibility=VISIBLE, width=98, height=61, has-focus=false, has-focusable=false, has-window-focus=true, is-clickable=false, is-enabled=true, is-focused=false, is-focusable=false, is-layout-requested=false, is-selected=false, root-is-layout-requested=false, has-input-connection=false, x=0.0, y=0.0, text=hsuu, input-type=0, ime-target=false, has-links=false}
|
+--------------&gt;RelativeLayout{id=-1, visibility=VISIBLE, width=702, height=46, has-focus=false, has-focusable=false, has-window-focus=true, is-clickable=false, is-enabled=true, is-focused=false, is-focusable=false, is-layout-requested=false, is-selected=false, root-is-layout-requested=false, has-input-connection=false, x=0.0, y=74.0, child-count=3}
|
+---------------&gt;AppCompatTextView{id=2131689661, res-name=date, visibility=VISIBLE, width=92, height=46, has-focus=false, has-focusable=false, has-window-focus=true, is-clickable=false, is-enabled=true, is-focused=false, is-focusable=false, is-layout-requested=false, is-selected=false, root-is-layout-requested=false, has-input-connection=false, x=0.0, y=0.0, text=Jul 13, input-type=0, ime-target=false, has-links=false}
|
+---------------&gt;AppCompatTextView{id=2131689660, res-name=secondLine, visibility=VISIBLE, width=0, height=46, has-focus=false, has-focusable=false, has-window-focus=true, is-clickable=false, is-enabled=true, is-focused=false, is-focusable=false, is-layout-requested=false, is-selected=false, root-is-layout-requested=false, has-input-connection=false, x=118.0, y=0.0, text=, input-type=0, ime-target=false, has-links=false}
|
+---------------&gt;AppCompatTextView{id=2131689656, res-name=permis, visibility=VISIBLE, width=0, height=46, has-focus=false, has-focusable=false, has-window-focus=true, is-clickable=false, is-enabled=true, is-focused=false, is-focusable=false, is-layout-requested=false, is-selected=false, root-is-layout-requested=false, has-input-connection=false, x=702.0, y=0.0, text=, input-type=0, ime-target=false, has-links=false}
|
+------------&gt;RelativeLayout{id=2131689640, res-name=second, visibility=VISIBLE, width=1080, height=189, has-focus=false, has-focusable=true, has-window-focus=true, is-clickable=true, is-enabled=true, is-focused=false, is-focusable=false, is-layout-requested=false, is-selected=false, root-is-layout-requested=false, has-input-connection=false, x=0.0, y=318.0, child-count=3}
|
+-------------&gt;RelativeLayout{id=2131689765, res-name=icon_frame_parent, visibility=VISIBLE, width=147, height=189, has-focus=false, has-focusable=false, has-window-focus=true, is-clickable=false, is-enabled=true, is-focused=false, is-focusable=false, is-layout-requested=false, is-selected=false, root-is-layout-requested=false, has-input-connection=false, x=42.0, y=0.0, child-count=2}
|
+--------------&gt;FrameLayout{id=2131689766, res-name=iconframe, visibility=VISIBLE, width=105, height=105, has-focus=false, has-focusable=false, has-window-focus=true, is-clickable=false, is-enabled=true, is-focused=false, is-focusable=false, is-layout-requested=false, is-selected=false, root-is-layout-requested=false, has-input-connection=false, x=0.0, y=42.0, child-count=4}
|
+---------------&gt;AppCompatImageView{id=2131689767, res-name=apk_icon, visibility=GONE, width=0, height=0, has-focus=false, has-focusable=false, has-window-focus=true, is-clickable=true, is-enabled=true, is-focused=false, is-focusable=false, is-layout-requested=true, is-selected=false, root-is-layout-requested=false, has-input-connection=false, x=0.0, y=0.0}
|
+---------------&gt;RoundedImageView{id=2131689768, res-name=picture_icon, desc=icon, visibility=GONE, width=0, height=0, has-focus=false, has-focusable=false, has-window-focus=true, is-clickable=true, is-enabled=true, is-focused=false, is-focusable=false, is-layout-requested=true, is-selected=false, root-is-layout-requested=false, has-input-connection=false, x=0.0, y=0.0}
|
+---------------&gt;AppCompatImageView{id=2131689653, res-name=generic_icon, visibility=VISIBLE, width=105, height=105, has-focus=false, has-focusable=false, has-window-focus=true, is-clickable=true, is-enabled=true, is-focused=false, is-focusable=false, is-layout-requested=false, is-selected=false, root-is-layout-requested=false, has-input-connection=false, x=0.0, y=0.0}
|
+---------------&gt;AppCompatTextView{id=2131689769, res-name=generictext, visibility=VISIBLE, width=105, height=105, has-focus=false, has-focusable=false, has-window-focus=true, is-clickable=false, is-enabled=true, is-focused=false, is-focusable=false, is-layout-requested=false, is-selected=false, root-is-layout-requested=false, has-input-connection=false, x=0.0, y=0.0, text=, input-type=0, ime-target=false, has-links=false}
|
+--------------&gt;AppCompatImageView{id=2131689770, res-name=check_icon, visibility=INVISIBLE, width=53, height=53, has-focus=false, has-focusable=false, has-window-focus=true, is-clickable=false, is-enabled=true, is-focused=false, is-focusable=false, is-layout-requested=false, is-selected=false, root-is-layout-requested=false, has-input-connection=false, x=68.0, y=110.0}
|
+-------------&gt;AppCompatImageButton{id=2131689657, res-name=properties, visibility=VISIBLE, width=105, height=105, has-focus=false, has-focusable=true, has-window-focus=true, is-clickable=true, is-enabled=true, is-focused=false, is-focusable=true, is-layout-requested=false, is-selected=false, root-is-layout-requested=false, has-input-connection=false, x=933.0, y=42.0}
|
+-------------&gt;RelativeLayout{id=-1, visibility=VISIBLE, width=702, height=120, has-focus=false, has-focusable=false, has-window-focus=true, is-clickable=false, is-enabled=true, is-focused=false, is-focusable=false, is-layout-requested=false, is-selected=false, root-is-layout-requested=false, has-input-connection=false, x=189.0, y=34.0, child-count=2}
|
+--------------&gt;AppCompatTextView{id=2131689641, res-name=firstline, visibility=VISIBLE, width=411, height=61, has-focus=false, has-focusable=false, has-window-focus=true, is-clickable=false, is-enabled=true, is-focused=false, is-focusable=false, is-layout-requested=false, is-selected=false, root-is-layout-requested=false, has-input-connection=false, x=0.0, y=0.0, text=my_own_documents, input-type=0, ime-target=false, has-links=false}
|
+--------------&gt;RelativeLayout{id=-1, visibility=VISIBLE, width=702, height=46, has-focus=false, has-focusable=false, has-window-focus=true, is-clickable=false, is-enabled=true, is-focused=false, is-focusable=false, is-layout-requested=false, is-selected=false, root-is-layout-requested=false, has-input-connection=false, x=0.0, y=74.0, child-count=3}
|
+---------------&gt;AppCompatTextView{id=2131689661, res-name=date, visibility=VISIBLE, width=92, height=46, has-focus=false, has-focusable=false, has-window-focus=true, is-clickable=false, is-enabled=true, is-focused=false, is-focusable=false, is-layout-requested=false, is-selected=false, root-is-layout-requested=false, has-input-connection=false, x=0.0, y=0.0, text=Jul 19, input-type=0, ime-target=false, has-links=false}
|
+---------------&gt;AppCompatTextView{id=2131689660, res-name=secondLine, visibility=VISIBLE, width=0, height=46, has-focus=false, has-focusable=false, has-window-focus=true, is-clickable=false, is-enabled=true, is-focused=false, is-focusable=false, is-layout-requested=false, is-selected=false, root-is-layout-requested=false, has-input-connection=false, x=118.0, y=0.0, text=, input-type=0, ime-target=false, has-links=false}
|
+---------------&gt;AppCompatTextView{id=2131689656, res-name=permis, visibility=VISIBLE, width=0, height=46, has-focus=false, has-focusable=false, has-window-focus=true, is-clickable=false, is-enabled=true, is-focused=false, is-focusable=false, is-layout-requested=false, is-selected=false, root-is-layout-requested=false, has-input-connection=false, x=702.0, y=0.0, text=, input-type=0, ime-target=false, has-links=false}
|
+------------&gt;RelativeLayout{id=2131689640, res-name=second, visibility=VISIBLE, width=1080, height=189, has-focus=false, has-focusable=true, has-window-focus=true, is-clickable=true, is-enabled=true, is-focused=false, is-focusable=false, is-layout-requested=false, is-selected=false, root-is-layout-requested=false, has-input-connection=false, x=0.0, y=636.0, child-count=3}
|
+-------------&gt;RelativeLayout{id=2131689765, res-name=icon_frame_parent, visibility=VISIBLE, width=147, height=189, has-focus=false, has-focusable=false, has-window-focus=true, is-clickable=false, is-enabled=true, is-focused=false, is-focusable=false, is-layout-requested=false, is-selected=false, root-is-layout-requested=false, has-input-connection=false, x=42.0, y=0.0, child-count=2}
|
+--------------&gt;FrameLayout{id=2131689766, res-name=iconframe, visibility=VISIBLE, width=105, height=105, has-focus=false, has-focusable=false, has-window-focus=true, is-clickable=false, is-enabled=true, is-focused=false, is-focusable=false, is-layout-requested=false, is-selected=false, root-is-layout-requested=false, has-input-connection=false, x=0.0, y=42.0, child-count=4}
|
+---------------&gt;AppCompatImageView{id=2131689767, res-name=apk_icon, visibility=GONE, width=0, height=0, has-focus=false, has-focusable=false, has-window-focus=true, is-clickable=true, is-enabled=true, is-focused=false, is-focusable=false, is-layout-requested=true, is-selected=false, root-is-layout-requested=false, has-input-connection=false, x=0.0, y=0.0}
|
+---------------&gt;RoundedImageView{id=2131689768, res-name=picture_icon, desc=icon, visibility=GONE, width=0, height=0, has-focus=false, has-focusable=false, has-window-focus=true, is-clickable=true, is-enabled=true, is-focused=false, is-focusable=false, is-layout-requested=true, is-selected=false, root-is-layout-requested=false, has-input-connection=false, x=0.0, y=0.0}
|
+---------------&gt;AppCompatImageView{id=2131689653, res-name=generic_icon, visibility=VISIBLE, width=105, height=105, has-focus=false, has-focusable=false, has-window-focus=true, is-clickable=true, is-enabled=true, is-focused=false, is-focusable=false, is-layout-requested=false, is-selected=false, root-is-layout-requested=false, has-input-connection=false, x=0.0, y=0.0}
|
+---------------&gt;AppCompatTextView{id=2131689769, res-name=generictext, visibility=VISIBLE, width=105, height=105, has-focus=false, has-focusable=false, has-window-focus=true, is-clickable=false, is-enabled=true, is-focused=false, is-focusable=false, is-layout-requested=false, is-selected=false, root-is-layout-requested=false, has-input-connection=false, x=0.0, y=0.0, text=, input-type=0, ime-target=false, has-links=false}
|
+--------------&gt;AppCompatImageView{id=2131689770, res-name=check_icon, visibility=INVISIBLE, width=53, height=53, has-focus=false, has-focusable=false, has-window-focus=true, is-clickable=false, is-enabled=true, is-focused=false, is-focusable=false, is-layout-requested=false, is-selected=false, root-is-layout-requested=false, has-input-connection=false, x=68.0, y=110.0}
|
+-------------&gt;AppCompatImageButton{id=2131689657, res-name=properties, visibility=VISIBLE, width=105, height=105, has-focus=false, has-focusable=true, has-window-focus=true, is-clickable=true, is-enabled=true, is-focused=false, is-focusable=true, is-layout-requested=false, is-selected=false, root-is-layout-requested=false, has-input-connection=false, x=933.0, y=42.0}
|
+-------------&gt;RelativeLayout{id=-1, visibility=VISIBLE, width=702, height=120, has-focus=false, has-focusable=false, has-window-focus=true, is-clickable=false, is-enabled=true, is-focused=false, is-focusable=false, is-layout-requested=false, is-selected=false, root-is-layout-requested=false, has-input-connection=false, x=189.0, y=34.0, child-count=2}
|
+--------------&gt;AppCompatTextView{id=2131689641, res-name=firstline, visibility=VISIBLE, width=164, height=61, has-focus=false, has-focusable=false, has-window-focus=true, is-clickable=false, is-enabled=true, is-focused=false, is-focusable=false, is-layout-requested=false, is-selected=false, root-is-layout-requested=false, has-input-connection=false, x=0.0, y=0.0, text=bdbd.txt, input-type=0, ime-target=false, has-links=false}
|
+--------------&gt;RelativeLayout{id=-1, visibility=VISIBLE, width=702, height=46, has-focus=false, has-focusable=false, has-window-focus=true, is-clickable=false, is-enabled=true, is-focused=false, is-focusable=false, is-layout-requested=false, is-selected=false, root-is-layout-requested=false, has-input-connection=false, x=0.0, y=74.0, child-count=3}
|
+---------------&gt;AppCompatTextView{id=2131689661, res-name=date, visibility=VISIBLE, width=92, height=46, has-focus=false, has-focusable=false, has-window-focus=true, is-clickable=false, is-enabled=true, is-focused=false, is-focusable=false, is-layout-requested=false, is-selected=false, root-is-layout-requested=false, has-input-connection=false, x=0.0, y=0.0, text=Jul 11, input-type=0, ime-target=false, has-links=false}
|
+---------------&gt;AppCompatTextView{id=2131689660, res-name=secondLine, visibility=VISIBLE, width=0, height=46, has-focus=false, has-focusable=false, has-window-focus=true, is-clickable=false, is-enabled=true, is-focused=false, is-focusable=false, is-layout-requested=false, is-selected=false, root-is-layout-requested=false, has-input-connection=false, x=118.0, y=0.0, text=, input-type=0, ime-target=false, has-links=false}
|
+---------------&gt;AppCompatTextView{id=2131689656, res-name=permis, visibility=VISIBLE, width=0, height=46, has-focus=false, has-focusable=false, has-window-focus=true, is-clickable=false, is-enabled=true, is-focused=false, is-focusable=false, is-layout-requested=false, is-selected=false, root-is-layout-requested=false, has-input-connection=false, x=702.0, y=0.0, text=, input-type=0, ime-target=false, has-links=false}
|
+------------&gt;RelativeLayout{id=2131689640, res-name=second, visibility=VISIBLE, width=1080, height=189, has-focus=false, has-focusable=true, has-window-focus=true, is-clickable=true, is-enabled=true, is-focused=false, is-focusable=false, is-layout-requested=false, is-selected=false, root-is-layout-requested=false, has-input-connection=false, x=0.0, y=828.0, child-count=3}
|
+-------------&gt;RelativeLayout{id=2131689765, res-name=icon_frame_parent, visibility=VISIBLE, width=147, height=189, has-focus=false, has-focusable=false, has-window-focus=true, is-clickable=false, is-enabled=true, is-focused=false, is-focusable=false, is-layout-requested=false, is-selected=false, root-is-layout-requested=false, has-input-connection=false, x=42.0, y=0.0, child-count=2}
|
+--------------&gt;FrameLayout{id=2131689766, res-name=iconframe, visibility=VISIBLE, width=105, height=105, has-focus=false, has-focusable=false, has-window-focus=true, is-clickable=false, is-enabled=true, is-focused=false, is-focusable=false, is-layout-requested=false, is-selected=false, root-is-layout-requested=false, has-input-connection=false, x=0.0, y=42.0, child-count=4}
|
+---------------&gt;AppCompatImageView{id=2131689767, res-name=apk_icon, visibility=GONE, width=0, height=0, has-focus=false, has-focusable=false, has-window-focus=true, is-clickable=true, is-enabled=true, is-focused=false, is-focusable=false, is-layout-requested=true, is-selected=false, root-is-layout-requested=false, has-input-connection=false, x=0.0, y=0.0}
|
+---------------&gt;RoundedImageView{id=2131689768, res-name=picture_icon, desc=icon, visibility=GONE, width=0, height=0, has-focus=false, has-focusable=false, has-window-focus=true, is-clickable=true, is-enabled=true, is-focused=false, is-focusable=false, is-layout-requested=true, is-selected=false, root-is-layout-requested=false, has-input-connection=false, x=0.0, y=0.0}
|
+---------------&gt;AppCompatImageView{id=2131689653, res-name=generic_icon, visibility=VISIBLE, width=105, height=105, has-focus=false, has-focusable=false, has-window-focus=true, is-clickable=true, is-enabled=true, is-focused=false, is-focusable=false, is-layout-requested=false, is-selected=false, root-is-layout-requested=false, has-input-connection=false, x=0.0, y=0.0}
|
+---------------&gt;AppCompatTextView{id=2131689769, res-name=generictext, visibility=VISIBLE, width=105, height=105, has-focus=false, has-focusable=false, has-window-focus=true, is-clickable=false, is-enabled=true, is-focused=false, is-focusable=false, is-layout-requested=false, is-selected=false, root-is-layout-requested=false, has-input-connection=false, x=0.0, y=0.0, text=, input-type=0, ime-target=false, has-links=false}
|
+--------------&gt;AppCompatImageView{id=2131689770, res-name=check_icon, visibility=INVISIBLE, width=53, height=53, has-focus=false, has-focusable=false, has-window-focus=true, is-clickable=false, is-enabled=true, is-focused=false, is-focusable=false, is-layout-requested=false, is-selected=false, root-is-layout-requested=false, has-input-connection=false, x=68.0, y=110.0}
|
+-------------&gt;AppCompatImageButton{id=2131689657, res-name=properties, visibility=VISIBLE, width=105, height=105, has-focus=false, has-focusable=true, has-window-focus=true, is-clickable=true, is-enabled=true, is-focused=false, is-focusable=true, is-layout-requested=false, is-selected=false, root-is-layout-requested=false, has-input-connection=false, x=933.0, y=42.0}
|
+-------------&gt;RelativeLayout{id=-1, visibility=VISIBLE, width=702, height=120, has-focus=false, has-focusable=false, has-window-focus=true, is-clickable=false, is-enabled=true, is-focused=false, is-focusable=false, is-layout-requested=false, is-selected=false, root-is-layout-requested=false, has-input-connection=false, x=189.0, y=34.0, child-count=2}
|
+--------------&gt;AppCompatTextView{id=2131689641, res-name=firstline, visibility=VISIBLE, width=130, height=61, has-focus=false, has-focusable=false, has-window-focus=true, is-clickable=false, is-enabled=true, is-focused=false, is-focusable=false, is-layout-requested=false, is-selected=false, root-is-layout-requested=false, has-input-connection=false, x=0.0, y=0.0, text=jep.zip, input-type=0, ime-target=false, has-links=false}
|
+--------------&gt;RelativeLayout{id=-1, visibility=VISIBLE, width=702, height=46, has-focus=false, has-focusable=false, has-window-focus=true, is-clickable=false, is-enabled=true, is-focused=false, is-focusable=false, is-layout-requested=false, is-selected=false, root-is-layout-requested=false, has-input-connection=false, x=0.0, y=74.0, child-count=3}
|
+---------------&gt;AppCompatTextView{id=2131689661, res-name=date, visibility=VISIBLE, width=92, height=46, has-focus=false, has-focusable=false, has-window-focus=true, is-clickable=false, is-enabled=true, is-focused=false, is-focusable=false, is-layout-requested=false, is-selected=false, root-is-layout-requested=false, has-input-connection=false, x=0.0, y=0.0, text=Jul 07, input-type=0, ime-target=false, has-links=false}
|
+---------------&gt;AppCompatTextView{id=2131689660, res-name=secondLine, visibility=VISIBLE, width=0, height=46, has-focus=false, has-focusable=false, has-window-focus=true, is-clickable=false, is-enabled=true, is-focused=false, is-focusable=false, is-layout-requested=false, is-selected=false, root-is-layout-requested=false, has-input-connection=false, x=118.0, y=0.0, text=, input-type=0, ime-target=false, has-links=false}
|
+---------------&gt;AppCompatTextView{id=2131689656, res-name=permis, visibility=VISIBLE, width=0, height=46, has-focus=false, has-focusable=false, has-window-focus=true, is-clickable=false, is-enabled=true, is-focused=false, is-focusable=false, is-layout-requested=false, is-selected=false, root-is-layout-requested=false, has-input-connection=false, x=702.0, y=0.0, text=, input-type=0, ime-target=false, has-links=false}
|
+------------&gt;RelativeLayout{id=2131689640, res-name=second, visibility=VISIBLE, width=1080, height=189, has-focus=false, has-focusable=true, has-window-focus=true, is-clickable=true, is-enabled=true, is-focused=false, is-focusable=false, is-layout-requested=false, is-selected=false, root-is-layout-requested=false, has-input-connection=false, x=0.0, y=1020.0, child-count=3}
|
+-------------&gt;RelativeLayout{id=2131689765, res-name=icon_frame_parent, visibility=VISIBLE, width=147, height=189, has-focus=false, has-focusable=false, has-window-focus=true, is-clickable=false, is-enabled=true, is-focused=false, is-focusable=false, is-layout-requested=false, is-selected=false, root-is-layout-requested=false, has-input-connection=false, x=42.0, y=0.0, child-count=2}
|
+--------------&gt;FrameLayout{id=2131689766, res-name=iconframe, visibility=VISIBLE, width=105, height=105, has-focus=false, has-focusable=false, has-window-focus=true, is-clickable=false, is-enabled=true, is-focused=false, is-focusable=false, is-layout-requested=false, is-selected=false, root-is-layout-requested=false, has-input-connection=false, x=0.0, y=42.0, child-count=4}
|
+---------------&gt;AppCompatImageView{id=2131689767, res-name=apk_icon, visibility=GONE, width=0, height=0, has-focus=false, has-focusable=false, has-window-focus=true, is-clickable=true, is-enabled=true, is-focused=false, is-focusable=false, is-layout-requested=true, is-selected=false, root-is-layout-requested=false, has-input-connection=false, x=0.0, y=0.0}
|
+---------------&gt;RoundedImageView{id=2131689768, res-name=picture_icon, desc=icon, visibility=GONE, width=0, height=0, has-focus=false, has-focusable=false, has-window-focus=true, is-clickable=true, is-enabled=true, is-focused=false, is-focusable=false, is-layout-requested=true, is-selected=false, root-is-layout-requested=false, has-input-connection=false, x=0.0, y=0.0}
|
+---------------&gt;AppCompatImageView{id=2131689653, res-name=generic_icon, visibility=VISIBLE, width=105, height=105, has-focus=false, has-focusable=false, has-window-focus=true, is-clickable=true, is-enabled=true, is-focused=false, is-focusable=false, is-layout-requested=false, is-selected=false, root-is-layout-requested=false, has-input-connection=false, x=0.0, y=0.0}
|
+---------------&gt;AppCompatTextView{id=2131689769, res-name=generictext, visibility=VISIBLE, width=105, height=105, has-focus=false, has-focusable=false, has-window-focus=true, is-clickable=false, is-enabled=true, is-focused=false, is-focusable=false, is-layout-requested=false, is-selected=false, root-is-layout-requested=false, has-input-connection=false, x=0.0, y=0.0, text=, input-type=0, ime-target=false, has-links=false}
|
+--------------&gt;AppCompatImageView{id=2131689770, res-name=check_icon, visibility=INVISIBLE, width=53, height=53, has-focus=false, has-focusable=false, has-window-focus=true, is-clickable=false, is-enabled=true, is-focused=false, is-focusable=false, is-layout-requested=false, is-selected=false, root-is-layout-requested=false, has-input-connection=false, x=68.0, y=110.0}
|
+-------------&gt;AppCompatImageButton{id=2131689657, res-name=properties, visibility=VISIBLE, width=105, height=105, has-focus=false, has-focusable=true, has-window-focus=true, is-clickable=true, is-enabled=true, is-focused=false, is-focusable=true, is-layout-requested=false, is-selected=false, root-is-layout-requested=false, has-input-connection=false, x=933.0, y=42.0}
|
+-------------&gt;RelativeLayout{id=-1, visibility=VISIBLE, width=702, height=120, has-focus=false, has-focusable=false, has-window-focus=true, is-clickable=false, is-enabled=true, is-focused=false, is-focusable=false, is-layout-requested=false, is-selected=false, root-is-layout-requested=false, has-input-connection=false, x=189.0, y=34.0, child-count=2}
|
+--------------&gt;AppCompatTextView{id=2131689641, res-name=firstline, visibility=VISIBLE, width=290, height=61, has-focus=false, has-focusable=false, has-window-focus=true, is-clickable=false, is-enabled=true, is-focused=false, is-focusable=false, is-layout-requested=false, is-selected=false, root-is-layout-requested=false, has-input-connection=false, x=0.0, y=0.0, text=my_recipes.txt, input-type=0, ime-target=false, has-links=false}
|
+--------------&gt;RelativeLayout{id=-1, visibility=VISIBLE, width=702, height=46, has-focus=false, has-focusable=false, has-window-focus=true, is-clickable=false, is-enabled=true, is-focused=false, is-focusable=false, is-layout-requested=false, is-selected=false, root-is-layout-requested=false, has-input-connection=false, x=0.0, y=74.0, child-count=3}
|
+---------------&gt;AppCompatTextView{id=2131689661, res-name=date, visibility=VISIBLE, width=92, height=46, has-focus=false, has-focusable=false, has-window-focus=true, is-clickable=false, is-enabled=true, is-focused=false, is-focusable=false, is-layout-requested=false, is-selected=false, root-is-layout-requested=false, has-input-connection=false, x=0.0, y=0.0, text=Jul 13, input-type=0, ime-target=false, has-links=false}
|
+---------------&gt;AppCompatTextView{id=2131689660, res-name=secondLine, visibility=VISIBLE, width=0, height=46, has-focus=false, has-focusable=false, has-window-focus=true, is-clickable=false, is-enabled=true, is-focused=false, is-focusable=false, is-layout-requested=false, is-selected=false, root-is-layout-requested=false, has-input-connection=false, x=118.0, y=0.0, text=, input-type=0, ime-target=false, has-links=false}
|
+---------------&gt;AppCompatTextView{id=2131689656, res-name=permis, visibility=VISIBLE, width=0, height=46, has-focus=false, has-focusable=false, has-window-focus=true, is-clickable=false, is-enabled=true, is-focused=false, is-focusable=false, is-layout-requested=false, is-selected=false, root-is-layout-requested=false, has-input-connection=false, x=702.0, y=0.0, text=, input-type=0, ime-target=false, has-links=false}
|
+------------&gt;RelativeLayout{id=2131689640, res-name=second, visibility=VISIBLE, width=1080, height=189, has-focus=false, has-focusable=true, has-window-focus=true, is-clickable=true, is-enabled=true, is-focused=false, is-focusable=false, is-layout-requested=false, is-selected=false, root-is-layout-requested=false, has-input-connection=false, x=0.0, y=1212.0, child-count=3}
|
+-------------&gt;RelativeLayout{id=2131689765, res-name=icon_frame_parent, visibility=VISIBLE, width=147, height=189, has-focus=false, has-focusable=false, has-window-focus=true, is-clickable=false, is-enabled=true, is-focused=false, is-focusable=false, is-layout-requested=false, is-selected=false, root-is-layout-requested=false, has-input-connection=false, x=42.0, y=0.0, child-count=2}
|
+--------------&gt;FrameLayout{id=2131689766, res-name=iconframe, visibility=VISIBLE, width=105, height=105, has-focus=false, has-focusable=false, has-window-focus=true, is-clickable=false, is-enabled=true, is-focused=false, is-focusable=false, is-layout-requested=false, is-selected=false, root-is-layout-requested=false, has-input-connection=false, x=0.0, y=42.0, child-count=4}
|
+---------------&gt;AppCompatImageView{id=2131689767, res-name=apk_icon, visibility=GONE, width=0, height=0, has-focus=false, has-focusable=false, has-window-focus=true, is-clickable=true, is-enabled=true, is-focused=false, is-focusable=false, is-layout-requested=true, is-selected=false, root-is-layout-requested=false, has-input-connection=false, x=0.0, y=0.0}
|
+---------------&gt;RoundedImageView{id=2131689768, res-name=picture_icon, desc=icon, visibility=GONE, width=0, height=0, has-focus=false, has-focusable=false, has-window-focus=true, is-clickable=true, is-enabled=true, is-focused=false, is-focusable=false, is-layout-requested=true, is-selected=false, root-is-layout-requested=false, has-input-connection=false, x=0.0, y=0.0}
|
+---------------&gt;AppCompatImageView{id=2131689653, res-name=generic_icon, visibility=VISIBLE, width=105, height=105, has-focus=false, has-focusable=false, has-window-focus=true, is-clickable=true, is-enabled=true, is-focused=false, is-focusable=false, is-layout-requested=false, is-selected=false, root-is-layout-requested=false, has-input-connection=false, x=0.0, y=0.0}
|
+---------------&gt;AppCompatTextView{id=2131689769, res-name=generictext, visibility=VISIBLE, width=105, height=105, has-focus=false, has-focusable=false, has-window-focus=true, is-clickable=false, is-enabled=true, is-focused=false, is-focusable=false, is-layout-requested=false, is-selected=false, root-is-layout-requested=false, has-input-connection=false, x=0.0, y=0.0, text=, input-type=0, ime-target=false, has-links=false}
|
+--------------&gt;AppCompatImageView{id=2131689770, res-name=check_icon, visibility=INVISIBLE, width=53, height=53, has-focus=false, has-focusable=false, has-window-focus=true, is-clickable=false, is-enabled=true, is-focused=false, is-focusable=false, is-layout-requested=false, is-selected=false, root-is-layout-requested=false, has-input-connection=false, x=68.0, y=110.0}
|
+-------------&gt;AppCompatImageButton{id=2131689657, res-name=properties, visibility=VISIBLE, width=105, height=105, has-focus=false, has-focusable=true, has-window-focus=true, is-clickable=true, is-enabled=true, is-focused=false, is-focusable=true, is-layout-requested=false, is-selected=false, root-is-layout-requested=false, has-input-connection=false, x=933.0, y=42.0}
|
+-------------&gt;RelativeLayout{id=-1, visibility=VISIBLE, width=702, height=120, has-focus=false, has-focusable=false, has-window-focus=true, is-clickable=false, is-enabled=true, is-focused=false, is-focusable=false, is-layout-requested=false, is-selected=false, root-is-layout-requested=false, has-input-connection=false, x=189.0, y=34.0, child-count=2}
|
+--------------&gt;AppCompatTextView{id=2131689641, res-name=firstline, visibility=VISIBLE, width=98, height=61, has-focus=false, has-focusable=false, has-window-focus=true, is-clickable=false, is-enabled=true, is-focused=false, is-focusable=false, is-layout-requested=false, is-selected=false, root-is-layout-requested=false, has-input-connection=false, x=0.0, y=0.0, text=shdh, input-type=0, ime-target=false, has-links=false}
|
+--------------&gt;RelativeLayout{id=-1, visibility=VISIBLE, width=702, height=46, has-focus=false, has-focusable=false, has-window-focus=true, is-clickable=false, is-enabled=true, is-focused=false, is-focusable=false, is-layout-requested=false, is-selected=false, root-is-layout-requested=false, has-input-connection=false, x=0.0, y=74.0, child-count=3}
|
+---------------&gt;AppCompatTextView{id=2131689661, res-name=date, visibility=VISIBLE, width=92, height=46, has-focus=false, has-focusable=false, has-window-focus=true, is-clickable=false, is-enabled=true, is-focused=false, is-focusable=false, is-layout-requested=false, is-selected=false, root-is-layout-requested=false, has-input-connection=false, x=0.0, y=0.0, text=Jul 08, input-type=0, ime-target=false, has-links=false}
|
+---------------&gt;AppCompatTextView{id=2131689660, res-name=secondLine, visibility=VISIBLE, width=0, height=46, has-focus=false, has-focusable=false, has-window-focus=true, is-clickable=false, is-enabled=true, is-focused=false, is-focusable=false, is-layout-requested=false, is-selected=false, root-is-layout-requested=false, has-input-connection=false, x=118.0, y=0.0, text=, input-type=0, ime-target=false, has-links=false}
|
+---------------&gt;AppCompatTextView{id=2131689656, res-name=permis, visibility=VISIBLE, width=0, height=46, has-focus=false, has-focusable=false, has-window-focus=true, is-clickable=false, is-enabled=true, is-focused=false, is-focusable=false, is-layout-requested=false, is-selected=false, root-is-layout-requested=false, has-input-connection=false, x=702.0, y=0.0, text=, input-type=0, ime-target=false, has-links=false}
|
+------------&gt;RelativeLayout{id=2131689640, res-name=second, visibility=VISIBLE, width=1080, height=189, has-focus=false, has-focusable=true, has-window-focus=true, is-clickable=true, is-enabled=true, is-focused=false, is-focusable=false, is-layout-requested=false, is-selected=false, root-is-layout-requested=false, has-input-connection=false, x=0.0, y=1404.0, child-count=3}
|
+-------------&gt;RelativeLayout{id=2131689765, res-name=icon_frame_parent, visibility=VISIBLE, width=147, height=189, has-focus=false, has-focusable=false, has-window-focus=true, is-clickable=false, is-enabled=true, is-focused=false, is-focusable=false, is-layout-requested=false, is-selected=false, root-is-layout-requested=false, has-input-connection=false, x=42.0, y=0.0, child-count=2}
|
+--------------&gt;FrameLayout{id=2131689766, res-name=iconframe, visibility=VISIBLE, width=105, height=105, has-focus=false, has-focusable=false, has-window-focus=true, is-clickable=false, is-enabled=true, is-focused=false, is-focusable=false, is-layout-requested=false, is-selected=false, root-is-layout-requested=false, has-input-connection=false, x=0.0, y=42.0, child-count=4}
|
+---------------&gt;AppCompatImageView{id=2131689767, res-name=apk_icon, visibility=GONE, width=0, height=0, has-focus=false, has-focusable=false, has-window-focus=true, is-clickable=true, is-enabled=true, is-focused=false, is-focusable=false, is-layout-requested=true, is-selected=false, root-is-layout-requested=false, has-input-connection=false, x=0.0, y=0.0}
|
+---------------&gt;RoundedImageView{id=2131689768, res-name=picture_icon, desc=icon, visibility=GONE, width=0, height=0, has-focus=false, has-focusable=false, has-window-focus=true, is-clickable=true, is-enabled=true, is-focused=false, is-focusable=false, is-layout-requested=true, is-selected=false, root-is-layout-requested=false, has-input-connection=false, x=0.0, y=0.0}
|
+---------------&gt;AppCompatImageView{id=2131689653, res-name=generic_icon, visibility=VISIBLE, width=105, height=105, has-focus=false, has-focusable=false, has-window-focus=true, is-clickable=true, is-enabled=true, is-focused=false, is-focusable=false, is-layout-requested=false, is-selected=false, root-is-layout-requested=false, has-input-connection=false, x=0.0, y=0.0}
|
+---------------&gt;AppCompatTextView{id=2131689769, res-name=generictext, visibility=VISIBLE, width=105, height=105, has-focus=false, has-focusable=false, has-window-focus=true, is-clickable=false, is-enabled=true, is-focused=false, is-focusable=false, is-layout-requested=false, is-selected=false, root-is-layout-requested=false, has-input-connection=false, x=0.0, y=0.0, text=, input-type=0, ime-target=false, has-links=false}
|
+--------------&gt;AppCompatImageView{id=2131689770, res-name=check_icon, visibility=INVISIBLE, width=53, height=53, has-focus=false, has-focusable=false, has-window-focus=true, is-clickable=false, is-enabled=true, is-focused=false, is-focusable=false, is-layout-requested=false, is-selected=false, root-is-layout-requested=false, has-input-connection=false, x=68.0, y=110.0}
|
+-------------&gt;AppCompatImageButton{id=2131689657, res-name=properties, visibility=VISIBLE, width=105, height=105, has-focus=false, has-focusable=true, has-window-focus=true, is-clickable=true, is-enabled=true, is-focused=false, is-focusable=true, is-layout-requested=false, is-selected=false, root-is-layout-requested=false, has-input-connection=false, x=933.0, y=42.0}
|
+-------------&gt;RelativeLayout{id=-1, visibility=VISIBLE, width=702, height=120, has-focus=false, has-focusable=false, has-window-focus=true, is-clickable=false, is-enabled=true, is-focused=false, is-focusable=false, is-layout-requested=false, is-selected=false, root-is-layout-requested=false, has-input-connection=false, x=189.0, y=34.0, child-count=2}
|
+--------------&gt;AppCompatTextView{id=2131689641, res-name=firstline, visibility=VISIBLE, width=373, height=61, has-focus=false, has-focusable=false, has-window-focus=true, is-clickable=false, is-enabled=true, is-focused=false, is-focusable=false, is-layout-requested=false, is-selected=false, root-is-layout-requested=false, has-input-connection=false, x=0.0, y=0.0, text=window_dump.xml, input-type=0, ime-target=false, has-links=false}
|
+--------------&gt;RelativeLayout{id=-1, visibility=VISIBLE, width=702, height=46, has-focus=false, has-focusable=false, has-window-focus=true, is-clickable=false, is-enabled=true, is-focused=false, is-focusable=false, is-layout-requested=false, is-selected=false, root-is-layout-requested=false, has-input-connection=false, x=0.0, y=74.0, child-count=3}
|
+---------------&gt;AppCompatTextView{id=2131689661, res-name=date, visibility=VISIBLE, width=106, height=46, has-focus=false, has-focusable=false, has-window-focus=true, is-clickable=false, is-enabled=true, is-focused=false, is-focusable=false, is-layout-requested=false, is-selected=false, root-is-layout-requested=false, has-input-connection=false, x=0.0, y=0.0, text=Aug 01, input-type=0, ime-target=false, has-links=false}
|
+---------------&gt;AppCompatTextView{id=2131689660, res-name=secondLine, visibility=VISIBLE, width=0, height=46, has-focus=false, has-focusable=false, has-window-focus=true, is-clickable=false, is-enabled=true, is-focused=false, is-focusable=false, is-layout-requested=false, is-selected=false, root-is-layout-requested=false, has-input-connection=false, x=132.0, y=0.0, text=, input-type=0, ime-target=false, has-links=false}
|
+---------------&gt;AppCompatTextView{id=2131689656, res-name=permis, visibility=VISIBLE, width=0, height=46, has-focus=false, has-focusable=false, has-window-focus=true, is-clickable=false, is-enabled=true, is-focused=false, is-focusable=false, is-layout-requested=false, is-selected=false, root-is-layout-requested=false, has-input-connection=false, x=702.0, y=0.0, text=, input-type=0, ime-target=false, has-links=false}
|
+-----------&gt;CircleImageView{id=-1, visibility=GONE, width=104, height=105, has-focus=false, has-focusable=false, has-window-focus=true, is-clickable=false, is-enabled=true, is-focused=false, is-focusable=false, is-layout-requested=false, is-selected=false, root-is-layout-requested=false, has-input-connection=false, x=488.0, y=-105.0}
|
+----------&gt;FastScroller{id=2131689666, res-name=fastscroll, visibility=INVISIBLE, width=26, height=1542, has-focus=false, has-focusable=false, has-window-focus=true, is-clickable=false, is-enabled=true, is-focused=false, is-focusable=false, is-layout-requested=false, is-selected=false, root-is-layout-requested=false, has-input-connection=false, x=1054.0, y=0.0, child-count=1}
|
+-----------&gt;FrameLayout{id=-1, visibility=VISIBLE, width=26, height=1542, has-focus=false, has-focusable=false, has-window-focus=true, is-clickable=false, is-enabled=true, is-focused=false, is-focusable=false, is-layout-requested=false, is-selected=false, root-is-layout-requested=false, has-input-connection=false, x=0.0, y=0.0, child-count=2}
|
+------------&gt;View{id=2131689642, res-name=scroll_bar, visibility=INVISIBLE, width=26, height=1542, has-focus=false, has-focusable=false, has-window-focus=true, is-clickable=false, is-enabled=true, is-focused=false, is-focusable=false, is-layout-requested=false, is-selected=false, root-is-layout-requested=false, has-input-connection=false, x=0.0, y=0.0}
|
+------------&gt;AppCompatImageView{id=2131689643, res-name=scroll_handle, visibility=VISIBLE, width=26, height=184, has-focus=false, has-focusable=false, has-window-focus=true, is-clickable=false, is-enabled=true, is-focused=false, is-focusable=false, is-layout-requested=false, is-selected=false, root-is-layout-requested=false, has-input-connection=false, x=0.0, y=0.0}
|
+----------&gt;RelativeLayout{id=2131689667, res-name=nofilelayout, visibility=GONE, width=0, height=0, has-focus=false, has-focusable=false, has-window-focus=true, is-clickable=false, is-enabled=true, is-focused=false, is-focusable=false, is-layout-requested=true, is-selected=false, root-is-layout-requested=false, has-input-connection=false, x=0.0, y=0.0, child-count=2}
|
+-----------&gt;AppCompatImageView{id=2131689543, res-name=image, visibility=VISIBLE, width=0, height=0, has-focus=false, has-focusable=false, has-window-focus=true, is-clickable=false, is-enabled=true, is-focused=false, is-focusable=false, is-layout-requested=true, is-selected=false, root-is-layout-requested=false, has-input-connection=false, x=0.0, y=0.0}
|
+-----------&gt;AppCompatTextView{id=2131689668, res-name=nofiletext, visibility=VISIBLE, width=0, height=0, has-focus=false, has-focusable=false, has-window-focus=true, is-clickable=false, is-enabled=true, is-focused=false, is-focusable=false, is-layout-requested=true, is-selected=false, root-is-layout-requested=false, has-input-connection=false, x=0.0, y=0.0, text=No Files, input-type=0, ime-target=false, has-links=false}
|
+-------&gt;AppBarLayout{id=2131689671, res-name=lin, visibility=VISIBLE, width=1080, height=336, has-focus=false, has-focusable=true, has-window-focus=true, is-clickable=false, is-enabled=true, is-focused=false, is-focusable=false, is-layout-requested=false, is-selected=false, root-is-layout-requested=false, has-input-connection=false, x=0.0, y=0.0, child-count=2}
|
+--------&gt;Toolbar{id=2131689570, res-name=action_bar, visibility=VISIBLE, width=1080, height=147, has-focus=false, has-focusable=true, has-window-focus=true, is-clickable=false, is-enabled=true, is-focused=false, is-focusable=false, is-layout-requested=false, is-selected=false, root-is-layout-requested=false, has-input-connection=false, x=0.0, y=0.0, child-count=3}
|
+---------&gt;ImageButton{id=-1, desc=Navigate up, visibility=VISIBLE, width=147, height=147, has-focus=false, has-focusable=true, has-window-focus=true, is-clickable=true, is-enabled=true, is-focused=false, is-focusable=true, is-layout-requested=false, is-selected=false, root-is-layout-requested=false, has-input-connection=false, x=0.0, y=0.0}
|
+---------&gt;ActionMenuView{id=-1, visibility=VISIBLE, width=357, height=147, has-focus=false, has-focusable=true, has-window-focus=true, is-clickable=false, is-enabled=true, is-focused=false, is-focusable=false, is-layout-requested=false, is-selected=false, root-is-layout-requested=false, has-input-connection=false, x=723.0, y=0.0, child-count=3}
|
+----------&gt;ActionMenuItemView{id=2131689789, res-name=search, desc=Search, visibility=VISIBLE, width=126, height=126, has-focus=false, has-focusable=true, has-window-focus=true, is-clickable=true, is-enabled=true, is-focused=false, is-focusable=true, is-layout-requested=false, is-selected=false, root-is-layout-requested=false, has-input-connection=false, x=0.0, y=10.0, text=, input-type=0, ime-target=false, has-links=false}
|
+----------&gt;ActionMenuItemView{id=2131689477, res-name=home, desc=Home, visibility=VISIBLE, width=126, height=126, has-focus=false, has-focusable=true, has-window-focus=true, is-clickable=true, is-enabled=true, is-focused=false, is-focusable=true, is-layout-requested=false, is-selected=false, root-is-layout-requested=false, has-input-connection=false, x=126.0, y=10.0, text=, input-type=0, ime-target=false, has-links=false}
|
+----------&gt;OverflowMenuButton{id=-1, desc=More options, visibility=VISIBLE, width=105, height=126, has-focus=false, has-focusable=true, has-window-focus=true, is-clickable=true, is-enabled=true, is-focused=false, is-focusable=true, is-layout-requested=false, is-selected=false, root-is-layout-requested=false, has-input-connection=false, x=252.0, y=10.0}
|
+---------&gt;TextView{id=-1, visibility=VISIBLE, width=164, height=71, has-focus=false, has-focusable=false, has-window-focus=true, is-clickable=false, is-enabled=true, is-focused=false, is-focusable=false, is-layout-requested=false, is-selected=false, root-is-layout-requested=false, has-input-connection=false, x=189.0, y=38.0, text=Amaze, input-type=0, ime-target=false, has-links=false}
|
+--------&gt;FrameLayout{id=2131689672, res-name=buttonbarframe, visibility=VISIBLE, width=1080, height=189, has-focus=false, has-focusable=true, has-window-focus=true, is-clickable=false, is-enabled=true, is-focused=false, is-focusable=false, is-layout-requested=false, is-selected=false, root-is-layout-requested=false, has-input-connection=false, x=0.0, y=147.0, child-count=2}
|
+---------&gt;HorizontalScrollView{id=2131689500, res-name=scroll, visibility=VISIBLE, width=1080, height=0, has-focus=false, has-focusable=true, has-window-focus=true, is-clickable=false, is-enabled=true, is-focused=false, is-focusable=true, is-layout-requested=false, is-selected=false, root-is-layout-requested=false, has-input-connection=false, x=0.0, y=0.0, child-count=1}
|
+----------&gt;LinearLayout{id=2131689673, res-name=buttons, visibility=GONE, width=0, height=0, has-focus=false, has-focusable=false, has-window-focus=true, is-clickable=false, is-enabled=true, is-focused=false, is-focusable=false, is-layout-requested=true, is-selected=false, root-is-layout-requested=false, has-input-connection=false, x=0.0, y=0.0, child-count=0}
|
+---------&gt;LinearLayout{id=2131689674, res-name=pathbar, visibility=VISIBLE, width=1080, height=153, has-focus=false, has-focusable=true, has-window-focus=true, is-clickable=true, is-enabled=true, is-focused=false, is-focusable=false, is-layout-requested=false, is-selected=false, root-is-layout-requested=false, has-input-connection=false, x=0.0, y=18.0, child-count=2}
|
+----------&gt;HorizontalScrollView{id=2131689675, res-name=scroll1, visibility=VISIBLE, width=1038, height=76, has-focus=false, has-focusable=true, has-window-focus=true, is-clickable=false, is-enabled=true, is-focused=false, is-focusable=true, is-layout-requested=false, is-selected=false, root-is-layout-requested=false, has-input-connection=false, x=0.0, y=0.0, child-count=1}
|
+-----------&gt;LinearLayout{id=-1, visibility=VISIBLE, width=609, height=63, has-focus=false, has-focusable=false, has-window-focus=true, is-clickable=false, is-enabled=true, is-focused=false, is-focusable=false, is-layout-requested=false, is-selected=false, root-is-layout-requested=false, has-input-connection=false, x=189.0, y=13.0, child-count=2}
|
+------------&gt;AppCompatTextView{id=2131689676, res-name=fullpath, visibility=VISIBLE, width=609, height=63, has-focus=false, has-focusable=false, has-window-focus=true, is-clickable=true, is-enabled=true, is-focused=false, is-focusable=false, is-layout-requested=false, is-selected=false, root-is-layout-requested=false, has-input-connection=false, x=0.0, y=0.0, text=/storage/emulated/0/Testing, input-type=0, ime-target=false, has-links=false}
|
+------------&gt;AppCompatTextView{id=2131689677, res-name=fullpath_anim, visibility=GONE, width=609, height=63, has-focus=false, has-focusable=false, has-window-focus=true, is-clickable=false, is-enabled=true, is-focused=false, is-focusable=false, is-layout-requested=true, is-selected=false, root-is-layout-requested=false, has-input-connection=false, x=0.0, y=0.0, text=/storage/emulated/0/Testing, input-type=0, ime-target=false, has-links=false}
|
+----------&gt;AppCompatTextView{id=2131689678, res-name=pathname, visibility=VISIBLE, width=424, height=77, has-focus=false, has-focusable=false, has-window-focus=true, is-clickable=false, is-enabled=true, is-focused=false, is-focusable=false, is-layout-requested=false, is-selected=false, root-is-layout-requested=false, has-input-connection=false, x=0.0, y=76.0, text=2 Folders 7 Files, input-type=0, ime-target=false, has-links=false}
|
+-------&gt;RelativeLayout{id=2131689679, res-name=search_view, visibility=GONE, width=1058, height=147, has-focus=false, has-focusable=false, has-window-focus=true, is-clickable=false, is-enabled=true, is-focused=false, is-focusable=false, is-layout-requested=false, is-selected=false, root-is-layout-requested=false, has-input-connection=false, x=11.0, y=11.0, child-count=3}
|
+--------&gt;AppCompatImageView{id=2131689680, res-name=img_view_back, visibility=VISIBLE, width=63, height=63, has-focus=false, has-focusable=false, has-window-focus=true, is-clickable=false, is-enabled=true, is-focused=false, is-focusable=false, is-layout-requested=false, is-selected=false, root-is-layout-requested=false, has-input-connection=false, x=42.0, y=42.0}
|
+--------&gt;AppCompatEditText{id=2131689681, res-name=search_edit_text, visibility=VISIBLE, width=743, height=147, has-focus=false, has-focusable=true, has-window-focus=true, is-clickable=true, is-enabled=true, is-focused=false, is-focusable=true, is-layout-requested=false, is-selected=false, root-is-layout-requested=false, has-input-connection=true, editor-info=[inputType=0x1 imeOptions=0x8000005 privateImeOptions=null actionLabel=null actionId=0 initialSelStart=0 initialSelEnd=0 initialCapsMode=0x0 hintText=Type to search… label=null packageName=null fieldId=0 fieldName=null extras=null ], x=147.0, y=0.0, text=, hint=Type to search…, input-type=1, ime-target=false, has-links=false}
|
+--------&gt;AppCompatImageView{id=2131689580, res-name=search_close_btn, visibility=VISIBLE, width=84, height=84, has-focus=false, has-focusable=false, has-window-focus=true, is-clickable=false, is-enabled=true, is-focused=false, is-focusable=false, is-layout-requested=false, is-selected=false, root-is-layout-requested=false, has-input-connection=false, x=932.0, y=31.0}
|
+-------&gt;LinearLayout{id=2131689682, res-name=indicator_layout, visibility=VISIBLE, width=56, height=58, has-focus=false, has-focusable=false, has-window-focus=true, is-clickable=false, is-enabled=true, is-focused=false, is-focusable=false, is-layout-requested=false, is-selected=false, root-is-layout-requested=false, has-input-connection=false, x=512.0, y=1668.0, child-count=1}
|
+--------&gt;Indicator{id=2131689683, res-name=indicator, visibility=VISIBLE, width=56, height=16, has-focus=false, has-focusable=false, has-window-focus=true, is-clickable=false, is-enabled=true, is-focused=false, is-focusable=false, is-layout-requested=false, is-selected=false, root-is-layout-requested=false, has-input-connection=false, x=0.0, y=42.0}
|
+-------&gt;View{id=2131689684, res-name=fab_bg, visibility=GONE, width=1080, height=1731, has-focus=false, has-focusable=false, has-window-focus=true, is-clickable=true, is-enabled=true, is-focused=false, is-focusable=false, is-layout-requested=false, is-selected=false, root-is-layout-requested=false, has-input-connection=false, x=0.0, y=0.0}
|
+-------&gt;FloatingActionMenu{id=2131689685, res-name=menu, visibility=VISIBLE, width=564, height=761, has-focus=false, has-focusable=true, has-window-focus=true, is-clickable=false, is-enabled=true, is-focused=false, is-focusable=false, is-layout-requested=false, is-selected=false, root-is-layout-requested=false, has-input-connection=false, x=500.0, y=965.0, child-count=10}
|
+--------&gt;FloatingActionButton{id=2131689686, res-name=menu_item, visibility=INVISIBLE, width=133, height=143, has-focus=false, has-focusable=false, has-window-focus=true, is-clickable=true, is-enabled=true, is-focused=false, is-focusable=true, is-layout-requested=false, is-selected=false, root-is-layout-requested=false, has-input-connection=false, x=390.0, y=9.0}
|
+--------&gt;FloatingActionButton{id=2131689687, res-name=menu_item1, visibility=INVISIBLE, width=133, height=143, has-focus=false, has-focusable=false, has-window-focus=true, is-clickable=true, is-enabled=true, is-focused=false, is-focusable=true, is-layout-requested=false, is-selected=false, root-is-layout-requested=false, has-input-connection=false, x=390.0, y=178.0}
|
+--------&gt;FloatingActionButton{id=2131689688, res-name=menu_item2, visibility=INVISIBLE, width=133, height=143, has-focus=false, has-focusable=false, has-window-focus=true, is-clickable=true, is-enabled=true, is-focused=false, is-focusable=true, is-layout-requested=false, is-selected=false, root-is-layout-requested=false, has-input-connection=false, x=390.0, y=347.0}
|
+--------&gt;FloatingActionButton{id=2131689689, res-name=menu_item3, visibility=GONE, width=0, height=0, has-focus=false, has-focusable=false, has-window-focus=true, is-clickable=true, is-enabled=true, is-focused=false, is-focusable=true, is-layout-requested=true, is-selected=false, root-is-layout-requested=false, has-input-connection=false, x=0.0, y=0.0}
|
+--------&gt;FloatingActionButton{id=-1, visibility=VISIBLE, width=217, height=245, has-focus=false, has-focusable=true, has-window-focus=true, is-clickable=true, is-enabled=true, is-focused=false, is-focusable=true, is-layout-requested=false, is-selected=false, root-is-layout-requested=false, has-input-connection=false, x=348.0, y=516.0}
|
+--------&gt;ImageView{id=-1, visibility=VISIBLE, width=63, height=63, has-focus=false, has-focusable=false, has-window-focus=true, is-clickable=false, is-enabled=true, is-focused=false, is-focusable=false, is-layout-requested=false, is-selected=false, root-is-layout-requested=false, has-input-connection=false, x=425.0, y=607.0}
|
+--------&gt;Label{id=-1, visibility=INVISIBLE, width=190, height=71, has-focus=false, has-focusable=false, has-window-focus=true, is-clickable=true, is-enabled=true, is-focused=false, is-focusable=false, is-layout-requested=false, is-selected=false, root-is-layout-requested=false, has-input-connection=false, x=174.0, y=45.0, text=Folder, input-type=0, ime-target=false, has-links=false}
|
+--------&gt;Label{id=-1, visibility=INVISIBLE, width=144, height=71, has-focus=false, has-focusable=false, has-window-focus=true, is-clickable=true, is-enabled=true, is-focused=false, is-focusable=false, is-layout-requested=false, is-selected=false, root-is-layout-requested=false, has-input-connection=false, x=220.0, y=214.0, text=File, input-type=0, ime-target=false, has-links=false}
|
+--------&gt;Label{id=-1, visibility=INVISIBLE, width=363, height=71, has-focus=false, has-focusable=false, has-window-focus=true, is-clickable=true, is-enabled=true, is-focused=false, is-focusable=false, is-layout-requested=false, is-selected=false, root-is-layout-requested=false, has-input-connection=false, x=1.0, y=383.0, text=SMB Connection, input-type=0, ime-target=false, has-links=false}
|
+--------&gt;Label{id=-1, visibility=GONE, width=0, height=0, has-focus=false, has-focusable=false, has-window-focus=true, is-clickable=true, is-enabled=true, is-focused=false, is-focusable=false, is-layout-requested=true, is-selected=false, root-is-layout-requested=false, has-input-connection=false, x=0.0, y=0.0, text=Drive Connection, input-type=0, ime-target=false, has-links=false}
|
+------&gt;ScrimInsetsRelativeLayout{id=2131689690, res-name=left_drawer, visibility=INVISIBLE, width=798, height=1794, has-focus=false, has-focusable=false, has-window-focus=true, is-clickable=false, is-enabled=true, is-focused=false, is-focusable=false, is-layout-requested=false, is-selected=false, root-is-layout-requested=false, has-input-connection=false, x=-798.0, y=0.0, child-count=5}
|
+-------&gt;ListView{id=2131689691, res-name=menu_drawer, visibility=VISIBLE, width=798, height=1392, has-focus=false, has-focusable=true, has-window-focus=true, is-clickable=true, is-enabled=true, is-focused=false, is-focusable=true, is-layout-requested=false, is-selected=false, root-is-layout-requested=false, has-input-connection=false, x=0.0, y=0.0, child-count=10}
|
+--------&gt;FrameLayout{id=-1, visibility=VISIBLE, width=798, height=470, has-focus=false, has-focusable=false, has-window-focus=true, is-clickable=false, is-enabled=true, is-focused=false, is-focusable=false, is-layout-requested=false, is-selected=false, root-is-layout-requested=false, has-input-connection=false, x=0.0, y=0.0, child-count=1}
|
+---------&gt;RelativeLayout{id=2131689635, res-name=drawer_header_parent, visibility=VISIBLE, width=798, height=449, has-focus=false, has-focusable=false, has-window-focus=true, is-clickable=false, is-enabled=true, is-focused=false, is-focusable=false, is-layout-requested=false, is-selected=false, root-is-layout-requested=false, has-input-connection=false, x=0.0, y=0.0, child-count=3}
|
+----------&gt;View{id=2131689636, res-name=drawer_header, visibility=VISIBLE, width=798, height=449, has-focus=false, has-focusable=false, has-window-focus=true, is-clickable=false, is-enabled=true, is-focused=false, is-focusable=false, is-layout-requested=false, is-selected=false, root-is-layout-requested=false, has-input-connection=false, x=0.0, y=0.0}
|
+----------&gt;RoundedImageView{id=2131689637, res-name=profile_pic, visibility=INVISIBLE, width=173, height=173, has-focus=false, has-focusable=false, has-window-focus=true, is-clickable=false, is-enabled=true, is-focused=false, is-focusable=false, is-layout-requested=false, is-selected=false, root-is-layout-requested=false, has-input-connection=false, x=42.0, y=138.0}
|
+----------&gt;LinearLayout{id=-1, visibility=VISIBLE, width=756, height=147, has-focus=false, has-focusable=false, has-window-focus=true, is-clickable=false, is-enabled=true, is-focused=false, is-focusable=false, is-layout-requested=false, is-selected=false, root-is-layout-requested=false, has-input-connection=false, x=42.0, y=302.0, child-count=2}
|
+-----------&gt;AppCompatTextView{id=2131689638, res-name=account_header_drawer_name, visibility=VISIBLE, width=756, height=51, has-focus=false, has-focusable=false, has-window-focus=true, is-clickable=false, is-enabled=true, is-focused=false, is-focusable=false, is-layout-requested=false, is-selected=false, root-is-layout-requested=false, has-input-connection=false, x=0.0, y=22.0, text=, input-type=0, ime-target=false, has-links=false}
|
+-----------&gt;AppCompatTextView{id=2131689639, res-name=account_header_drawer_email, visibility=VISIBLE, width=756, height=51, has-focus=false, has-focusable=false, has-window-focus=true, is-clickable=false, is-enabled=true, is-focused=false, is-focusable=false, is-layout-requested=false, is-selected=false, root-is-layout-requested=false, has-input-connection=false, x=0.0, y=73.0, text=, input-type=0, ime-target=false, has-links=false}
|
+--------&gt;RelativeLayout{id=2131689640, res-name=second, visibility=VISIBLE, width=798, height=126, has-focus=false, has-focusable=false, has-window-focus=true, is-clickable=true, is-enabled=true, is-focused=false, is-focusable=false, is-layout-requested=false, is-selected=false, root-is-layout-requested=false, has-input-connection=false, x=0.0, y=470.0, child-count=2}
|
+---------&gt;AppCompatImageView{id=2131689546, res-name=icon, desc=icon, visibility=VISIBLE, width=63, height=126, has-focus=false, has-focusable=false, has-window-focus=true, is-clickable=false, is-enabled=true, is-focused=false, is-focusable=false, is-layout-requested=false, is-selected=false, root-is-layout-requested=false, has-input-connection=false, x=42.0, y=0.0}
|
+---------&gt;AppCompatTextView{id=2131689641, res-name=firstline, visibility=VISIBLE, width=567, height=126, has-focus=false, has-focusable=false, has-window-focus=true, is-clickable=false, is-enabled=true, is-focused=false, is-focusable=false, is-layout-requested=false, is-selected=false, root-is-layout-requested=false, has-input-connection=false, x=189.0, y=0.0, text=Storage, input-type=0, ime-target=false, has-links=false}
|
+--------&gt;ImageView{id=-1, visibility=VISIBLE, width=798, height=45, has-focus=false, has-focusable=false, has-window-focus=true, is-clickable=false, is-enabled=true, is-focused=false, is-focusable=false, is-layout-requested=false, is-selected=false, root-is-layout-requested=false, has-input-connection=false, x=0.0, y=596.0}
|
+--------&gt;RelativeLayout{id=2131689640, res-name=second, visibility=VISIBLE, width=798, height=126, has-focus=false, has-focusable=false, has-window-focus=true, is-clickable=true, is-enabled=true, is-focused=false, is-focusable=false, is-layout-requested=false, is-selected=false, root-is-layout-requested=false, has-input-connection=false, x=0.0, y=641.0, child-count=2}
|
+---------&gt;AppCompatImageView{id=2131689546, res-name=icon, desc=icon, visibility=VISIBLE, width=63, height=126, has-focus=false, has-focusable=false, has-window-focus=true, is-clickable=false, is-enabled=true, is-focused=false, is-focusable=false, is-layout-requested=false, is-selected=false, root-is-layout-requested=false, has-input-connection=false, x=42.0, y=0.0}
|
+---------&gt;AppCompatTextView{id=2131689641, res-name=firstline, visibility=VISIBLE, width=567, height=126, has-focus=false, has-focusable=false, has-window-focus=true, is-clickable=false, is-enabled=true, is-focused=false, is-focusable=false, is-layout-requested=false, is-selected=false, root-is-layout-requested=false, has-input-connection=false, x=189.0, y=0.0, text=DCIM, input-type=0, ime-target=false, has-links=false}
|
+--------&gt;RelativeLayout{id=2131689640, res-name=second, visibility=VISIBLE, width=798, height=126, has-focus=false, has-focusable=false, has-window-focus=true, is-clickable=true, is-enabled=true, is-focused=false, is-focusable=false, is-layout-requested=false, is-selected=false, root-is-layout-requested=false, has-input-connection=false, x=0.0, y=767.0, child-count=2}
|
+---------&gt;AppCompatImageView{id=2131689546, res-name=icon, desc=icon, visibility=VISIBLE, width=63, height=126, has-focus=false, has-focusable=false, has-window-focus=true, is-clickable=false, is-enabled=true, is-focused=false, is-focusable=false, is-layout-requested=false, is-selected=false, root-is-layout-requested=false, has-input-connection=false, x=42.0, y=0.0}
|
+---------&gt;AppCompatTextView{id=2131689641, res-name=firstline, visibility=VISIBLE, width=567, height=126, has-focus=false, has-focusable=false, has-window-focus=true, is-clickable=false, is-enabled=true, is-focused=false, is-focusable=false, is-layout-requested=false, is-selected=false, root-is-layout-requested=false, has-input-connection=false, x=189.0, y=0.0, text=Download, input-type=0, ime-target=false, has-links=false}
|
+--------&gt;RelativeLayout{id=2131689640, res-name=second, visibility=VISIBLE, width=798, height=126, has-focus=false, has-focusable=false, has-window-focus=true, is-clickable=true, is-enabled=true, is-focused=false, is-focusable=false, is-layout-requested=false, is-selected=false, root-is-layout-requested=false, has-input-connection=false, x=0.0, y=893.0, child-count=2}
|
+---------&gt;AppCompatImageView{id=2131689546, res-name=icon, desc=icon, visibility=VISIBLE, width=63, height=126, has-focus=false, has-focusable=false, has-window-focus=true, is-clickable=false, is-enabled=true, is-focused=false, is-focusable=false, is-layout-requested=false, is-selected=false, root-is-layout-requested=false, has-input-connection=false, x=42.0, y=0.0}
|
+---------&gt;AppCompatTextView{id=2131689641, res-name=firstline, visibility=VISIBLE, width=567, height=126, has-focus=false, has-focusable=false, has-window-focus=true, is-clickable=false, is-enabled=true, is-focused=false, is-focusable=false, is-layout-requested=false, is-selected=false, root-is-layout-requested=false, has-input-connection=false, x=189.0, y=0.0, text=Movies, input-type=0, ime-target=false, has-links=false}
|
+--------&gt;RelativeLayout{id=2131689640, res-name=second, visibility=VISIBLE, width=798, height=126, has-focus=false, has-focusable=false, has-window-focus=true, is-clickable=true, is-enabled=true, is-focused=false, is-focusable=false, is-layout-requested=false, is-selected=false, root-is-layout-requested=false, has-input-connection=false, x=0.0, y=1019.0, child-count=2}
|
+---------&gt;AppCompatImageView{id=2131689546, res-name=icon, desc=icon, visibility=VISIBLE, width=63, height=126, has-focus=false, has-focusable=false, has-window-focus=true, is-clickable=false, is-enabled=true, is-focused=false, is-focusable=false, is-layout-requested=false, is-selected=false, root-is-layout-requested=false, has-input-connection=false, x=42.0, y=0.0}
|
+---------&gt;AppCompatTextView{id=2131689641, res-name=firstline, visibility=VISIBLE, width=567, height=126, has-focus=false, has-focusable=false, has-window-focus=true, is-clickable=false, is-enabled=true, is-focused=false, is-focusable=false, is-layout-requested=false, is-selected=false, root-is-layout-requested=false, has-input-connection=false, x=189.0, y=0.0, text=Music, input-type=0, ime-target=false, has-links=false}
|
+--------&gt;RelativeLayout{id=2131689640, res-name=second, visibility=VISIBLE, width=798, height=126, has-focus=false, has-focusable=false, has-window-focus=true, is-clickable=true, is-enabled=true, is-focused=false, is-focusable=false, is-layout-requested=false, is-selected=false, root-is-layout-requested=false, has-input-connection=false, x=0.0, y=1145.0, child-count=2}
|
+---------&gt;AppCompatImageView{id=2131689546, res-name=icon, desc=icon, visibility=VISIBLE, width=63, height=126, has-focus=false, has-focusable=false, has-window-focus=true, is-clickable=false, is-enabled=true, is-focused=false, is-focusable=false, is-layout-requested=false, is-selected=false, root-is-layout-requested=false, has-input-connection=false, x=42.0, y=0.0}
|
+---------&gt;AppCompatTextView{id=2131689641, res-name=firstline, visibility=VISIBLE, width=567, height=126, has-focus=false, has-focusable=false, has-window-focus=true, is-clickable=false, is-enabled=true, is-focused=false, is-focusable=false, is-layout-requested=false, is-selected=false, root-is-layout-requested=false, has-input-connection=false, x=189.0, y=0.0, text=Pictures, input-type=0, ime-target=false, has-links=false}
|
+--------&gt;ImageView{id=-1, visibility=VISIBLE, width=798, height=45, has-focus=false, has-focusable=false, has-window-focus=true, is-clickable=false, is-enabled=true, is-focused=false, is-focusable=false, is-layout-requested=false, is-selected=false, root-is-layout-requested=false, has-input-connection=false, x=0.0, y=1271.0}
|
+--------&gt;RelativeLayout{id=2131689640, res-name=second, visibility=VISIBLE, width=798, height=126, has-focus=false, has-focusable=false, has-window-focus=true, is-clickable=true, is-enabled=true, is-focused=false, is-focusable=false, is-layout-requested=false, is-selected=false, root-is-layout-requested=false, has-input-connection=false, x=0.0, y=1316.0, child-count=2}
|
+---------&gt;AppCompatImageView{id=2131689546, res-name=icon, desc=icon, visibility=VISIBLE, width=63, height=126, has-focus=false, has-focusable=false, has-window-focus=true, is-clickable=false, is-enabled=true, is-focused=false, is-focusable=false, is-layout-requested=false, is-selected=false, root-is-layout-requested=false, has-input-connection=false, x=42.0, y=0.0}
|
+---------&gt;AppCompatTextView{id=2131689641, res-name=firstline, visibility=VISIBLE, width=567, height=126, has-focus=false, has-focusable=false, has-window-focus=true, is-clickable=false, is-enabled=true, is-focused=false, is-focusable=false, is-layout-requested=false, is-selected=false, root-is-layout-requested=false, has-input-connection=false, x=189.0, y=0.0, text=Quick Access, input-type=0, ime-target=false, has-links=false}
|
+-------&gt;AppCompatImageView{id=2131689692, res-name=divider1, visibility=VISIBLE, width=798, height=24, has-focus=false, has-focusable=false, has-window-focus=true, is-clickable=false, is-enabled=true, is-focused=false, is-focusable=false, is-layout-requested=false, is-selected=false, root-is-layout-requested=false, has-input-connection=false, x=0.0, y=1392.0}
|
+-------&gt;RelativeLayout{id=2131689693, res-name=ftpbutton, visibility=VISIBLE, width=798, height=126, has-focus=false, has-focusable=false, has-window-focus=true, is-clickable=true, is-enabled=true, is-focused=false, is-focusable=false, is-layout-requested=false, is-selected=false, root-is-layout-requested=false, has-input-connection=false, x=0.0, y=1416.0, child-count=2}
|
+--------&gt;AppCompatImageView{id=2131689695, res-name=ftpicon, desc=icon, visibility=VISIBLE, width=63, height=126, has-focus=false, has-focusable=false, has-window-focus=true, is-clickable=false, is-enabled=true, is-focused=false, is-focusable=false, is-layout-requested=false, is-selected=false, root-is-layout-requested=false, has-input-connection=false, x=42.0, y=0.0}
|
+--------&gt;AppCompatTextView{id=2131689696, res-name=ftptext, visibility=VISIBLE, width=567, height=126, has-focus=false, has-focusable=false, has-window-focus=true, is-clickable=false, is-enabled=true, is-focused=false, is-focusable=false, is-layout-requested=false, is-selected=false, root-is-layout-requested=false, has-input-connection=false, x=189.0, y=0.0, text=FTP Server, input-type=0, ime-target=false, has-links=false}
|
+-------&gt;RelativeLayout{id=2131689694, res-name=appbutton, visibility=VISIBLE, width=798, height=126, has-focus=false, has-focusable=false, has-window-focus=true, is-clickable=true, is-enabled=true, is-focused=false, is-focusable=false, is-layout-requested=false, is-selected=false, root-is-layout-requested=false, has-input-connection=false, x=0.0, y=1542.0, child-count=2}
|
+--------&gt;AppCompatImageView{id=2131689698, res-name=appicon, desc=icon, visibility=VISIBLE, width=63, height=126, has-focus=false, has-focusable=false, has-window-focus=true, is-clickable=false, is-enabled=true, is-focused=false, is-focusable=false, is-layout-requested=false, is-selected=false, root-is-layout-requested=false, has-input-connection=false, x=42.0, y=0.0}
|
+--------&gt;AppCompatTextView{id=2131689699, res-name=apptext, visibility=VISIBLE, width=567, height=126, has-focus=false, has-focusable=false, has-window-focus=true, is-clickable=false, is-enabled=true, is-focused=false, is-focusable=false, is-layout-requested=false, is-selected=false, root-is-layout-requested=false, has-input-connection=false, x=189.0, y=0.0, text=App Manager, input-type=0, ime-target=false, has-links=false}
|
+-------&gt;RelativeLayout{id=2131689697, res-name=settingsbutton, visibility=VISIBLE, width=798, height=126, has-focus=false, has-focusable=false, has-window-focus=true, is-clickable=true, is-enabled=true, is-focused=false, is-focusable=false, is-layout-requested=false, is-selected=false, root-is-layout-requested=false, has-input-connection=false, x=0.0, y=1668.0, child-count=2}
|
+--------&gt;AppCompatImageView{id=2131689700, res-name=settingicon, desc=icon, visibility=VISIBLE, width=63, height=126, has-focus=false, has-focusable=false, has-window-focus=true, is-clickable=false, is-enabled=true, is-focused=false, is-focusable=false, is-layout-requested=false, is-selected=false, root-is-layout-requested=false, has-input-connection=false, x=42.0, y=0.0}
|
+--------&gt;AppCompatTextView{id=2131689701, res-name=settingtext, visibility=VISIBLE, width=567, height=126, has-focus=false, has-focusable=false, has-window-focus=true, is-clickable=false, is-enabled=true, is-focused=false, is-focusable=false, is-layout-requested=false, is-selected=false, root-is-layout-requested=false, has-input-connection=false, x=189.0, y=0.0, text=Settings, input-type=0, ime-target=false, has-links=false}
|
+----&gt;ViewStubCompat{id=2131689566, res-name=action_mode_bar_stub, visibility=GONE, width=0, height=0, has-focus=false, has-focusable=false, has-window-focus=true, is-clickable=false, is-enabled=true, is-focused=false, is-focusable=false, is-layout-requested=true, is-selected=false, root-is-layout-requested=false, has-input-connection=false, x=0.0, y=0.0}
|
+-&gt;View{id=16908336, res-name=navigationBarBackground, visibility=VISIBLE, width=1080, height=126, has-focus=false, has-focusable=false, has-window-focus=true, is-clickable=false, is-enabled=true, is-focused=false, is-focusable=false, is-layout-requested=false, is-selected=false, root-is-layout-requested=false, has-input-connection=false, x=0.0, y=1794.0}
|
at dalvik.system.VMStack.getThreadStackTrace(Native Method)
at java.lang.Thread.getStackTrace(Thread.java:580)
at android.support.test.espresso.base.DefaultFailureHandler.getUserFriendlyError(DefaultFailureHandler.java:92)
at android.support.test.espresso.base.DefaultFailureHandler.handle(DefaultFailureHandler.java:56)
at android.support.test.espresso.ViewInteraction.runSynchronouslyOnUiThread(ViewInteraction.java:184)
at android.support.test.espresso.ViewInteraction.doPerform(ViewInteraction.java:115)
at android.support.test.espresso.ViewInteraction.perform(ViewInteraction.java:87)
at com.amaze.filemanager.test.TestClasses.EditBookmarkTests.tearDown(EditBookmarkTests.java:50)
at java.lang.reflect.Method.invoke(Native Method)
at org.junit.runners.model.FrameworkMethod$1.runReflectiveCall(FrameworkMethod.java:50)
at org.junit.internal.runners.model.ReflectiveCallable.run(ReflectiveCallable.java:12)
at org.junit.runners.model.FrameworkMethod.invokeExplosively(FrameworkMethod.java:47)
at org.junit.internal.runners.statements.RunAfters.evaluate(RunAfters.java:33)
at android.support.test.internal.statement.UiThreadStatement.evaluate(UiThreadStatement.java:55)
at android.support.test.rule.ActivityTestRule$ActivityStatement.evaluate(ActivityTestRule.java:270)
at org.junit.rules.RunRules.evaluate(RunRules.java:20)
at org.junit.runners.ParentRunner.runLeaf(ParentRunner.java:325)
at org.junit.runners.BlockJUnit4ClassRunner.runChild(BlockJUnit4ClassRunner.java:78)
at org.junit.runners.BlockJUnit4ClassRunner.runChild(BlockJUnit4ClassRunner.java:57)
at org.junit.runners.ParentRunner$3.run(ParentRunner.java:290)
at org.junit.runners.ParentRunner$1.schedule(ParentRunner.java:71)
at org.junit.runners.ParentRunner.runChildren(ParentRunner.java:288)
at org.junit.runners.ParentRunner.access$000(ParentRunner.java:58)
at org.junit.runners.ParentRunner$2.evaluate(ParentRunner.java:268)
at org.junit.runners.ParentRunner.run(ParentRunner.java:363)
at org.junit.runners.Suite.runChild(Suite.java:128)
at org.junit.runners.Suite.runChild(Suite.java:27)
at org.junit.runners.ParentRunner$3.run(ParentRunner.java:290)
at org.junit.runners.ParentRunner$1.schedule(ParentRunner.java:71)
at org.junit.runners.ParentRunner.runChildren(ParentRunner.java:288)
at org.junit.runners.ParentRunner.access$000(ParentRunner.java:58)
at org.junit.runners.ParentRunner$2.evaluate(ParentRunner.java:268)
at org.junit.runners.ParentRunner.run(ParentRunner.java:363)
at org.junit.runner.JUnitCore.run(JUnitCore.java:137)
at org.junit.runner.JUnitCore.run(JUnitCore.java:115)
at android.support.test.internal.runner.TestExecutor.execute(TestExecutor.java:59)
at android.support.test.runner.AndroidJUnitRunner.onStart(AndroidJUnitRunner.java:262)
at android.app.Instrumentation$InstrumentationThread.run(Instrumentation.java:1879)
</failure>
  </testcase>
  <testcase name="testCopyFileToAnotherFolder" classname="com.amaze.filemanager.test.TestClasses.FileAndFolderManipulationTests" time="24.731" />
  <testcase name="testCreateNewFileAndDeleteIt" classname="com.amaze.filemanager.test.TestClasses.FileAndFolderManipulationTests" time="12.107" />
  <testcase name="testCreateNewFolderAndDeleteIt" classname="com.amaze.filemanager.test.TestClasses.FileAndFolderManipulationTests" time="12.453" />
  <testcase name="testRotateMainFragment" classname="com.amaze.filemanager.test.TestClasses.MainFragmentRotationTests" time="14.467" />
  <testcase name="testSwipingBetweenTwoFolders" classname="com.amaze.filemanager.test.TestClasses.NavigationTests" time="9.55" />
  <testcase name="testGridVIew" classname="com.amaze.filemanager.test.TestClasses.NavigationTests" time="5.844" />
  <testcase name="testOpenFileCheckRecents" classname="com.amaze.filemanager.test.TestClasses.QuickAccessFileTests" time="13.043" />
  <testcase name="testSetHome" classname="com.amaze.filemanager.test.TestClasses.SetHomeTest" time="8.03" />
</testsuite>