<?xml version='1.0' encoding='UTF-8' ?>
<testsuite name="org.wikipedia.espresso_test.ArticleSearchTests" tests="15" failures="0" errors="0" skipped="3" time="115.711" timestamp="2016-09-13T16:14:57" hostname="localhost">
  <properties>
    <property name="device" value="Nexus 5X - 6.0" />
    <property name="flavor" value="ALPHA" />
    <property name="project" value="app" />
  </properties>
  <testcase name="testSearchArticle_checkRecentsShown" classname="org.wikipedia.espresso_test.ArticleSearchTests" time="17.708" />
  <testcase name="testSearchArticle_checkTitleShown" classname="org.wikipedia.espresso_test.ArticleSearchTests" time="5.314" />
  <testcase name="testScrollingToC_clickSubHeading" classname="org.wikipedia.espresso_test.ArticleTests" time="6.29" />
  <testcase name="testClickLink_partialText_assertPreviewShown" classname="org.wikipedia.espresso_test.ArticleTests" time="0.001">
    <skipped />
  </testcase>
  <testcase name="testOpeningAndClosingReferences" classname="org.wikipedia.espresso_test.ArticleTests" time="0.0">
    <skipped />
  </testcase>
  <testcase name="testClickLink_fullText_assertPreviewShown" classname="org.wikipedia.espresso_test.ArticleTests" time="5.318" />
  <testcase name="testTableOfContents_checkSubTitles" classname="org.wikipedia.espresso_test.ArticleTests" time="0.0">
    <skipped />
  </testcase>
  <testcase name="testHistory" classname="org.wikipedia.espresso_test.HistoryTests" time="13.472" />
  <testcase name="testChangeLanguageInSearch" classname="org.wikipedia.espresso_test.LanguageTests" time="11.852" />
  <testcase name="testChangeLanguageInArticle" classname="org.wikipedia.espresso_test.LanguageTests" time="9.186" />
  <testcase name="testAddArticleToReadingList" classname="org.wikipedia.espresso_test.ReadingListTests" time="9.964" />
  <testcase name="testOpenToC_rotatePhone" classname="org.wikipedia.espresso_test.RotationTests" time="6.032" />
  <testcase name="testOpenTab_rotatePhone" classname="org.wikipedia.espresso_test.RotationTests" time="8.196" />
  <testcase name="testOpenMultipleTabs" classname="org.wikipedia.espresso_test.TabTests" time="14.288" />
  <testcase name="testOpenArticleInNewTab" classname="org.wikipedia.espresso_test.TabTests" time="7.749" />
</testsuite>