<?xml version="1.0" encoding="UTF-8"?>
<testsuite name="com.amaze.filemanager.test.TestClasses.BookMarkTests" tests="1" skipped="0" failures="0" errors="0" timestamp="2016-09-06T23:40:43" hostname="TOL025031" time="29.302">
  <properties/>
  <testcase name="testBookMarking" classname="com.amaze.filemanager.test.TestClasses.BookMarkTests" time="29.302"/>
  <system-out><![CDATA[]]></system-out>
  <system-err><![CDATA[]]></system-err>
</testsuite>
