<?xml version="1.0" encoding="UTF-8"?>
<testsuite name="com.amaze.filemanager.test.TestClasses.NavigationTests" tests="2" skipped="0" failures="0" errors="0" timestamp="2016-08-18T10:23:19" hostname="TOL025031" time="65.496">
  <properties/>
  <testcase name="testSwipingBetweenTwoFolders" classname="com.amaze.filemanager.test.TestClasses.NavigationTests" time="31.962"/>
  <testcase name="testGridView" classname="com.amaze.filemanager.test.TestClasses.NavigationTests" time="33.534"/>
  <system-out><![CDATA[]]></system-out>
  <system-err><![CDATA[]]></system-err>
</testsuite>
