<?xml version='1.0' encoding='UTF-8' ?>
<testsuite name="org.wikipedia.uiautomator_tests.ArticleSearchTests" tests="9" failures="0" errors="0" skipped="0" time="254.134" timestamp="2016-10-11T20:13:35" hostname="localhost">
  <properties>
    <property name="device" value="Nexus 5X - 6.0" />
    <property name="flavor" value="ALPHA" />
    <property name="project" value="app" />
  </properties>
  <testcase name="testSearchArticle_checkRecentsShown" classname="org.wikipedia.uiautomator_tests.ArticleSearchTests" time="45.809" />
  <testcase name="testSearchArticle_checkTitleShown" classname="org.wikipedia.uiautomator_tests.ArticleSearchTests" time="10.09" />
  <testcase name="testScrollingToC_clickSubHeading" classname="org.wikipedia.uiautomator_tests.ArticleTests" time="17.186" />
  <testcase name="testHistory" classname="org.wikipedia.uiautomator_tests.HistoryTests" time="43.769" />
  <testcase name="testChangeLanguageInSearch" classname="org.wikipedia.uiautomator_tests.LanguageTests" time="33.772" />
  <testcase name="testChangeLanguageInArticle" classname="org.wikipedia.uiautomator_tests.LanguageTests" time="30.493" />
  <testcase name="testAddArticleToReadingList" classname="org.wikipedia.uiautomator_tests.ReadingListTests" time="21.339" />
  <testcase name="testOpenToC_rotatePhone" classname="org.wikipedia.uiautomator_tests.RotationTests" time="16.35" />
  <testcase name="testOpenMultipleTabs" classname="org.wikipedia.uiautomator_tests.TabTests" time="34.772" />
</testsuite>