<?xml version="1.0" encoding="UTF-8"?>
<testsuite name="org.wikipedia.appium.ArticleTests" tests="4" skipped="0" failures="0" errors="0" timestamp="2016-10-02T21:18:02" hostname="TOL025031" time="139.906">
  <properties/>
  <testcase name="testClickLink_partialText_assertPreviewShown" classname="org.wikipedia.appium.ArticleTests" time="31.931"/>
  <testcase name="testOpeningAndClosingReferences" classname="org.wikipedia.appium.ArticleTests" time="39.476"/>
  <testcase name="testClickLink_fullText_assertPreviewShown" classname="org.wikipedia.appium.ArticleTests" time="32.148"/>
  <testcase name="testTableOfContents_checkSubTitles" classname="org.wikipedia.appium.ArticleTests" time="36.35"/>
  <system-out><![CDATA[]]></system-out>
  <system-err><![CDATA[]]></system-err>
</testsuite>
