<?xml version="1.0" encoding="UTF-8"?>
<testsuite name="com.amaze.filemanager.test.TestClasses.NavigationTests" tests="2" skipped="0" failures="0" errors="0" timestamp="2016-09-07T00:00:30" hostname="TOL025031" time="64.06">
  <properties/>
  <testcase name="testSwipingBetweenTwoFolders" classname="com.amaze.filemanager.test.TestClasses.NavigationTests" time="30.683"/>
  <testcase name="testGridView" classname="com.amaze.filemanager.test.TestClasses.NavigationTests" time="33.377"/>
  <system-out><![CDATA[]]></system-out>
  <system-err><![CDATA[]]></system-err>
</testsuite>
