<?xml version='1.0' encoding='UTF-8' ?>
<testsuite name="org.wikipedia.espresso_test.ArticleSearchTests" tests="9" failures="0" errors="0" skipped="0" time="90.171" timestamp="2016-10-11T09:40:49" hostname="localhost">
  <properties>
    <property name="device" value="Nexus 5X - 6.0" />
    <property name="flavor" value="ALPHA" />
    <property name="project" value="app" />
  </properties>
  <testcase name="testSearchArticle_checkRecentsShown" classname="org.wikipedia.espresso_test.ArticleSearchTests" time="16.544" />
  <testcase name="testSearchArticle_checkTitleShown" classname="org.wikipedia.espresso_test.ArticleSearchTests" time="4.472" />
  <testcase name="testScrollingToC_clickSubHeading" classname="org.wikipedia.espresso_test.ArticleTests" time="5.653" />
  <testcase name="testHistory" classname="org.wikipedia.espresso_test.HistoryTests" time="12.83" />
  <testcase name="testChangeLanguageInSearch" classname="org.wikipedia.espresso_test.LanguageTests" time="11.172" />
  <testcase name="testChangeLanguageInArticle" classname="org.wikipedia.espresso_test.LanguageTests" time="9.19" />
  <testcase name="testAddArticleToReadingList" classname="org.wikipedia.espresso_test.ReadingListTests" time="9.914" />
  <testcase name="testOpenToC_rotatePhone" classname="org.wikipedia.espresso_test.RotationTests" time="5.976" />
  <testcase name="testOpenMultipleTabs" classname="org.wikipedia.espresso_test.TabTests" time="14.161" />
</testsuite>