<?xml version='1.0' encoding='UTF-8' ?>
<testsuite name="org.wikipedia.uiautomator_tests.ArticleSearchTests" tests="9" failures="1" errors="0" skipped="0" time="215.143" timestamp="2016-10-19T19:16:39" hostname="localhost">
  <properties>
    <property name="device" value="Nexus 5X - 6.0" />
    <property name="flavor" value="ALPHA" />
    <property name="project" value="app" />
  </properties>
  <testcase name="testSearchArticle_checkRecentsShown" classname="org.wikipedia.uiautomator_tests.ArticleSearchTests" time="45.623" />
  <testcase name="testSearchArticle_checkTitleShown" classname="org.wikipedia.uiautomator_tests.ArticleSearchTests" time="10.452" />
  <testcase name="testScrollingToC_clickSubHeading" classname="org.wikipedia.uiautomator_tests.ArticleTests" time="17.503" />
  <testcase name="testHistory" classname="org.wikipedia.uiautomator_tests.HistoryTests" time="12.997">
    <failure>java.lang.NullPointerException: Attempt to invoke virtual method 'void android.support.test.uiautomator.UiObject2.setText(java.lang.String)' on a null object reference
at org.wikipedia.uiautomator_tests.Utils.Utils.searchAndOpenArticleWithName(Utils.java:55)
at org.wikipedia.uiautomator_tests.HistoryTests.testHistory(HistoryTests.java:30)
at java.lang.reflect.Method.invoke(Native Method)
at org.junit.runners.model.FrameworkMethod$1.runReflectiveCall(FrameworkMethod.java:50)
at org.junit.internal.runners.model.ReflectiveCallable.run(ReflectiveCallable.java:12)
at org.junit.runners.model.FrameworkMethod.invokeExplosively(FrameworkMethod.java:47)
at org.junit.internal.runners.statements.InvokeMethod.evaluate(InvokeMethod.java:17)
at org.junit.internal.runners.statements.FailOnTimeout$CallableStatement.call(FailOnTimeout.java:298)
at org.junit.internal.runners.statements.FailOnTimeout$CallableStatement.call(FailOnTimeout.java:292)
at java.util.concurrent.FutureTask.run(FutureTask.java:237)
at java.lang.Thread.run(Thread.java:818)
</failure>
  </testcase>
  <testcase name="testChangeLanguageInSearch" classname="org.wikipedia.uiautomator_tests.LanguageTests" time="33.667" />
  <testcase name="testChangeLanguageInArticle" classname="org.wikipedia.uiautomator_tests.LanguageTests" time="31.089" />
  <testcase name="testAddArticleToReadingList" classname="org.wikipedia.uiautomator_tests.ReadingListTests" time="19.71" />
  <testcase name="testOpenToC_rotatePhone" classname="org.wikipedia.uiautomator_tests.RotationTests" time="12.552" />
  <testcase name="testOpenMultipleTabs" classname="org.wikipedia.uiautomator_tests.TabTests" time="31.245" />
</testsuite>