<?xml version="1.0" encoding="UTF-8"?>
<testsuite name="com.amaze.filemanager.test.TestClasses.QuickAccessFileTests" tests="1" skipped="0" failures="0" errors="0" timestamp="2016-08-18T11:20:13" hostname="TOL025031" time="66.097">
  <properties/>
  <testcase name="testOpenFileCheckRecents" classname="com.amaze.filemanager.test.TestClasses.QuickAccessFileTests" time="66.097"/>
  <system-out><![CDATA[]]></system-out>
  <system-err><![CDATA[]]></system-err>
</testsuite>
