<?xml version="1.0" encoding="UTF-8"?>
<testsuite name="com.amaze.filemanager.test.TestClasses.FileAndFolderManipulationTests" tests="3" skipped="0" failures="0" errors="0" timestamp="2016-08-18T11:15:40" hostname="TOL025031" time="154.042">
  <properties/>
  <testcase name="testCopyFileToAnotherFolder" classname="com.amaze.filemanager.test.TestClasses.FileAndFolderManipulationTests" time="64.027"/>
  <testcase name="testCreateNewFileAndDeleteIt" classname="com.amaze.filemanager.test.TestClasses.FileAndFolderManipulationTests" time="44.302"/>
  <testcase name="testCreateNewFolderAndDeleteIt" classname="com.amaze.filemanager.test.TestClasses.FileAndFolderManipulationTests" time="45.713"/>
  <system-out><![CDATA[]]></system-out>
  <system-err><![CDATA[]]></system-err>
</testsuite>
