<?xml version="1.0" encoding="UTF-8"?>
<testsuite name="com.amaze.filemanager.test.TestClasses.MainFragmentRotationTests" tests="1" skipped="0" failures="0" errors="0" timestamp="2016-09-10T15:09:18" hostname="TOL025031" time="52.491">
  <properties/>
  <testcase name="testRotateMainFragment" classname="com.amaze.filemanager.test.TestClasses.MainFragmentRotationTests" time="52.491"/>
  <system-out><![CDATA[]]></system-out>
  <system-err><![CDATA[]]></system-err>
</testsuite>
