<?xml version="1.0" encoding="UTF-8"?>
<testsuite name="org.wikipedia.appium.TabTests" tests="2" skipped="0" failures="0" errors="0" timestamp="2016-08-25T08:56:06" hostname="TOL025031" time="122.629">
  <properties/>
  <testcase name="testOpenMultipleTabs" classname="org.wikipedia.appium.TabTests" time="71.811"/>
  <testcase name="testOpenArticleInNewTab" classname="org.wikipedia.appium.TabTests" time="50.818"/>
  <system-out><![CDATA[]]></system-out>
  <system-err><![CDATA[]]></system-err>
</testsuite>
