<?xml version="1.0" encoding="UTF-8"?>
<testsuite name="org.wikipedia.appium.RotationTests" tests="2" skipped="0" failures="0" errors="0" timestamp="2016-08-23T08:26:28" hostname="TOL025031" time="91.19">
  <properties/>
  <testcase name="testOpenToC_rotatePhone" classname="org.wikipedia.appium.RotationTests" time="40.587"/>
  <testcase name="testOpenTab_rotatePhone" classname="org.wikipedia.appium.RotationTests" time="50.603"/>
  <system-out><![CDATA[]]></system-out>
  <system-err><![CDATA[]]></system-err>
</testsuite>
