<?xml version="1.0" encoding="UTF-8"?>
<testsuite name="org.wikipedia.appium.RotationTests" tests="1" skipped="0" failures="0" errors="0" timestamp="2016-10-12T06:21:22" hostname="TOL025031" time="40.743">
  <properties/>
  <testcase name="testOpenToC_rotatePhone" classname="org.wikipedia.appium.RotationTests" time="40.743"/>
  <system-out><![CDATA[]]></system-out>
  <system-err><![CDATA[]]></system-err>
</testsuite>
