<?xml version="1.0" encoding="UTF-8"?>
<testsuite name="org.wikipedia.appium.RotationTests" tests="2" skipped="0" failures="0" errors="0" timestamp="2016-09-13T18:16:43" hostname="TOL025031" time="101.179">
  <properties/>
  <testcase name="testOpenToC_rotatePhone" classname="org.wikipedia.appium.RotationTests" time="48.184"/>
  <testcase name="testOpenTab_rotatePhone" classname="org.wikipedia.appium.RotationTests" time="52.994"/>
  <system-out><![CDATA[]]></system-out>
  <system-err><![CDATA[]]></system-err>
</testsuite>
