<?xml version="1.0" encoding="UTF-8"?>
<testsuite name="com.nononsenseapps.appium.NotesTest" tests="13" skipped="2" failures="0" errors="0" timestamp="2016-10-04T20:34:33" hostname="TOL025031" time="499.734">
  <properties/>
  <testcase name="testAddBigNumberOfNotesScrollDownAndDeleteOne" classname="com.nononsenseapps.appium.NotesTest" time="0.0">
    <skipped/>
  </testcase>
  <testcase name="testCreateNoteAndDeleteIt" classname="com.nononsenseapps.appium.NotesTest" time="30.252"/>
  <testcase name="testAddTaskListAndRotateScreen" classname="com.nononsenseapps.appium.NotesTest" time="27.241"/>
  <testcase name="testCreateTaskListAndDeleteIt" classname="com.nononsenseapps.appium.NotesTest" time="29.688"/>
  <testcase name="testAddNotesOrderByDueDate" classname="com.nononsenseapps.appium.NotesTest" time="0.001">
    <skipped/>
  </testcase>
  <testcase name="testAddTaskListCheckItIsAddedToDrawer" classname="com.nononsenseapps.appium.NotesTest" time="26.186"/>
  <testcase name="testAddNewNoteShouldShowNameInNotesScreen" classname="com.nononsenseapps.appium.NotesTest" time="26.624"/>
  <testcase name="testAddNotesAndRotateScreen" classname="com.nononsenseapps.appium.NotesTest" time="52.111"/>
  <testcase name="testAddNoteToTaskList" classname="com.nononsenseapps.appium.NotesTest" time="36.516"/>
  <testcase name="testCompletedTasksAreCleared" classname="com.nononsenseapps.appium.NotesTest" time="53.986"/>
  <testcase name="testAddTaskListsScrollNavigationDrawer" classname="com.nononsenseapps.appium.NotesTest" time="150.217"/>
  <testcase name="testAddNewNoteWithDueDateCheckDateIsVisible" classname="com.nononsenseapps.appium.NotesTest" time="31.624"/>
  <testcase name="testAddNewNoteWithReminderDateAndTime" classname="com.nononsenseapps.appium.NotesTest" time="35.284"/>
  <system-out><![CDATA[Problem with closing keyboard
]]></system-out>
  <system-err><![CDATA[]]></system-err>
</testsuite>
