<?xml version="1.0" encoding="UTF-8"?>
<testsuite name="org.wikipedia.appium.LanguageTests" tests="2" skipped="0" failures="0" errors="0" timestamp="2016-09-17T17:32:28" hostname="TOL025031" time="149.664">
  <properties/>
  <testcase name="testChangeLanguageInSearch" classname="org.wikipedia.appium.LanguageTests" time="78.383"/>
  <testcase name="testChangeLanguageInArticle" classname="org.wikipedia.appium.LanguageTests" time="71.281"/>
  <system-out><![CDATA[]]></system-out>
  <system-err><![CDATA[]]></system-err>
</testsuite>
