<?xml version="1.0" encoding="UTF-8"?>
<testsuite name="org.wikipedia.appium.HistoryTests" tests="1" skipped="0" failures="0" errors="0" timestamp="2016-10-18T15:44:04" hostname="TOL025031" time="121.486">
  <properties/>
  <testcase name="testHistory" classname="org.wikipedia.appium.HistoryTests" time="121.486"/>
  <system-out><![CDATA[]]></system-out>
  <system-err><![CDATA[]]></system-err>
</testsuite>
