<?xml version='1.0' encoding='UTF-8' ?>
<testsuite name="org.wikipedia.uiautomator_tests.ArticleSearchTests" tests="9" failures="0" errors="0" skipped="0" time="235.143" timestamp="2016-09-27T15:59:15" hostname="localhost">
  <properties>
    <property name="device" value="Nexus 5X - 6.0" />
    <property name="flavor" value="ALPHA" />
    <property name="project" value="app" />
  </properties>
  <testcase name="testSearchArticle_checkRecentsShown" classname="org.wikipedia.uiautomator_tests.ArticleSearchTests" time="34.54" />
  <testcase name="testSearchArticle_checkTitleShown" classname="org.wikipedia.uiautomator_tests.ArticleSearchTests" time="8.605" />
  <testcase name="testScrollingToC_clickSubHeading" classname="org.wikipedia.uiautomator_tests.ArticleTests" time="16.735" />
  <testcase name="testHistory" classname="org.wikipedia.uiautomator_tests.HistoryTests" time="50.489" />
  <testcase name="testChangeLanguageInSearch" classname="org.wikipedia.uiautomator_tests.LanguageTests" time="33.485" />
  <testcase name="testChangeLanguageInArticle" classname="org.wikipedia.uiautomator_tests.LanguageTests" time="27.891" />
  <testcase name="testAddArticleToReadingList" classname="org.wikipedia.uiautomator_tests.ReadingListTests" time="20.627" />
  <testcase name="testOpenToC_rotatePhone" classname="org.wikipedia.uiautomator_tests.RotationTests" time="13.134" />
  <testcase name="testOpenMultipleTabs" classname="org.wikipedia.uiautomator_tests.TabTests" time="28.918" />
</testsuite>