<?xml version="1.0" encoding="UTF-8"?>
<testsuite name="com.nononsenseapps.appium.NotesTest" tests="13" skipped="2" failures="0" errors="0" timestamp="2016-10-05T11:52:02" hostname="TOL025031" time="501.908">
  <properties/>
  <testcase name="testAddBigNumberOfNotesScrollDownAndDeleteOne" classname="com.nononsenseapps.appium.NotesTest" time="0.0">
    <skipped/>
  </testcase>
  <testcase name="testCreateNoteAndDeleteIt" classname="com.nononsenseapps.appium.NotesTest" time="30.138"/>
  <testcase name="testAddTaskListAndRotateScreen" classname="com.nononsenseapps.appium.NotesTest" time="27.411"/>
  <testcase name="testCreateTaskListAndDeleteIt" classname="com.nononsenseapps.appium.NotesTest" time="30.033"/>
  <testcase name="testAddNotesOrderByDueDate" classname="com.nononsenseapps.appium.NotesTest" time="0.0">
    <skipped/>
  </testcase>
  <testcase name="testAddTaskListCheckItIsAddedToDrawer" classname="com.nononsenseapps.appium.NotesTest" time="26.15"/>
  <testcase name="testAddNewNoteShouldShowNameInNotesScreen" classname="com.nononsenseapps.appium.NotesTest" time="26.904"/>
  <testcase name="testAddNotesAndRotateScreen" classname="com.nononsenseapps.appium.NotesTest" time="51.872"/>
  <testcase name="testAddNoteToTaskList" classname="com.nononsenseapps.appium.NotesTest" time="36.687"/>
  <testcase name="testCompletedTasksAreCleared" classname="com.nononsenseapps.appium.NotesTest" time="55.028"/>
  <testcase name="testAddTaskListsScrollNavigationDrawer" classname="com.nononsenseapps.appium.NotesTest" time="150.261"/>
  <testcase name="testAddNewNoteWithDueDateCheckDateIsVisible" classname="com.nononsenseapps.appium.NotesTest" time="31.605"/>
  <testcase name="testAddNewNoteWithReminderDateAndTime" classname="com.nononsenseapps.appium.NotesTest" time="35.799"/>
  <system-out><![CDATA[]]></system-out>
  <system-err><![CDATA[]]></system-err>
</testsuite>
