<?xml version='1.0' encoding='UTF-8' ?>
<testsuite name="org.wikipedia.espresso_test.ArticleSearchTests" tests="9" failures="0" errors="0" skipped="0" time="98.691" timestamp="2016-09-16T16:30:46" hostname="localhost">
  <properties>
    <property name="device" value="Nexus 5X - 6.0" />
    <property name="flavor" value="ALPHA" />
    <property name="project" value="app" />
  </properties>
  <testcase name="testSearchArticle_checkRecentsShown" classname="org.wikipedia.espresso_test.ArticleSearchTests" time="19.023" />
  <testcase name="testSearchArticle_checkTitleShown" classname="org.wikipedia.espresso_test.ArticleSearchTests" time="5.411" />
  <testcase name="testScrollingToC_clickSubHeading" classname="org.wikipedia.espresso_test.ArticleTests" time="6.407" />
  <testcase name="testHistory" classname="org.wikipedia.espresso_test.HistoryTests" time="14.229" />
  <testcase name="testChangeLanguageInSearch" classname="org.wikipedia.espresso_test.LanguageTests" time="11.845" />
  <testcase name="testChangeLanguageInArticle" classname="org.wikipedia.espresso_test.LanguageTests" time="10.253" />
  <testcase name="testAddArticleToReadingList" classname="org.wikipedia.espresso_test.ReadingListTests" time="9.966" />
  <testcase name="testOpenToC_rotatePhone" classname="org.wikipedia.espresso_test.RotationTests" time="6.218" />
  <testcase name="testOpenMultipleTabs" classname="org.wikipedia.espresso_test.TabTests" time="15.118" />
</testsuite>