<?xml version="1.0" encoding="UTF-8"?>
<testsuite name="org.wikipedia.appium.TabTests" tests="1" skipped="0" failures="0" errors="0" timestamp="2016-09-20T19:23:05" hostname="TOL025031" time="75.672">
  <properties/>
  <testcase name="testOpenMultipleTabs" classname="org.wikipedia.appium.TabTests" time="75.672"/>
  <system-out><![CDATA[]]></system-out>
  <system-err><![CDATA[]]></system-err>
</testsuite>
