<?xml version="1.0" encoding="UTF-8"?>
<testsuite name="org.wikipedia.appium.HistoryTests" tests="1" skipped="0" failures="0" errors="0" timestamp="2016-09-20T19:18:31" hostname="TOL025031" time="107.581">
  <properties/>
  <testcase name="testHistory" classname="org.wikipedia.appium.HistoryTests" time="107.581"/>
  <system-out><![CDATA[]]></system-out>
  <system-err><![CDATA[]]></system-err>
</testsuite>
