<?xml version="1.0" encoding="UTF-8"?>
<testsuite name="org.wikipedia.appium.TabTests" tests="2" skipped="0" failures="0" errors="0" timestamp="2016-08-24T09:36:41" hostname="TOL025031" time="120.245">
  <properties/>
  <testcase name="testOpenMultipleTabs" classname="org.wikipedia.appium.TabTests" time="67.007"/>
  <testcase name="testOpenArticleInNewTab" classname="org.wikipedia.appium.TabTests" time="53.238"/>
  <system-out><![CDATA[]]></system-out>
  <system-err><![CDATA[]]></system-err>
</testsuite>
