<?xml version="1.0" encoding="UTF-8"?>
<testsuite name="org.wikipedia.appium.TabTests" tests="1" skipped="0" failures="0" errors="0" timestamp="2016-10-02T22:08:24" hostname="TOL025031" time="39.883">
  <properties/>
  <testcase name="testOpenArticleInNewTab" classname="org.wikipedia.appium.TabTests" time="39.883"/>
  <system-out><![CDATA[]]></system-out>
  <system-err><![CDATA[]]></system-err>
</testsuite>
