<?xml version="1.0" encoding="UTF-8"?>
<testsuite name="org.wikipedia.appium.HistoryTests" tests="1" skipped="0" failures="0" errors="0" timestamp="2016-08-26T05:45:41" hostname="TOL025031" time="101.456">
  <properties/>
  <testcase name="testHistory" classname="org.wikipedia.appium.HistoryTests" time="101.456"/>
  <system-out><![CDATA[]]></system-out>
  <system-err><![CDATA[]]></system-err>
</testsuite>
