<?xml version='1.0' encoding='UTF-8' ?>
<testsuite name="com.amaze.filemanager.test.TestClasses.BookMarkTests" tests="11" failures="0" errors="0" skipped="1" time="106.179" timestamp="2016-09-10T13:12:18" hostname="localhost">
  <properties>
    <property name="device" value="Nexus 5X - 6.0" />
    <property name="flavor" value="PLAY" />
    <property name="project" value="AmazeFileManager" />
  </properties>
  <testcase name="testBookmarking" classname="com.amaze.filemanager.test.TestClasses.BookMarkTests" time="4.427" />
  <testcase name="testDrawerOpenRotateScreen" classname="com.amaze.filemanager.test.TestClasses.DrawerRotationTests" time="4.127" />
  <testcase name="testEditBookmark" classname="com.amaze.filemanager.test.TestClasses.EditBookmarkTests" time="7.986" />
  <testcase name="testCopyFileToAnotherFolder" classname="com.amaze.filemanager.test.TestClasses.FileAndFolderManipulationTests" time="24.72" />
  <testcase name="testCreateNewFileAndDeleteIt" classname="com.amaze.filemanager.test.TestClasses.FileAndFolderManipulationTests" time="12.818" />
  <testcase name="testCreateNewFolderAndDeleteIt" classname="com.amaze.filemanager.test.TestClasses.FileAndFolderManipulationTests" time="12.987" />
  <testcase name="testRotateMainFragment" classname="com.amaze.filemanager.test.TestClasses.MainFragmentRotationTests" time="15.087" />
  <testcase name="testSwipingBetweenTwoFolders" classname="com.amaze.filemanager.test.TestClasses.NavigationTests" time="10.077" />
  <testcase name="testGridVIew" classname="com.amaze.filemanager.test.TestClasses.NavigationTests" time="5.877" />
  <testcase name="testOpenFileCheckRecents" classname="com.amaze.filemanager.test.TestClasses.QuickAccessFileTests" time="0.0">
    <skipped />
  </testcase>
  <testcase name="testSetHome" classname="com.amaze.filemanager.test.TestClasses.SetHomeTest" time="7.954" />
</testsuite>