<?xml version="1.0" encoding="UTF-8"?>
<testsuite name="org.wikipedia.appium.HistoryTests" tests="1" skipped="0" failures="0" errors="0" timestamp="2016-10-21T19:01:42" hostname="TOL025031" time="112.716">
  <properties/>
  <testcase name="testHistory" classname="org.wikipedia.appium.HistoryTests" time="112.716"/>
  <system-out><![CDATA[]]></system-out>
  <system-err><![CDATA[]]></system-err>
</testsuite>
