<?xml version="1.0" encoding="UTF-8"?>
<testsuite name="com.amaze.filemanager.test.TestClasses.EditBookmarksTests" tests="1" skipped="0" failures="0" errors="0" timestamp="2016-09-07T01:48:23" hostname="TOL025031" time="41.287">
  <properties/>
  <testcase name="editBookmarkTest" classname="com.amaze.filemanager.test.TestClasses.EditBookmarksTests" time="41.287"/>
  <system-out><![CDATA[]]></system-out>
  <system-err><![CDATA[]]></system-err>
</testsuite>
