<?xml version="1.0" encoding="UTF-8"?>
<testsuite name="org.wikipedia.appium.LanguageTests" tests="2" skipped="0" failures="0" errors="0" timestamp="2016-10-19T14:27:58" hostname="TOL025031" time="142.456">
  <properties/>
  <testcase name="testChangeLanguageInSearch" classname="org.wikipedia.appium.LanguageTests" time="72.784"/>
  <testcase name="testChangeLanguageInArticle" classname="org.wikipedia.appium.LanguageTests" time="69.671"/>
  <system-out><![CDATA[]]></system-out>
  <system-err><![CDATA[]]></system-err>
</testsuite>
