<?xml version='1.0' encoding='UTF-8' ?>
<testsuite name="org.wikipedia.uiautomator_tests.ArticleSearchTests" tests="9" failures="2" errors="0" skipped="0" time="248.39" timestamp="2016-09-30T01:42:44" hostname="localhost">
  <properties>
    <property name="device" value="Nexus 5X - 6.0" />
    <property name="flavor" value="ALPHA" />
    <property name="project" value="app" />
  </properties>
  <testcase name="testSearchArticle_checkRecentsShown" classname="org.wikipedia.uiautomator_tests.ArticleSearchTests" time="36.369">
    <failure>java.lang.NullPointerException: Attempt to invoke virtual method 'void android.support.test.uiautomator.UiObject2.click()' on a null object reference
at org.wikipedia.uiautomator_tests.Utils.Utils.openSearchFromArticle(Utils.java:48)
at org.wikipedia.uiautomator_tests.ArticleSearchTests.testSearchArticle_checkRecentsShown(ArticleSearchTests.java:52)
at java.lang.reflect.Method.invoke(Native Method)
at org.junit.runners.model.FrameworkMethod$1.runReflectiveCall(FrameworkMethod.java:50)
at org.junit.internal.runners.model.ReflectiveCallable.run(ReflectiveCallable.java:12)
at org.junit.runners.model.FrameworkMethod.invokeExplosively(FrameworkMethod.java:47)
at org.junit.internal.runners.statements.InvokeMethod.evaluate(InvokeMethod.java:17)
at org.junit.internal.runners.statements.FailOnTimeout$CallableStatement.call(FailOnTimeout.java:298)
at org.junit.internal.runners.statements.FailOnTimeout$CallableStatement.call(FailOnTimeout.java:292)
at java.util.concurrent.FutureTask.run(FutureTask.java:237)
at java.lang.Thread.run(Thread.java:818)
</failure>
  </testcase>
  <testcase name="testSearchArticle_checkTitleShown" classname="org.wikipedia.uiautomator_tests.ArticleSearchTests" time="10.533" />
  <testcase name="testScrollingToC_clickSubHeading" classname="org.wikipedia.uiautomator_tests.ArticleTests" time="16.537" />
  <testcase name="testHistory" classname="org.wikipedia.uiautomator_tests.HistoryTests" time="43.063" />
  <testcase name="testChangeLanguageInSearch" classname="org.wikipedia.uiautomator_tests.LanguageTests" time="52.589">
    <failure>org.junit.runners.model.TestTimedOutException: test timed out after 50000 milliseconds
at java.util.regex.Matcher.useAnchoringBoundsImpl(Native Method)
at java.util.regex.Matcher.resetForInput(Matcher.java:253)
at java.util.regex.Matcher.reset(Matcher.java:208)
at java.util.regex.Matcher.reset(Matcher.java:177)
at java.util.regex.Matcher.&lt;init&gt;(Matcher.java:90)
at java.util.regex.Pattern.matcher(Pattern.java:297)
at android.support.test.uiautomator.ByMatcher.checkCriteria(ByMatcher.java:196)
at android.support.test.uiautomator.ByMatcher.access$000(ByMatcher.java:34)
at android.support.test.uiautomator.ByMatcher$PartialMatch.accept(ByMatcher.java:267)
at android.support.test.uiautomator.ByMatcher$PartialMatch.accept(ByMatcher.java:240)
at android.support.test.uiautomator.ByMatcher.findMatches(ByMatcher.java:152)
at android.support.test.uiautomator.ByMatcher.findMatches(ByMatcher.java:172)
at android.support.test.uiautomator.ByMatcher.findMatches(ByMatcher.java:172)
at android.support.test.uiautomator.ByMatcher.findMatches(ByMatcher.java:172)
at android.support.test.uiautomator.ByMatcher.findMatches(ByMatcher.java:172)
at android.support.test.uiautomator.ByMatcher.findMatches(ByMatcher.java:172)
at android.support.test.uiautomator.ByMatcher.findMatches(ByMatcher.java:172)
at android.support.test.uiautomator.ByMatcher.findMatches(ByMatcher.java:172)
at android.support.test.uiautomator.ByMatcher.findMatches(ByMatcher.java:172)
at android.support.test.uiautomator.ByMatcher.findMatches(ByMatcher.java:172)
at android.support.test.uiautomator.ByMatcher.findMatches(ByMatcher.java:172)
at android.support.test.uiautomator.ByMatcher.findMatches(ByMatcher.java:172)
at android.support.test.uiautomator.ByMatcher.findMatches(ByMatcher.java:172)
at android.support.test.uiautomator.ByMatcher.findMatches(ByMatcher.java:118)
at android.support.test.uiautomator.ByMatcher.findMatch(ByMatcher.java:72)
at android.support.test.uiautomator.UiDevice.findObject(UiDevice.java:164)
at android.support.test.uiautomator.Until$3.apply(Until.java:68)
at android.support.test.uiautomator.Until$3.apply(Until.java:65)
at android.support.test.uiautomator.WaitMixin.wait(WaitMixin.java:49)
at android.support.test.uiautomator.WaitMixin.wait(WaitMixin.java:34)
at android.support.test.uiautomator.UiDevice.wait(UiDevice.java:187)
at org.wikipedia.uiautomator_tests.Utils.Utils.assertArticleTitleContains(Utils.java:30)
at org.wikipedia.uiautomator_tests.LanguageTests.testChangeLanguageInSearch(LanguageTests.java:90)
at java.lang.reflect.Method.invoke(Native Method)
at org.junit.runners.model.FrameworkMethod$1.runReflectiveCall(FrameworkMethod.java:50)
at org.junit.internal.runners.model.ReflectiveCallable.run(ReflectiveCallable.java:12)
at org.junit.runners.model.FrameworkMethod.invokeExplosively(FrameworkMethod.java:47)
at org.junit.internal.runners.statements.InvokeMethod.evaluate(InvokeMethod.java:17)
at org.junit.internal.runners.statements.FailOnTimeout$CallableStatement.call(FailOnTimeout.java:298)
at org.junit.internal.runners.statements.FailOnTimeout$CallableStatement.call(FailOnTimeout.java:292)
at java.util.concurrent.FutureTask.run(FutureTask.java:237)
at java.lang.Thread.run(Thread.java:818)
</failure>
  </testcase>
  <testcase name="testChangeLanguageInArticle" classname="org.wikipedia.uiautomator_tests.LanguageTests" time="25.601" />
  <testcase name="testAddArticleToReadingList" classname="org.wikipedia.uiautomator_tests.ReadingListTests" time="21.105" />
  <testcase name="testOpenToC_rotatePhone" classname="org.wikipedia.uiautomator_tests.RotationTests" time="12.751" />
  <testcase name="testOpenMultipleTabs" classname="org.wikipedia.uiautomator_tests.TabTests" time="29.224" />
</testsuite>