<?xml version="1.0" encoding="UTF-8"?>
<testsuite name="org.wikipedia.appium.ArticleTests" tests="4" skipped="0" failures="0" errors="0" timestamp="2016-10-01T13:25:52" hostname="TOL025031" time="157.137">
  <properties/>
  <testcase name="testClickLink_partialText_assertPreviewShown" classname="org.wikipedia.appium.ArticleTests" time="31.834"/>
  <testcase name="testOpeningAndClosingReferences" classname="org.wikipedia.appium.ArticleTests" time="51.89"/>
  <testcase name="testClickLink_fullText_assertPreviewShown" classname="org.wikipedia.appium.ArticleTests" time="33.335"/>
  <testcase name="testTableOfContents_checkSubTitles" classname="org.wikipedia.appium.ArticleTests" time="40.077"/>
  <system-out><![CDATA[]]></system-out>
  <system-err><![CDATA[]]></system-err>
</testsuite>
