<?xml version='1.0' encoding='UTF-8' ?>
<testsuite name="org.wikipedia.espresso_test.ArticleSearchTests" tests="10" failures="0" errors="0" skipped="0" time="102.698" timestamp="2016-09-16T11:45:03" hostname="localhost">
  <properties>
    <property name="device" value="Nexus 5X - 6.0" />
    <property name="flavor" value="ALPHA" />
    <property name="project" value="app" />
  </properties>
  <testcase name="testSearchArticle_checkRecentsShown" classname="org.wikipedia.espresso_test.ArticleSearchTests" time="17.338" />
  <testcase name="testSearchArticle_checkTitleShown" classname="org.wikipedia.espresso_test.ArticleSearchTests" time="5.497" />
  <testcase name="testScrollingToC_clickSubHeading" classname="org.wikipedia.espresso_test.ArticleTests" time="6.27" />
  <testcase name="testHistory" classname="org.wikipedia.espresso_test.HistoryTests" time="12.975" />
  <testcase name="testChangeLanguageInSearch" classname="org.wikipedia.espresso_test.LanguageTests" time="11.614" />
  <testcase name="testChangeLanguageInArticle" classname="org.wikipedia.espresso_test.LanguageTests" time="10.605" />
  <testcase name="testAddArticleToReadingList" classname="org.wikipedia.espresso_test.ReadingListTests" time="8.988" />
  <testcase name="testOpenToC_rotatePhone" classname="org.wikipedia.espresso_test.RotationTests" time="6.294" />
  <testcase name="testOpenTab_rotatePhone" classname="org.wikipedia.espresso_test.RotationTests" time="8.569" />
  <testcase name="testOpenMultipleTabs" classname="org.wikipedia.espresso_test.TabTests" time="14.181" />
</testsuite>