<?xml version="1.0" encoding="UTF-8"?>
<testsuite name="org.wikipedia.appium.HistoryTests" tests="1" skipped="0" failures="0" errors="0" timestamp="2016-10-19T15:57:22" hostname="TOL025031" time="98.503">
  <properties/>
  <testcase name="testHistory" classname="org.wikipedia.appium.HistoryTests" time="98.503"/>
  <system-out><![CDATA[]]></system-out>
  <system-err><![CDATA[]]></system-err>
</testsuite>
