<?xml version='1.0' encoding='UTF-8' ?>
<testsuite name="com.amaze.filemanager.test.TestClasses.BookMarkTests" tests="10" failures="0" errors="0" skipped="0" time="317.332" timestamp="2016-10-08T17:13:24" hostname="localhost">
  <properties>
    <property name="device" value="Nexus 5X - 6.0" />
    <property name="flavor" value="PLAY" />
    <property name="project" value="AmazeFileManager" />
  </properties>
  <testcase name="testBookMarking" classname="com.amaze.filemanager.test.TestClasses.BookMarkTests" time="19.337" />
  <testcase name="testDrawerOpenRotateScreen" classname="com.amaze.filemanager.test.TestClasses.DrawerRotationTests" time="14.337" />
  <testcase name="testEditBookmark" classname="com.amaze.filemanager.test.TestClasses.EditBookmarkTests" time="21.108" />
  <testcase name="testCopyFileToAnotherFolder" classname="com.amaze.filemanager.test.TestClasses.FileAndFolderManipulationTests" time="55.687" />
  <testcase name="testCreateNewFileAndDeleteIt" classname="com.amaze.filemanager.test.TestClasses.FileAndFolderManipulationTests" time="48.797" />
  <testcase name="testCreateNewFolderAndDeleteIt" classname="com.amaze.filemanager.test.TestClasses.FileAndFolderManipulationTests" time="48.847" />
  <testcase name="testRotateMainFragment" classname="com.amaze.filemanager.test.TestClasses.MainFragmentRotationTests" time="45.473" />
  <testcase name="testGridView" classname="com.amaze.filemanager.test.TestClasses.NavigationTests" time="13.18" />
  <testcase name="testSwipingBetweenFolders" classname="com.amaze.filemanager.test.TestClasses.NavigationTests" time="17.39" />
  <testcase name="testSetHome" classname="com.amaze.filemanager.test.TestClasses.SetAsHomeTest" time="33.177" />
</testsuite>