<?xml version="1.0" encoding="UTF-8"?>
<testsuite name="com.amaze.filemanager.test.TestClasses.NavigationTests" tests="2" skipped="0" failures="0" errors="0" timestamp="2016-10-13T20:29:00" hostname="TOL025031" time="56.311">
  <properties/>
  <testcase name="testSwipingBetweenTwoFolders" classname="com.amaze.filemanager.test.TestClasses.NavigationTests" time="26.914"/>
  <testcase name="testGridView" classname="com.amaze.filemanager.test.TestClasses.NavigationTests" time="29.397"/>
  <system-out><![CDATA[]]></system-out>
  <system-err><![CDATA[]]></system-err>
</testsuite>
