<?xml version="1.0" encoding="UTF-8"?>
<testsuite name="com.nononsenseapps.appium.NotesTest" tests="13" skipped="2" failures="0" errors="0" timestamp="2016-10-03T17:30:28" hostname="TOL025031" time="502.728">
  <properties/>
  <testcase name="testAddBigNumberOfNotesScrollDownAndDeleteOne" classname="com.nononsenseapps.appium.NotesTest" time="0.0">
    <skipped/>
  </testcase>
  <testcase name="testCreateNoteAndDeleteIt" classname="com.nononsenseapps.appium.NotesTest" time="30.035"/>
  <testcase name="testAddTaskListAndRotateScreen" classname="com.nononsenseapps.appium.NotesTest" time="27.281"/>
  <testcase name="testCreateTaskListAndDeleteIt" classname="com.nononsenseapps.appium.NotesTest" time="30.049"/>
  <testcase name="testAddNotesOrderByDueDate" classname="com.nononsenseapps.appium.NotesTest" time="0.0">
    <skipped/>
  </testcase>
  <testcase name="testAddTaskListCheckItIsAddedToDrawer" classname="com.nononsenseapps.appium.NotesTest" time="26.276"/>
  <testcase name="testAddNewNoteShouldShowNameInNotesScreen" classname="com.nononsenseapps.appium.NotesTest" time="26.751"/>
  <testcase name="testAddNotesAndRotateScreen" classname="com.nononsenseapps.appium.NotesTest" time="52.419"/>
  <testcase name="testAddNoteToTaskList" classname="com.nononsenseapps.appium.NotesTest" time="36.919"/>
  <testcase name="testCompletedTasksAreCleared" classname="com.nononsenseapps.appium.NotesTest" time="55.065"/>
  <testcase name="testAddTaskListsScrollNavigationDrawer" classname="com.nononsenseapps.appium.NotesTest" time="150.123"/>
  <testcase name="testAddNewNoteWithDueDateCheckDateIsVisible" classname="com.nononsenseapps.appium.NotesTest" time="31.624"/>
  <testcase name="testAddNewNoteWithReminderDateAndTime" classname="com.nononsenseapps.appium.NotesTest" time="36.169"/>
  <system-out><![CDATA[]]></system-out>
  <system-err><![CDATA[]]></system-err>
</testsuite>
