<?xml version="1.0" encoding="UTF-8"?>
<testsuite name="com.amaze.filemanager.test.TestClasses.NavigationTests" tests="2" skipped="0" failures="0" errors="0" timestamp="2016-09-10T16:19:07" hostname="TOL025031" time="62.488">
  <properties/>
  <testcase name="testSwipingBetweenTwoFolders" classname="com.amaze.filemanager.test.TestClasses.NavigationTests" time="29.883"/>
  <testcase name="testGridView" classname="com.amaze.filemanager.test.TestClasses.NavigationTests" time="32.605"/>
  <system-out><![CDATA[]]></system-out>
  <system-err><![CDATA[]]></system-err>
</testsuite>
