<?xml version='1.0' encoding='UTF-8' ?>
<testsuite name="org.wikipedia.uiautomator_tests.ArticleSearchTests" tests="9" failures="1" errors="0" skipped="0" time="252.292" timestamp="2016-09-22T05:45:22" hostname="localhost">
  <properties>
    <property name="device" value="Nexus 5X - 6.0" />
    <property name="flavor" value="ALPHA" />
    <property name="project" value="app" />
  </properties>
  <testcase name="testSearchArticle_checkRecentsShown" classname="org.wikipedia.uiautomator_tests.ArticleSearchTests" time="42.411" />
  <testcase name="testSearchArticle_checkTitleShown" classname="org.wikipedia.uiautomator_tests.ArticleSearchTests" time="8.408" />
  <testcase name="testScrollingToC_clickSubHeading" classname="org.wikipedia.uiautomator_tests.ArticleTests" time="17.257" />
  <testcase name="testHistory" classname="org.wikipedia.uiautomator_tests.HistoryTests" time="47.283" />
  <testcase name="testChangeLanguageInSearch" classname="org.wikipedia.uiautomator_tests.LanguageTests" time="52.65">
    <failure>org.junit.runners.model.TestTimedOutException: test timed out after 50000 milliseconds
at java.lang.Object.wait(Native Method)
at java.lang.Object.wait(Object.java:423)
at android.app.UiAutomation.waitForIdle(UiAutomation.java:602)
at android.support.test.uiautomator.UiAutomatorBridge.waitForIdle(UiAutomatorBridge.java:112)
at android.support.test.uiautomator.UiDevice.waitForIdle(UiDevice.java:639)
at android.support.test.uiautomator.UiDevice.waitForIdle(UiDevice.java:629)
at android.support.test.uiautomator.UiDevice.getWindowRoots(UiDevice.java:1074)
at android.support.test.uiautomator.UiDevice.findObject(UiDevice.java:164)
at android.support.test.uiautomator.Until$3.apply(Until.java:68)
at android.support.test.uiautomator.Until$3.apply(Until.java:65)
at android.support.test.uiautomator.WaitMixin.wait(WaitMixin.java:49)
at android.support.test.uiautomator.WaitMixin.wait(WaitMixin.java:34)
at android.support.test.uiautomator.UiDevice.wait(UiDevice.java:187)
at org.wikipedia.uiautomator_tests.Utils.Utils.assertArticleTitleContains(Utils.java:30)
at org.wikipedia.uiautomator_tests.LanguageTests.testChangeLanguageInSearch(LanguageTests.java:90)
at java.lang.reflect.Method.invoke(Native Method)
at org.junit.runners.model.FrameworkMethod$1.runReflectiveCall(FrameworkMethod.java:50)
at org.junit.internal.runners.model.ReflectiveCallable.run(ReflectiveCallable.java:12)
at org.junit.runners.model.FrameworkMethod.invokeExplosively(FrameworkMethod.java:47)
at org.junit.internal.runners.statements.InvokeMethod.evaluate(InvokeMethod.java:17)
at org.junit.internal.runners.statements.FailOnTimeout$CallableStatement.call(FailOnTimeout.java:298)
at org.junit.internal.runners.statements.FailOnTimeout$CallableStatement.call(FailOnTimeout.java:292)
at java.util.concurrent.FutureTask.run(FutureTask.java:237)
at java.lang.Thread.run(Thread.java:818)
</failure>
  </testcase>
  <testcase name="testChangeLanguageInArticle" classname="org.wikipedia.uiautomator_tests.LanguageTests" time="17.712" />
  <testcase name="testAddArticleToReadingList" classname="org.wikipedia.uiautomator_tests.ReadingListTests" time="21.412" />
  <testcase name="testOpenToC_rotatePhone" classname="org.wikipedia.uiautomator_tests.RotationTests" time="13.838" />
  <testcase name="testOpenMultipleTabs" classname="org.wikipedia.uiautomator_tests.TabTests" time="30.759" />
</testsuite>