<?xml version="1.0" encoding="UTF-8"?>
<testsuite name="org.wikipedia.appium.ArticleTests" tests="4" skipped="0" failures="0" errors="0" timestamp="2016-10-01T12:25:24" hostname="TOL025031" time="143.986">
  <properties/>
  <testcase name="testClickLink_partialText_assertPreviewShown" classname="org.wikipedia.appium.ArticleTests" time="31.695"/>
  <testcase name="testOpeningAndClosingReferences" classname="org.wikipedia.appium.ArticleTests" time="40.751"/>
  <testcase name="testClickLink_fullText_assertPreviewShown" classname="org.wikipedia.appium.ArticleTests" time="32.819"/>
  <testcase name="testTableOfContents_checkSubTitles" classname="org.wikipedia.appium.ArticleTests" time="38.719"/>
  <system-out><![CDATA[]]></system-out>
  <system-err><![CDATA[]]></system-err>
</testsuite>
