<?xml version="1.0" encoding="UTF-8"?>
<testsuite name="org.wikipedia.appium.TabTests" tests="1" skipped="0" failures="0" errors="0" timestamp="2016-10-01T12:28:35" hostname="TOL025031" time="45.371">
  <properties/>
  <testcase name="testOpenArticleInNewTab" classname="org.wikipedia.appium.TabTests" time="45.371"/>
  <system-out><![CDATA[]]></system-out>
  <system-err><![CDATA[]]></system-err>
</testsuite>
