<?xml version="1.0" encoding="UTF-8"?>
<testsuite name="org.wikipedia.appium.RotationTests" tests="1" skipped="0" failures="0" errors="0" timestamp="2016-10-01T12:47:58" hostname="TOL025031" time="49.079">
  <properties/>
  <testcase name="testOpenTab_rotatePhone" classname="org.wikipedia.appium.RotationTests" time="49.079"/>
  <system-out><![CDATA[]]></system-out>
  <system-err><![CDATA[]]></system-err>
</testsuite>
