<?xml version='1.0' encoding='UTF-8' ?>
<testsuite name="org.wikipedia.uiautomator_tests.ArticleSearchTests" tests="9" failures="1" errors="0" skipped="0" time="272.881" timestamp="2016-09-22T07:19:52" hostname="localhost">
  <properties>
    <property name="device" value="Nexus 5X - 6.0" />
    <property name="flavor" value="ALPHA" />
    <property name="project" value="app" />
  </properties>
  <testcase name="testSearchArticle_checkRecentsShown" classname="org.wikipedia.uiautomator_tests.ArticleSearchTests" time="48.177" />
  <testcase name="testSearchArticle_checkTitleShown" classname="org.wikipedia.uiautomator_tests.ArticleSearchTests" time="12.119" />
  <testcase name="testScrollingToC_clickSubHeading" classname="org.wikipedia.uiautomator_tests.ArticleTests" time="18.656" />
  <testcase name="testHistory" classname="org.wikipedia.uiautomator_tests.HistoryTests" time="52.366">
    <failure>org.junit.runners.model.TestTimedOutException: test timed out after 50000 milliseconds
at java.lang.Object.wait(Native Method)
at java.lang.Object.wait(Object.java:423)
at android.view.accessibility.AccessibilityInteractionClient.waitForResultTimedLocked(AccessibilityInteractionClient.java:689)
at android.view.accessibility.AccessibilityInteractionClient.getFindAccessibilityNodeInfosResultAndClear(AccessibilityInteractionClient.java:584)
at android.view.accessibility.AccessibilityInteractionClient.findAccessibilityNodeInfoByAccessibilityId(AccessibilityInteractionClient.java:296)
at android.view.accessibility.AccessibilityNodeInfo.getChild(AccessibilityNodeInfo.java:831)
at android.support.test.uiautomator.ByMatcher.findMatches(ByMatcher.java:161)
at android.support.test.uiautomator.ByMatcher.findMatches(ByMatcher.java:172)
at android.support.test.uiautomator.ByMatcher.findMatches(ByMatcher.java:172)
at android.support.test.uiautomator.ByMatcher.findMatches(ByMatcher.java:172)
at android.support.test.uiautomator.ByMatcher.findMatches(ByMatcher.java:172)
at android.support.test.uiautomator.ByMatcher.findMatches(ByMatcher.java:172)
at android.support.test.uiautomator.ByMatcher.findMatches(ByMatcher.java:172)
at android.support.test.uiautomator.ByMatcher.findMatches(ByMatcher.java:172)
at android.support.test.uiautomator.ByMatcher.findMatches(ByMatcher.java:172)
at android.support.test.uiautomator.ByMatcher.findMatches(ByMatcher.java:172)
at android.support.test.uiautomator.ByMatcher.findMatches(ByMatcher.java:172)
at android.support.test.uiautomator.ByMatcher.findMatches(ByMatcher.java:172)
at android.support.test.uiautomator.ByMatcher.findMatches(ByMatcher.java:172)
at android.support.test.uiautomator.ByMatcher.findMatches(ByMatcher.java:172)
at android.support.test.uiautomator.ByMatcher.findMatches(ByMatcher.java:111)
at android.support.test.uiautomator.ByMatcher.findMatch(ByMatcher.java:72)
at android.support.test.uiautomator.UiDevice.findObject(UiDevice.java:164)
at org.wikipedia.uiautomator_tests.HistoryTests.testHistory(HistoryTests.java:40)
at java.lang.reflect.Method.invoke(Native Method)
at org.junit.runners.model.FrameworkMethod$1.runReflectiveCall(FrameworkMethod.java:50)
at org.junit.internal.runners.model.ReflectiveCallable.run(ReflectiveCallable.java:12)
at org.junit.runners.model.FrameworkMethod.invokeExplosively(FrameworkMethod.java:47)
at org.junit.internal.runners.statements.InvokeMethod.evaluate(InvokeMethod.java:17)
at org.junit.internal.runners.statements.FailOnTimeout$CallableStatement.call(FailOnTimeout.java:298)
at org.junit.internal.runners.statements.FailOnTimeout$CallableStatement.call(FailOnTimeout.java:292)
at java.util.concurrent.FutureTask.run(FutureTask.java:237)
at java.lang.Thread.run(Thread.java:818)
</failure>
  </testcase>
  <testcase name="testChangeLanguageInSearch" classname="org.wikipedia.uiautomator_tests.LanguageTests" time="34.658" />
  <testcase name="testChangeLanguageInArticle" classname="org.wikipedia.uiautomator_tests.LanguageTests" time="32.196" />
  <testcase name="testAddArticleToReadingList" classname="org.wikipedia.uiautomator_tests.ReadingListTests" time="23.636" />
  <testcase name="testOpenToC_rotatePhone" classname="org.wikipedia.uiautomator_tests.RotationTests" time="15.888" />
  <testcase name="testOpenMultipleTabs" classname="org.wikipedia.uiautomator_tests.TabTests" time="34.57" />
</testsuite>