<?xml version='1.0' encoding='UTF-8' ?>
<testsuite name="org.wikipedia.uiautomator_tests.ArticleSearchTests" tests="9" failures="3" errors="0" skipped="0" time="215.373" timestamp="2016-10-20T19:17:34" hostname="localhost">
  <properties>
    <property name="device" value="Nexus 5X - 6.0" />
    <property name="flavor" value="ALPHA" />
    <property name="project" value="app" />
  </properties>
  <testcase name="testSearchArticle_checkRecentsShown" classname="org.wikipedia.uiautomator_tests.ArticleSearchTests" time="37.014">
    <failure>java.lang.NullPointerException: Attempt to invoke virtual method 'void android.support.test.uiautomator.UiObject2.click()' on a null object reference
at org.wikipedia.uiautomator_tests.Utils.Utils.openSearchFromArticle(Utils.java:48)
at org.wikipedia.uiautomator_tests.ArticleSearchTests.testSearchArticle_checkRecentsShown(ArticleSearchTests.java:52)
at java.lang.reflect.Method.invoke(Native Method)
at org.junit.runners.model.FrameworkMethod$1.runReflectiveCall(FrameworkMethod.java:50)
at org.junit.internal.runners.model.ReflectiveCallable.run(ReflectiveCallable.java:12)
at org.junit.runners.model.FrameworkMethod.invokeExplosively(FrameworkMethod.java:47)
at org.junit.internal.runners.statements.InvokeMethod.evaluate(InvokeMethod.java:17)
at org.junit.internal.runners.statements.FailOnTimeout$CallableStatement.call(FailOnTimeout.java:298)
at org.junit.internal.runners.statements.FailOnTimeout$CallableStatement.call(FailOnTimeout.java:292)
at java.util.concurrent.FutureTask.run(FutureTask.java:237)
at java.lang.Thread.run(Thread.java:818)
</failure>
  </testcase>
  <testcase name="testSearchArticle_checkTitleShown" classname="org.wikipedia.uiautomator_tests.ArticleSearchTests" time="8.889" />
  <testcase name="testScrollingToC_clickSubHeading" classname="org.wikipedia.uiautomator_tests.ArticleTests" time="15.275" />
  <testcase name="testHistory" classname="org.wikipedia.uiautomator_tests.HistoryTests" time="40.233" />
  <testcase name="testChangeLanguageInSearch" classname="org.wikipedia.uiautomator_tests.LanguageTests" time="35.24" />
  <testcase name="testChangeLanguageInArticle" classname="org.wikipedia.uiautomator_tests.LanguageTests" time="13.135">
    <failure>java.lang.NullPointerException: Attempt to invoke virtual method 'void android.support.test.uiautomator.UiObject2.setText(java.lang.String)' on a null object reference
at org.wikipedia.uiautomator_tests.Utils.Utils.searchAndOpenArticleWithName(Utils.java:55)
at org.wikipedia.uiautomator_tests.LanguageTests.testChangeLanguageInArticle(LanguageTests.java:39)
at java.lang.reflect.Method.invoke(Native Method)
at org.junit.runners.model.FrameworkMethod$1.runReflectiveCall(FrameworkMethod.java:50)
at org.junit.internal.runners.model.ReflectiveCallable.run(ReflectiveCallable.java:12)
at org.junit.runners.model.FrameworkMethod.invokeExplosively(FrameworkMethod.java:47)
at org.junit.internal.runners.statements.InvokeMethod.evaluate(InvokeMethod.java:17)
at org.junit.internal.runners.statements.FailOnTimeout$CallableStatement.call(FailOnTimeout.java:298)
at org.junit.internal.runners.statements.FailOnTimeout$CallableStatement.call(FailOnTimeout.java:292)
at java.util.concurrent.FutureTask.run(FutureTask.java:237)
at java.lang.Thread.run(Thread.java:818)
</failure>
  </testcase>
  <testcase name="testAddArticleToReadingList" classname="org.wikipedia.uiautomator_tests.ReadingListTests" time="19.02">
    <failure>android.support.test.uiautomator.StaleObjectException
at android.support.test.uiautomator.UiObject2.getAccessibilityNodeInfo(UiObject2.java:629)
at android.support.test.uiautomator.UiObject2.getVisibleBounds(UiObject2.java:210)
at android.support.test.uiautomator.UiObject2.getVisibleCenter(UiObject2.java:251)
at android.support.test.uiautomator.UiObject2.click(UiObject2.java:343)
at org.wikipedia.uiautomator_tests.ReadingListTests.testAddArticleToReadingList(ReadingListTests.java:70)
at java.lang.reflect.Method.invoke(Native Method)
at org.junit.runners.model.FrameworkMethod$1.runReflectiveCall(FrameworkMethod.java:50)
at org.junit.internal.runners.model.ReflectiveCallable.run(ReflectiveCallable.java:12)
at org.junit.runners.model.FrameworkMethod.invokeExplosively(FrameworkMethod.java:47)
at org.junit.internal.runners.statements.InvokeMethod.evaluate(InvokeMethod.java:17)
at org.junit.internal.runners.statements.FailOnTimeout$CallableStatement.call(FailOnTimeout.java:298)
at org.junit.internal.runners.statements.FailOnTimeout$CallableStatement.call(FailOnTimeout.java:292)
at java.util.concurrent.FutureTask.run(FutureTask.java:237)
at java.lang.Thread.run(Thread.java:818)
</failure>
  </testcase>
  <testcase name="testOpenToC_rotatePhone" classname="org.wikipedia.uiautomator_tests.RotationTests" time="12.274" />
  <testcase name="testOpenMultipleTabs" classname="org.wikipedia.uiautomator_tests.TabTests" time="33.719" />
</testsuite>