<?xml version="1.0" encoding="UTF-8"?>
<testsuite name="com.nononsenseapps.appium.NotesTest" tests="13" skipped="2" failures="0" errors="0" timestamp="2016-09-06T14:05:16" hostname="TOL025031" time="582.126">
  <properties/>
  <testcase name="testAddBigNumberOfNotesScrollDownAndDeleteOne" classname="com.nononsenseapps.appium.NotesTest" time="0.0">
    <skipped/>
  </testcase>
  <testcase name="testCreateNoteAndDeleteIt" classname="com.nononsenseapps.appium.NotesTest" time="37.96"/>
  <testcase name="testAddTaskListAndRotateScreen" classname="com.nononsenseapps.appium.NotesTest" time="34.799"/>
  <testcase name="testCreateTaskListAndDeleteIt" classname="com.nononsenseapps.appium.NotesTest" time="37.227"/>
  <testcase name="testAddNotesOrderByDueDate" classname="com.nononsenseapps.appium.NotesTest" time="0.0">
    <skipped/>
  </testcase>
  <testcase name="testAddTaskListCheckItIsAddedToDrawer" classname="com.nononsenseapps.appium.NotesTest" time="33.358"/>
  <testcase name="testAddNewNoteShouldShowNameInNotesScreen" classname="com.nononsenseapps.appium.NotesTest" time="33.434"/>
  <testcase name="testAddNotesAndRotateScreen" classname="com.nononsenseapps.appium.NotesTest" time="59.146"/>
  <testcase name="testAddNoteToTaskList" classname="com.nononsenseapps.appium.NotesTest" time="44.217"/>
  <testcase name="testCompletedTasksAreCleared" classname="com.nononsenseapps.appium.NotesTest" time="62.765"/>
  <testcase name="testAddTaskListsScrollNavigationDrawer" classname="com.nononsenseapps.appium.NotesTest" time="156.476"/>
  <testcase name="testAddNewNoteWithDueDateCheckDateIsVisible" classname="com.nononsenseapps.appium.NotesTest" time="39.107"/>
  <testcase name="testAddNewNoteWithReminderDateAndTime" classname="com.nononsenseapps.appium.NotesTest" time="43.635"/>
  <system-out><![CDATA[]]></system-out>
  <system-err><![CDATA[]]></system-err>
</testsuite>
