<?xml version="1.0" encoding="UTF-8"?>
<testsuite name="com.amaze.filemanager.test.TestClasses.EditBookmarksTests" tests="1" skipped="0" failures="0" errors="0" timestamp="2016-09-07T00:56:02" hostname="TOL025031" time="40.044">
  <properties/>
  <testcase name="editBookmarkTest" classname="com.amaze.filemanager.test.TestClasses.EditBookmarksTests" time="40.044"/>
  <system-out><![CDATA[]]></system-out>
  <system-err><![CDATA[]]></system-err>
</testsuite>
