<?xml version="1.0" encoding="UTF-8"?>
<testsuite name="com.amaze.filemanager.test.TestClasses.MainFragmentRotationTests" tests="1" skipped="0" failures="0" errors="0" timestamp="2016-08-26T07:17:30" hostname="TOL025031" time="49.84">
  <properties/>
  <testcase name="testRotateMainFragment" classname="com.amaze.filemanager.test.TestClasses.MainFragmentRotationTests" time="49.84"/>
  <system-out><![CDATA[]]></system-out>
  <system-err><![CDATA[]]></system-err>
</testsuite>
