<?xml version="1.0" encoding="UTF-8"?>
<testsuite name="com.amaze.filemanager.test.TestClasses.DrawerRotationTests" tests="1" skipped="0" failures="0" errors="0" timestamp="2016-10-09T10:45:57" hostname="TOL025031" time="18.274">
  <properties/>
  <testcase name="testDrawerOpenRotateScreen" classname="com.amaze.filemanager.test.TestClasses.DrawerRotationTests" time="18.274"/>
  <system-out><![CDATA[]]></system-out>
  <system-err><![CDATA[]]></system-err>
</testsuite>
