<?xml version="1.0" encoding="UTF-8"?>
<testsuite name="com.amaze.filemanager.test.TestClasses.EditBookmarksTests" tests="1" skipped="0" failures="0" errors="0" timestamp="2016-10-09T11:58:47" hostname="TOL025031" time="36.936">
  <properties/>
  <testcase name="editBookmarkTest" classname="com.amaze.filemanager.test.TestClasses.EditBookmarksTests" time="36.936"/>
  <system-out><![CDATA[]]></system-out>
  <system-err><![CDATA[]]></system-err>
</testsuite>
