<?xml version="1.0" encoding="UTF-8"?>
<testsuite name="com.amaze.filemanager.test.TestClasses.FileAndFolderManipulationTests" tests="3" skipped="0" failures="0" errors="0" timestamp="2016-10-09T11:13:08" hostname="TOL025031" time="138.62">
  <properties/>
  <testcase name="testCopyFileToAnotherFolder" classname="com.amaze.filemanager.test.TestClasses.FileAndFolderManipulationTests" time="60.934"/>
  <testcase name="testCreateNewFileAndDeleteIt" classname="com.amaze.filemanager.test.TestClasses.FileAndFolderManipulationTests" time="38.873"/>
  <testcase name="testCreateNewFolderAndDeleteIt" classname="com.amaze.filemanager.test.TestClasses.FileAndFolderManipulationTests" time="38.813"/>
  <system-out><![CDATA[]]></system-out>
  <system-err><![CDATA[]]></system-err>
</testsuite>
