<?xml version="1.0" encoding="UTF-8"?>
<testsuite name="com.amaze.filemanager.test.TestClasses.BookMarkTests" tests="1" skipped="0" failures="0" errors="0" timestamp="2016-09-10T15:35:46" hostname="TOL025031" time="31.357">
  <properties/>
  <testcase name="testBookMarking" classname="com.amaze.filemanager.test.TestClasses.BookMarkTests" time="31.357"/>
  <system-out><![CDATA[]]></system-out>
  <system-err><![CDATA[]]></system-err>
</testsuite>
