<?xml version="1.0" encoding="UTF-8"?>
<testsuite name="com.amaze.filemanager.test.TestClasses.SetHomeTest" tests="1" skipped="0" failures="0" errors="0" timestamp="2016-08-25T06:50:57" hostname="TOL025031" time="34.735">
  <properties/>
  <testcase name="testSetHome" classname="com.amaze.filemanager.test.TestClasses.SetHomeTest" time="34.735"/>
  <system-out><![CDATA[]]></system-out>
  <system-err><![CDATA[]]></system-err>
</testsuite>
