<?xml version="1.0" encoding="UTF-8"?>
<testsuite name="org.wikipedia.appium.ArticleTests" tests="1" skipped="0" failures="0" errors="0" timestamp="2016-10-21T18:26:32" hostname="TOL025031" time="47.671">
  <properties/>
  <testcase name="testScrollingToC_clickSubHeading" classname="org.wikipedia.appium.ArticleTests" time="47.671"/>
  <system-out><![CDATA[]]></system-out>
  <system-err><![CDATA[]]></system-err>
</testsuite>
