<?xml version='1.0' encoding='UTF-8' ?>
<testsuite name="org.wikipedia.espresso_test.ArticleTests" tests="6" failures="0" errors="0" skipped="0" time="44.588" timestamp="2016-10-17T23:08:40" hostname="localhost">
  <properties>
    <property name="device" value="Nexus 5X - 6.0" />
    <property name="flavor" value="ALPHA" />
    <property name="project" value="app" />
  </properties>
  <testcase name="testClickLink_partialText_assertPreviewShown" classname="org.wikipedia.espresso_test.ArticleTests" time="8.234" />
  <testcase name="testOpeningAndClosingReferences" classname="org.wikipedia.espresso_test.ArticleTests" time="7.973" />
  <testcase name="testClickLink_fullText_assertPreviewShown" classname="org.wikipedia.espresso_test.ArticleTests" time="5.709" />
  <testcase name="testTableOfContents_checkSubTitles" classname="org.wikipedia.espresso_test.ArticleTests" time="6.46" />
  <testcase name="testOpenTab_rotatePhone" classname="org.wikipedia.espresso_test.RotationTests" time="8.225" />
  <testcase name="testOpenArticleInNewTab" classname="org.wikipedia.espresso_test.TabTests" time="7.778" />
</testsuite>