<?xml version="1.0" encoding="UTF-8"?>
<testsuite name="org.wikipedia.appium.RotationTests" tests="1" skipped="0" failures="0" errors="0" timestamp="2016-10-21T23:23:02" hostname="TOL025031" time="45.23">
  <properties/>
  <testcase name="testOpenToC_rotatePhone" classname="org.wikipedia.appium.RotationTests" time="45.23"/>
  <system-out><![CDATA[]]></system-out>
  <system-err><![CDATA[]]></system-err>
</testsuite>
