<?xml version="1.0" encoding="UTF-8"?>
<testsuite name="org.wikipedia.appium.RotationTests" tests="1" skipped="0" failures="0" errors="0" timestamp="2016-10-06T17:05:43" hostname="TOL025031" time="41.069">
  <properties/>
  <testcase name="testOpenTab_rotatePhone" classname="org.wikipedia.appium.RotationTests" time="41.069"/>
  <system-out><![CDATA[]]></system-out>
  <system-err><![CDATA[]]></system-err>
</testsuite>
