<?xml version='1.0' encoding='UTF-8' ?>
<testsuite name="com.amaze.filemanager.test.TestClasses.BookMarkTests" tests="11" failures="0" errors="0" skipped="1" time="100.981" timestamp="2016-10-14T07:47:13" hostname="localhost">
  <properties>
    <property name="device" value="Nexus 5X - 6.0" />
    <property name="flavor" value="PLAY" />
    <property name="project" value="AmazeFileManager" />
  </properties>
  <testcase name="testBookmarking" classname="com.amaze.filemanager.test.TestClasses.BookMarkTests" time="3.88" />
  <testcase name="testDrawerOpenRotateScreen" classname="com.amaze.filemanager.test.TestClasses.DrawerRotationTests" time="3.637" />
  <testcase name="testEditBookmark" classname="com.amaze.filemanager.test.TestClasses.EditBookmarkTests" time="7.649" />
  <testcase name="testCopyFileToAnotherFolder" classname="com.amaze.filemanager.test.TestClasses.FileAndFolderManipulationTests" time="24.214" />
  <testcase name="testCreateNewFileAndDeleteIt" classname="com.amaze.filemanager.test.TestClasses.FileAndFolderManipulationTests" time="11.895" />
  <testcase name="testCreateNewFolderAndDeleteIt" classname="com.amaze.filemanager.test.TestClasses.FileAndFolderManipulationTests" time="12.287" />
  <testcase name="testRotateMainFragment" classname="com.amaze.filemanager.test.TestClasses.MainFragmentRotationTests" time="14.11" />
  <testcase name="testSwipingBetweenTwoFolders" classname="com.amaze.filemanager.test.TestClasses.NavigationTests" time="9.59" />
  <testcase name="testGridVIew" classname="com.amaze.filemanager.test.TestClasses.NavigationTests" time="5.8" />
  <testcase name="testOpenFileCheckRecents" classname="com.amaze.filemanager.test.TestClasses.QuickAccessFileTests" time="0.0">
    <skipped />
  </testcase>
  <testcase name="testSetHome" classname="com.amaze.filemanager.test.TestClasses.SetHomeTest" time="7.66" />
</testsuite>