<?xml version="1.0" encoding="UTF-8"?>
<testsuite name="com.amaze.filemanager.test.TestClasses.BookMarkTests" tests="1" skipped="0" failures="0" errors="0" timestamp="2016-10-09T12:11:14" hostname="TOL025031" time="25.297">
  <properties/>
  <testcase name="testBookMarking" classname="com.amaze.filemanager.test.TestClasses.BookMarkTests" time="25.297"/>
  <system-out><![CDATA[]]></system-out>
  <system-err><![CDATA[]]></system-err>
</testsuite>
