<?xml version="1.0" encoding="UTF-8"?>
<testsuite name="org.wikipedia.appium.TabTests" tests="1" skipped="0" failures="0" errors="0" timestamp="2016-10-13T20:03:38" hostname="TOL025031" time="69.149">
  <properties/>
  <testcase name="testOpenMultipleTabs" classname="org.wikipedia.appium.TabTests" time="69.149"/>
  <system-out><![CDATA[]]></system-out>
  <system-err><![CDATA[]]></system-err>
</testsuite>
