<?xml version="1.0" encoding="UTF-8"?>
<testsuite name="org.wikipedia.appium.LanguageTests" tests="2" skipped="0" failures="0" errors="0" timestamp="2016-10-18T19:14:26" hostname="TOL025031" time="138.354">
  <properties/>
  <testcase name="testChangeLanguageInSearch" classname="org.wikipedia.appium.LanguageTests" time="71.293"/>
  <testcase name="testChangeLanguageInArticle" classname="org.wikipedia.appium.LanguageTests" time="67.06"/>
  <system-out><![CDATA[]]></system-out>
  <system-err><![CDATA[]]></system-err>
</testsuite>
