<?xml version='1.0' encoding='UTF-8' ?>
<testsuite name="org.wikipedia.uiautomator_tests.ArticleSearchTests" tests="9" failures="2" errors="0" skipped="0" time="292.13" timestamp="2016-10-06T22:33:36" hostname="localhost">
  <properties>
    <property name="device" value="Nexus 5X - 6.0" />
    <property name="flavor" value="ALPHA" />
    <property name="project" value="app" />
  </properties>
  <testcase name="testSearchArticle_checkRecentsShown" classname="org.wikipedia.uiautomator_tests.ArticleSearchTests" time="53.043">
    <failure>org.junit.runners.model.TestTimedOutException: test timed out after 50000 milliseconds
at java.lang.Object.wait(Native Method)
at java.lang.Object.wait(Object.java:423)
at android.app.UiAutomation.waitForIdle(UiAutomation.java:602)
at android.support.test.uiautomator.UiAutomatorBridge.waitForIdle(UiAutomatorBridge.java:112)
at android.support.test.uiautomator.UiDevice.waitForIdle(UiDevice.java:639)
at android.support.test.uiautomator.UiDevice.waitForIdle(UiDevice.java:629)
at android.support.test.uiautomator.UiObject2.getAccessibilityNodeInfo(UiObject2.java:624)
at android.support.test.uiautomator.UiObject2.getVisibleBounds(UiObject2.java:210)
at android.support.test.uiautomator.UiObject2.getVisibleCenter(UiObject2.java:251)
at android.support.test.uiautomator.UiObject2.click(UiObject2.java:343)
at org.wikipedia.uiautomator_tests.Utils.Utils.openSearchFromArticle(Utils.java:48)
at org.wikipedia.uiautomator_tests.ArticleSearchTests.testSearchArticle_checkRecentsShown(ArticleSearchTests.java:59)
at java.lang.reflect.Method.invoke(Native Method)
at org.junit.runners.model.FrameworkMethod$1.runReflectiveCall(FrameworkMethod.java:50)
at org.junit.internal.runners.model.ReflectiveCallable.run(ReflectiveCallable.java:12)
at org.junit.runners.model.FrameworkMethod.invokeExplosively(FrameworkMethod.java:47)
at org.junit.internal.runners.statements.InvokeMethod.evaluate(InvokeMethod.java:17)
at org.junit.internal.runners.statements.FailOnTimeout$CallableStatement.call(FailOnTimeout.java:298)
at org.junit.internal.runners.statements.FailOnTimeout$CallableStatement.call(FailOnTimeout.java:292)
at java.util.concurrent.FutureTask.run(FutureTask.java:237)
at java.lang.Thread.run(Thread.java:818)
</failure>
  </testcase>
  <testcase name="testSearchArticle_checkTitleShown" classname="org.wikipedia.uiautomator_tests.ArticleSearchTests" time="12.88" />
  <testcase name="testScrollingToC_clickSubHeading" classname="org.wikipedia.uiautomator_tests.ArticleTests" time="19.728" />
  <testcase name="testHistory" classname="org.wikipedia.uiautomator_tests.HistoryTests" time="52.821">
    <failure>org.junit.runners.model.TestTimedOutException: test timed out after 50000 milliseconds
at android.os.BinderProxy.transactNative(Native Method)
at android.os.BinderProxy.transact(Binder.java:503)
at android.accessibilityservice.IAccessibilityServiceConnection$Stub$Proxy.findAccessibilityNodeInfoByAccessibilityId(IAccessibilityServiceConnection.java:301)
at android.view.accessibility.AccessibilityInteractionClient.findAccessibilityNodeInfoByAccessibilityId(AccessibilityInteractionClient.java:290)
at android.view.accessibility.AccessibilityNodeInfo.getChild(AccessibilityNodeInfo.java:831)
at android.support.test.uiautomator.ByMatcher.findMatches(ByMatcher.java:161)
at android.support.test.uiautomator.ByMatcher.findMatches(ByMatcher.java:172)
at android.support.test.uiautomator.ByMatcher.findMatches(ByMatcher.java:172)
at android.support.test.uiautomator.ByMatcher.findMatches(ByMatcher.java:172)
at android.support.test.uiautomator.ByMatcher.findMatches(ByMatcher.java:172)
at android.support.test.uiautomator.ByMatcher.findMatches(ByMatcher.java:172)
at android.support.test.uiautomator.ByMatcher.findMatches(ByMatcher.java:172)
at android.support.test.uiautomator.ByMatcher.findMatches(ByMatcher.java:172)
at android.support.test.uiautomator.ByMatcher.findMatches(ByMatcher.java:172)
at android.support.test.uiautomator.ByMatcher.findMatches(ByMatcher.java:172)
at android.support.test.uiautomator.ByMatcher.findMatches(ByMatcher.java:172)
at android.support.test.uiautomator.ByMatcher.findMatches(ByMatcher.java:172)
at android.support.test.uiautomator.ByMatcher.findMatches(ByMatcher.java:172)
at android.support.test.uiautomator.ByMatcher.findMatches(ByMatcher.java:172)
at android.support.test.uiautomator.ByMatcher.findMatches(ByMatcher.java:111)
at android.support.test.uiautomator.ByMatcher.findMatch(ByMatcher.java:72)
at android.support.test.uiautomator.UiDevice.findObject(UiDevice.java:164)
at org.wikipedia.uiautomator_tests.HistoryTests.testHistory(HistoryTests.java:46)
at java.lang.reflect.Method.invoke(Native Method)
at org.junit.runners.model.FrameworkMethod$1.runReflectiveCall(FrameworkMethod.java:50)
at org.junit.internal.runners.model.ReflectiveCallable.run(ReflectiveCallable.java:12)
at org.junit.runners.model.FrameworkMethod.invokeExplosively(FrameworkMethod.java:47)
at org.junit.internal.runners.statements.InvokeMethod.evaluate(InvokeMethod.java:17)
at org.junit.internal.runners.statements.FailOnTimeout$CallableStatement.call(FailOnTimeout.java:298)
at org.junit.internal.runners.statements.FailOnTimeout$CallableStatement.call(FailOnTimeout.java:292)
at java.util.concurrent.FutureTask.run(FutureTask.java:237)
at java.lang.Thread.run(Thread.java:818)
</failure>
  </testcase>
  <testcase name="testChangeLanguageInSearch" classname="org.wikipedia.uiautomator_tests.LanguageTests" time="41.442" />
  <testcase name="testChangeLanguageInArticle" classname="org.wikipedia.uiautomator_tests.LanguageTests" time="32.594" />
  <testcase name="testAddArticleToReadingList" classname="org.wikipedia.uiautomator_tests.ReadingListTests" time="24.547" />
  <testcase name="testOpenToC_rotatePhone" classname="org.wikipedia.uiautomator_tests.RotationTests" time="15.683" />
  <testcase name="testOpenMultipleTabs" classname="org.wikipedia.uiautomator_tests.TabTests" time="38.796" />
</testsuite>