<?xml version='1.0' encoding='UTF-8' ?>
<testsuite name="org.wikipedia.uiautomator_tests.ArticleSearchTests" tests="9" failures="0" errors="0" skipped="0" time="198.213" timestamp="2016-10-29T14:05:53" hostname="localhost">
  <properties>
    <property name="device" value="Nexus 5X - 6.0" />
    <property name="flavor" value="ALPHA" />
    <property name="project" value="app" />
  </properties>
  <testcase name="testSearchArticle_checkRecentsShown" classname="org.wikipedia.uiautomator_tests.ArticleSearchTests" time="31.99" />
  <testcase name="testSearchArticle_checkTitleShown" classname="org.wikipedia.uiautomator_tests.ArticleSearchTests" time="8.718" />
  <testcase name="testScrollingToC_clickSubHeading" classname="org.wikipedia.uiautomator_tests.ArticleTests" time="16.181" />
  <testcase name="testHistory" classname="org.wikipedia.uiautomator_tests.HistoryTests" time="37.377" />
  <testcase name="testChangeLanguageInSearch" classname="org.wikipedia.uiautomator_tests.LanguageTests" time="21.369" />
  <testcase name="testChangeLanguageInArticle" classname="org.wikipedia.uiautomator_tests.LanguageTests" time="18.589" />
  <testcase name="testAddArticleToReadingList" classname="org.wikipedia.uiautomator_tests.ReadingListTests" time="20.672" />
  <testcase name="testOpenToC_rotatePhone" classname="org.wikipedia.uiautomator_tests.RotationTests" time="13.85" />
  <testcase name="testOpenMultipleTabs" classname="org.wikipedia.uiautomator_tests.TabTests" time="29.154" />
</testsuite>