<?xml version="1.0" encoding="UTF-8"?>
<testsuite name="org.wikipedia.appium.HistoryTests" tests="1" skipped="0" failures="0" errors="0" timestamp="2016-10-18T08:18:46" hostname="TOL025031" time="98.809">
  <properties/>
  <testcase name="testHistory" classname="org.wikipedia.appium.HistoryTests" time="98.809"/>
  <system-out><![CDATA[]]></system-out>
  <system-err><![CDATA[]]></system-err>
</testsuite>
