<?xml version="1.0" encoding="UTF-8"?>
<testsuite name="org.wikipedia.appium.RotationTests" tests="2" skipped="0" failures="0" errors="0" timestamp="2016-09-13T19:00:48" hostname="TOL025031" time="95.653">
  <properties/>
  <testcase name="testOpenToC_rotatePhone" classname="org.wikipedia.appium.RotationTests" time="42.984"/>
  <testcase name="testOpenTab_rotatePhone" classname="org.wikipedia.appium.RotationTests" time="52.668"/>
  <system-out><![CDATA[]]></system-out>
  <system-err><![CDATA[]]></system-err>
</testsuite>
