<?xml version='1.0' encoding='UTF-8' ?>
<testsuite name="org.wikipedia.espresso_test.ArticleTests" tests="6" failures="0" errors="0" skipped="0" time="55.335" timestamp="2016-09-21T08:08:20" hostname="localhost">
  <properties>
    <property name="device" value="Nexus 5X - 6.0" />
    <property name="flavor" value="ALPHA" />
    <property name="project" value="app" />
  </properties>
  <testcase name="testClickLink_partialText_assertPreviewShown" classname="org.wikipedia.espresso_test.ArticleTests" time="15.043" />
  <testcase name="testOpeningAndClosingReferences" classname="org.wikipedia.espresso_test.ArticleTests" time="8.38" />
  <testcase name="testClickLink_fullText_assertPreviewShown" classname="org.wikipedia.espresso_test.ArticleTests" time="6.278" />
  <testcase name="testTableOfContents_checkSubTitles" classname="org.wikipedia.espresso_test.ArticleTests" time="7.386" />
  <testcase name="testOpenTab_rotatePhone" classname="org.wikipedia.espresso_test.RotationTests" time="9.107" />
  <testcase name="testOpenArticleInNewTab" classname="org.wikipedia.espresso_test.TabTests" time="9.114" />
</testsuite>