<?xml version='1.0' encoding='UTF-8' ?>
<testsuite name="com.nononsenseapps.notepad.test.uiautomator_faulty_tests.uiautomator_FaultyTests" tests="18" failures="0" errors="0" skipped="7" time="174.979" timestamp="2016-09-02T07:42:02" hostname="localhost">
  <properties>
    <property name="device" value="Nexus 5X - 6.0" />
    <property name="flavor" value="FREE" />
    <property name="project" value="app" />
  </properties>
  <testcase name="testSearchForElementWithFaultyID" classname="com.nononsenseapps.notepad.test.uiautomator_faulty_tests.uiautomator_FaultyTests" time="0.0">
    <skipped />
  </testcase>
  <testcase name="testAddNewNoteSearchForFaultyNoteName" classname="com.nononsenseapps.notepad.test.uiautomator_faulty_tests.uiautomator_FaultyTests" time="0.0">
    <skipped />
  </testcase>
  <testcase name="testSearchForElementWithIDShouldFailOnView" classname="com.nononsenseapps.notepad.test.uiautomator_faulty_tests.uiautomator_FaultyTests" time="0.0">
    <skipped />
  </testcase>
  <testcase name="testSearchForElementWithTextShouldFailOnView" classname="com.nononsenseapps.notepad.test.uiautomator_faulty_tests.uiautomator_FaultyTests" time="0.0">
    <skipped />
  </testcase>
  <testcase name="testSearchForElementWithAmbiguousIdentifier" classname="com.nononsenseapps.notepad.test.uiautomator_faulty_tests.uiautomator_FaultyTests" time="0.0">
    <skipped />
  </testcase>
  <testcase name="testAddBigNumberOfNotesScrollDownAndDeleteOne" classname="com.nononsenseapps.notepad.test.uiautomator_tests.uiautomator_TestAddBigNumberOfNotesScrollDownAndDeleteOne" time="0.0">
    <skipped />
  </testcase>
  <testcase name="testAddNewNoteShouldShowNameInNotesScreen" classname="com.nononsenseapps.notepad.test.uiautomator_tests.uiautomator_TestAddNewNoteShouldShowNameInNotesScreen" time="7.433" />
  <testcase name="testAddNewNoteWithDueDateCheckDateIsVisible" classname="com.nononsenseapps.notepad.test.uiautomator_tests.uiautomator_TestAddNewNoteWithDueDateCheckDateIsVisible" time="10.907" />
  <testcase name="testAddNewNoteWithReminderDateAndTime" classname="com.nononsenseapps.notepad.test.uiautomator_tests.uiautomator_TestAddNewNoteWithReminderDateAndTime" time="11.625" />
  <testcase name="testAddNoteToTaskList" classname="com.nononsenseapps.notepad.test.uiautomator_tests.uiautomator_TestAddNoteToTaskList" time="11.008" />
  <testcase name="testAddNotesAndRotateScreen" classname="com.nononsenseapps.notepad.test.uiautomator_tests.uiautomator_TestAddNotesAndRotateScreen" time="16.574" />
  <testcase name="testAddNotesOrderByDueDate" classname="com.nononsenseapps.notepad.test.uiautomator_tests.uiautomator_TestAddNotesOrderByDueDate" time="0.001">
    <skipped />
  </testcase>
  <testcase name="testAddTaskListAndRotateScreen" classname="com.nononsenseapps.notepad.test.uiautomator_tests.uiautomator_TestAddTaskListAndRotateScreen" time="6.747" />
  <testcase name="testAddTaskListCheckItIsAddedToDrawer" classname="com.nononsenseapps.notepad.test.uiautomator_tests.uiautomator_TestAddTaskListCheckItIsAddedToDrawer" time="5.896" />
  <testcase name="testAddTaskListsScrollNavigationDrawer" classname="com.nononsenseapps.notepad.test.uiautomator_tests.uiautomator_TestAddTaskListsScrollNavigationDrawer" time="63.872" />
  <testcase name="testCompletedTasksAreCleared" classname="com.nononsenseapps.notepad.test.uiautomator_tests.uiautomator_TestCompletedTasksAreCleared" time="24.116" />
  <testcase name="testCreateNoteAndDeleteIt" classname="com.nononsenseapps.notepad.test.uiautomator_tests.uiautomator_TestCreateNoteAndDeleteIt" time="8.665" />
  <testcase name="testCreateTaskListAndDeleteIt" classname="com.nononsenseapps.notepad.test.uiautomator_tests.uiautomator_TestCreateTaskListAndDeleteIt" time="7.836" />
</testsuite>