<?xml version="1.0" encoding="UTF-8"?>
<testsuite name="org.wikipedia.appium.ReadingListTests" tests="1" skipped="0" failures="0" errors="0" timestamp="2016-09-17T16:11:30" hostname="TOL025031" time="64.641">
  <properties/>
  <testcase name="testAddArticleToReadingList" classname="org.wikipedia.appium.ReadingListTests" time="64.641"/>
  <system-out><![CDATA[]]></system-out>
  <system-err><![CDATA[]]></system-err>
</testsuite>
