<?xml version="1.0" encoding="UTF-8"?>
<testsuite name="org.wikipedia.appium.HistoryTests" tests="1" skipped="0" failures="0" errors="0" timestamp="2016-10-21T20:55:12" hostname="TOL025031" time="148.558">
  <properties/>
  <testcase name="testHistory" classname="org.wikipedia.appium.HistoryTests" time="148.558"/>
  <system-out><![CDATA[]]></system-out>
  <system-err><![CDATA[]]></system-err>
</testsuite>
