<?xml version="1.0" encoding="UTF-8"?>
<testsuite name="org.wikipedia.appium.HistoryTests" tests="1" skipped="0" failures="0" errors="0" timestamp="2016-09-20T23:51:27" hostname="TOL025031" time="125.18">
  <properties/>
  <testcase name="testHistory" classname="org.wikipedia.appium.HistoryTests" time="125.18"/>
  <system-out><![CDATA[]]></system-out>
  <system-err><![CDATA[]]></system-err>
</testsuite>
