<?xml version="1.0" encoding="UTF-8"?>
<testsuite name="org.wikipedia.appium.LanguageTests" tests="2" skipped="0" failures="0" errors="0" timestamp="2016-10-21T17:19:49" hostname="TOL025031" time="150.828">
  <properties/>
  <testcase name="testChangeLanguageInSearch" classname="org.wikipedia.appium.LanguageTests" time="86.761"/>
  <testcase name="testChangeLanguageInArticle" classname="org.wikipedia.appium.LanguageTests" time="64.051"/>
  <system-out><![CDATA[]]></system-out>
  <system-err><![CDATA[]]></system-err>
</testsuite>
