<?xml version="1.0" encoding="UTF-8"?>
<testsuite name="com.nononsenseapps.appium.NotesTest" tests="13" skipped="2" failures="0" errors="0" timestamp="2016-09-27T22:02:03" hostname="TOL025031" time="622.339">
  <properties/>
  <testcase name="testAddBigNumberOfNotesScrollDownAndDeleteOne" classname="com.nononsenseapps.appium.NotesTest" time="0.0">
    <skipped/>
  </testcase>
  <testcase name="testCreateNoteAndDeleteIt" classname="com.nononsenseapps.appium.NotesTest" time="37.456"/>
  <testcase name="testAddTaskListAndRotateScreen" classname="com.nononsenseapps.appium.NotesTest" time="35.12"/>
  <testcase name="testCreateTaskListAndDeleteIt" classname="com.nononsenseapps.appium.NotesTest" time="36.721"/>
  <testcase name="testAddNotesOrderByDueDate" classname="com.nononsenseapps.appium.NotesTest" time="0.001">
    <skipped/>
  </testcase>
  <testcase name="testAddTaskListCheckItIsAddedToDrawer" classname="com.nononsenseapps.appium.NotesTest" time="33.752"/>
  <testcase name="testAddNewNoteShouldShowNameInNotesScreen" classname="com.nononsenseapps.appium.NotesTest" time="33.905"/>
  <testcase name="testAddNotesAndRotateScreen" classname="com.nononsenseapps.appium.NotesTest" time="63.766"/>
  <testcase name="testAddNoteToTaskList" classname="com.nononsenseapps.appium.NotesTest" time="45.943"/>
  <testcase name="testCompletedTasksAreCleared" classname="com.nononsenseapps.appium.NotesTest" time="67.39"/>
  <testcase name="testAddTaskListsScrollNavigationDrawer" classname="com.nononsenseapps.appium.NotesTest" time="186.052"/>
  <testcase name="testAddNewNoteWithDueDateCheckDateIsVisible" classname="com.nononsenseapps.appium.NotesTest" time="39.05"/>
  <testcase name="testAddNewNoteWithReminderDateAndTime" classname="com.nononsenseapps.appium.NotesTest" time="43.181"/>
  <system-out><![CDATA[]]></system-out>
  <system-err><![CDATA[]]></system-err>
</testsuite>
